#
# A fatal error has been detected by the Java Runtime Environment:
#
#  SIGSEGV (0xb) at pc=0x00000001286176b1, pid=875, tid=0x0000000000000307
#
# JRE version: Java(TM) SE Runtime Environment (8.0_101-b13) (build 1.8.0_101-b13)
# Java VM: Java HotSpot(TM) 64-Bit Server VM (25.101-b13 mixed mode bsd-amd64 compressed oops)
# Problematic frame:
# C  [libjfxwebkit.dylib+0x103e6b1]  _ZN3JSCL8getByValEPNS_9ExecStateENS_7JSValueES2_NS_16ReturnAddressPtrE+0x41
#
# Failed to write core dump. Core dumps have been disabled. To enable core dumping, try "ulimit -c unlimited" before starting Java again
#
# If you would like to submit a bug report, please visit:
#   http://bugreport.java.com/bugreport/crash.jsp
# The crash happened outside the Java Virtual Machine in native code.
# See problematic frame for where to report the bug.
#

---------------  T H R E A D  ---------------

Current thread (0x00007fa35015d800):  JavaThread "JavaFX Application Thread" [_thread_in_native, id=775, stack(0x00007ffeee299000,0x00007ffeeea99000)]

siginfo: si_signo: 11 (SIGSEGV), si_code: 1 (SEGV_MAPERR), si_addr: 0x0000000100000000

Registers:
RAX=0x000000010c365920, RBX=0x0000000128618f20, RCX=0x00004897c20de03f, RDX=0xffff000000000002
RSP=0x00007ffeeea90650, RBP=0x00007ffeeea906f0, RSI=0x000000010c365920, RDI=0x00007ffeeea90760
R8 =0x0000000120928630, R9 =0x0000000000000000, R10=0x00000001226f3170, R11=0x0000000128617640
R12=0x000000010c365920, R13=0x0000000100000000, R14=0xffff000000000000, R15=0x00007ffeeea90760
RIP=0x00000001286176b1, EFLAGS=0x0000000000010246, ERR=0x0000000000000004
  TRAPNO=0x000000000000000e

Top of Stack: (sp=0x00007ffeeea90650)
0x00007ffeeea90650:   ffff000000000000 0000000100000000
0x00007ffeeea90660:   000000010c365920 ffff000000000000
0x00007ffeeea90670:   00007ffeeea90760 00004897c233692a
0x00007ffeeea90680:   00007fa358732350 0000000000000002
0x00007ffeeea90690:   ffff000000000000 ffff000000000002
0x00007ffeeea906a0:   00007ffeeea90760 00004897c201a1a7
0x00007ffeeea906b0:   00007fa35728c200 0000000120928630
0x00007ffeeea906c0:   0000000120dd8270 0000000128618f20
0x00007ffeeea906d0:   0000000000000062 0000000000000002
0x00007ffeeea906e0:   ffff000000000000 ffff000000000002
0x00007ffeeea906f0:   00007ffeeea90760 00004897c20de03f
0x00007ffeeea90700:   000000000000000a 000000000000000a
0x00007ffeeea90710:   000000000000000a 000000000000000a
0x00007ffeeea90720:   000000000000000a 000000000000000a
0x00007ffeeea90730:   000000000000000a 000000000000000a
0x00007ffeeea90740:   000000000000000a 000000000000000a
0x00007ffeeea90750:   000000000000000a 000000000000000a
0x00007ffeeea90760:   00007ffeeea907e0 00004897c2001a3a
0x00007ffeeea90770:   00007fa358af1a50 0000000120a07b70
0x00007ffeeea90780:   00000001237b28b0 0000007100000003
0x00007ffeeea90790:   000000010c23d570 000000010c365920
0x00007ffeeea907a0:   0000000100000000 000000000000000a
0x00007ffeeea907b0:   0000000128643bd5 00000001237b28b0
0x00007ffeeea907c0:   000000010c36c3d0 000000000000000a
0x00007ffeeea907d0:   000000012097ecf0 0000000120928630
0x00007ffeeea907e0:   00007ffeeea90850 00004897c2001a3a
0x00007ffeeea907f0:   00007fa35885b690 0000000120928630
0x00007ffeeea90800:   00000001246baaf0 0000004d00000003
0x00007ffeeea90810:   0000000125be5df0 000000010c365920
0x00007ffeeea90820:   000000012097ecf0 000000000000000a
0x00007ffeeea90830:   0000000128643bd5 000000012a5dd1c0
0x00007ffeeea90840:   00000001246baaf0 000000012097ecf0 

Instructions: (pc=0x00000001286176b1)
0x0000000128617691:   4c 89 ad 68 ff ff ff 4c 89 e0 4c 09 e8 48 ba 02
0x00000001286176a1:   00 00 00 00 00 ff ff 48 85 c2 0f 85 14 01 00 00
0x00000001286176b1:   49 8b 45 00 80 78 5c 05 0f 85 06 01 00 00 48 c7
0x00000001286176c1:   c0 00 00 ff ff 49 23 47 18 48 8b 98 68 04 00 00 

Register to memory mapping:

RAX=0x000000010c365920 is an unknown value
RBX=0x0000000128618f20: operationOSRWriteBarrier+0 in /Library/Java/JavaVirtualMachines/jdk1.8.0_101.jdk/Contents/Home/jre/lib/libjfxwebkit.dylib at 0x00000001275d9000
RCX=0x00004897c20de03f is an unknown value
RDX=0xffff000000000002 is an unknown value
RSP=0x00007ffeeea90650 is pointing into the stack for thread: 0x00007fa35015d800
RBP=0x00007ffeeea906f0 is pointing into the stack for thread: 0x00007fa35015d800
RSI=0x000000010c365920 is an unknown value
RDI=0x00007ffeeea90760 is pointing into the stack for thread: 0x00007fa35015d800
R8 =0x0000000120928630 is an unknown value
R9 =0x0000000000000000 is an unknown value
R10=0x00000001226f3170 is an unknown value
R11=0x0000000128617640: operationGetByValGeneric+0 in /Library/Java/JavaVirtualMachines/jdk1.8.0_101.jdk/Contents/Home/jre/lib/libjfxwebkit.dylib at 0x00000001275d9000
R12=0x000000010c365920 is an unknown value
R13=0x0000000100000000 is an unknown value
R14=0xffff000000000000 is an unknown value
R15=0x00007ffeeea90760 is pointing into the stack for thread: 0x00007fa35015d800


Stack: [0x00007ffeee299000,0x00007ffeeea99000],  sp=0x00007ffeeea90650,  free space=8157k
Native frames: (J=compiled Java code, j=interpreted, Vv=VM code, C=native code)
C  [libjfxwebkit.dylib+0x103e6b1]  _ZN3JSCL8getByValEPNS_9ExecStateENS_7JSValueES2_NS_16ReturnAddressPtrE+0x41
C  0x00004897c20de03f
C  0x00004897c2001a3a
C  0x00004897c2001a3a
C  0x00004897c205fe12
C  0x00004897c210d3d4
C  [libjfxwebkit.dylib+0x106abd5]  llint_op_call+0xef
C  [libjfxwebkit.dylib+0x106ab6a]  llint_op_call+0x84
C  [libjfxwebkit.dylib+0x106abd5]  llint_op_call+0xef
C  [libjfxwebkit.dylib+0x106abd5]  llint_op_call+0xef
C  [libjfxwebkit.dylib+0x1065a37]  callToJavaScript+0x141
C  [libjfxwebkit.dylib+0x101f4e3]  _ZN3JSC7JITCode7executeEPNS_2VMEPNS_14ProtoCallFrameE+0x23
C  [libjfxwebkit.dylib+0xfdc089]  _ZN3JSC11Interpreter11executeCallEPNS_9ExecStateEPNS_8JSObjectENS_8CallTypeERKNS_8CallDataENS_7JSValueERKNS_7ArgListE+0x1b9
C  [libjfxwebkit.dylib+0x110bece]  _ZN3JSC4callEPNS_9ExecStateENS_7JSValueENS_8CallTypeERKNS_8CallDataES2_RKNS_7ArgListE+0x3e
C  [libjfxwebkit.dylib+0x1143879]  _ZN3JSC17boundFunctionCallEPNS_9ExecStateE+0x249
C  0x00004897c200103a
C  [libjfxwebkit.dylib+0x106abd5]  llint_op_call+0xef
C  [libjfxwebkit.dylib+0x1065a37]  callToJavaScript+0x141
C  [libjfxwebkit.dylib+0x101f4e3]  _ZN3JSC7JITCode7executeEPNS_2VMEPNS_14ProtoCallFrameE+0x23
C  [libjfxwebkit.dylib+0xfdc089]  _ZN3JSC11Interpreter11executeCallEPNS_9ExecStateEPNS_8JSObjectENS_8CallTypeERKNS_8CallDataENS_7JSValueERKNS_7ArgListE+0x1b9
C  [libjfxwebkit.dylib+0x110bece]  _ZN3JSC4callEPNS_9ExecStateENS_7JSValueENS_8CallTypeERKNS_8CallDataES2_RKNS_7ArgListE+0x3e
C  [libjfxwebkit.dylib+0x499b8c]  _ZN7WebCore21JSMainThreadExecState4callEPN3JSC9ExecStateENS1_7JSValueENS1_8CallTypeERKNS1_8CallDataES4_RKNS1_7ArgListE+0x1c
C  [libjfxwebkit.dylib+0x4b3b06]  _ZN7WebCore15JSEventListener11handleEventEPNS_22ScriptExecutionContextEPNS_5EventE+0x356
C  [libjfxwebkit.dylib+0x69758e]  _ZN7WebCore11EventTarget18fireEventListenersEPNS_5EventEPNS_15EventTargetDataERN3WTF6VectorINS_23RegisteredEventListenerELm1ENS5_15CrashOnOverflowEEE+0x25e
C  [libjfxwebkit.dylib+0x69711e]  _ZN7WebCore11EventTarget18fireEventListenersEPNS_5EventE+0xae
C  [libjfxwebkit.dylib+0x9a257a]  _ZN7WebCore9DOMWindow13dispatchEventEN3WTF10PassRefPtrINS_5EventEEENS2_INS_11EventTargetEEE+0x10a
C  [libjfxwebkit.dylib+0x93bb4d]  _ZN7WebCore11FrameLoader11stopLoadingENS_17UnloadEventPolicyE+0x2dd
C  [libjfxwebkit.dylib+0x9468bc]  _ZN7WebCore11FrameLoader16detachFromParentEv+0x4c
C  [libjfxwebkit.dylib+0x9408a5]  _ZN7WebCore11FrameLoader14detachChildrenEv+0xf5
C  [libjfxwebkit.dylib+0x94456a]  _ZN7WebCore11FrameLoader17setDocumentLoaderEPNS_14DocumentLoaderE+0x2a
C  [libjfxwebkit.dylib+0x944f10]  _ZN7WebCore11FrameLoader21transitionToCommittedEPNS_10CachedPageE+0xd0
C  [libjfxwebkit.dylib+0x94489f]  _ZN7WebCore11FrameLoader21commitProvisionalLoadEv+0x18f
C  [libjfxwebkit.dylib+0x92aec1]  _ZN7WebCore14DocumentLoader15finishedLoadingEd+0xb1
C  [libjfxwebkit.dylib+0x92ec10]  _ZN7WebCore14DocumentLoader14maybeLoadEmptyEv+0x250
C  [libjfxwebkit.dylib+0x92ee08]  _ZN7WebCore14DocumentLoader24startLoadingMainResourceEv+0x68
C  [libjfxwebkit.dylib+0x943581]  _ZN7WebCore11FrameLoader33continueLoadAfterNavigationPolicyERKNS_15ResourceRequestEN3WTF10PassRefPtrINS_9FormStateEEEb+0x391
C  [libjfxwebkit.dylib+0x94a539]  _ZNSt3__110__function6__funcIZN7WebCore11FrameLoader22loadWithDocumentLoaderEPNS2_14DocumentLoaderENS2_13FrameLoadTypeEN3WTF10PassRefPtrINS2_9FormStateEEEE3$_4NS_9allocatorISB_EEFvRKNS2_15ResourceRequestESA_bEEclESG_OSA_Ob+0x29
C  [libjfxwebkit.dylib+0x95acb1]  _ZN7WebCore13PolicyChecker21checkNavigationPolicyERKNS_15ResourceRequestEPNS_14DocumentLoaderEN3WTF10PassRefPtrINS_9FormStateEEENSt3__18functionIFvS3_S9_bEEE+0x281
C  [libjfxwebkit.dylib+0x942b2a]  _ZN7WebCore11FrameLoader22loadWithDocumentLoaderEPNS_14DocumentLoaderENS_13FrameLoadTypeEN3WTF10PassRefPtrINS_9FormStateEEE+0x40a
C  [libjfxwebkit.dylib+0x93fa0b]  _ZN7WebCore11FrameLoader4loadEPNS_14DocumentLoaderE+0xfb
C  [libjfxwebkit.dylib+0x942568]  _ZN7WebCore11FrameLoader4loadERKNS_16FrameLoadRequestE+0x378
C  [libjfxwebkit.dylib+0xa90944]  Java_com_sun_webkit_WebPage_twkOpen+0x104
j  com.sun.webkit.WebPage.twkOpen(JLjava/lang/String;)V+0
j  com.sun.webkit.WebPage.open(JLjava/lang/String;)V+106
j  javafx.scene.web.WebEngine.load(Ljava/lang/String;)V+96
j  VideoWeb.VideoWeb.cancel()V+16
j  Vistas.sample.VisorController$1.handle(Ljavafx/event/ActionEvent;)V+7
j  Vistas.sample.VisorController$1.handle(Ljavafx/event/Event;)V+5
j  com.sun.scenario.animation.shared.TimelineClipCore.visitKeyFrame(IJ)V+58
J 3796 C1 com.sun.scenario.animation.shared.TimelineClipCore.playTo(J)V (353 bytes) @ 0x0000000111b18554 [0x0000000111b18240+0x314]
J 3795 C1 javafx.animation.Timeline.impl_playTo(JJ)V (9 bytes) @ 0x0000000111b0261c [0x0000000111b02580+0x9c]
J 2031 C1 javafx.animation.AnimationAccessorImpl.playTo(Ljavafx/animation/Animation;JJ)V (8 bytes) @ 0x000000011161f30c [0x000000011161f200+0x10c]
J 5635 C1 com.sun.scenario.animation.shared.FiniteClipEnvelope.timePulse(J)V (372 bytes) @ 0x000000011189ffc4 [0x000000011189f9e0+0x5e4]
J 2032 C1 javafx.animation.Animation.impl_timePulse(J)V (60 bytes) @ 0x000000011161f924 [0x000000011161f6a0+0x284]
J 3113 C1 javafx.animation.Animation$1$$Lambda$233.run()Ljava/lang/Object; (12 bytes) @ 0x000000011197345c [0x0000000111973300+0x15c]
v  ~StubRoutines::call_stub
V  [libjvm.dylib+0x2ecf06]
V  [libjvm.dylib+0x34d69c]
J 1832  java.security.AccessController.doPrivileged(Ljava/security/PrivilegedAction;Ljava/security/AccessControlContext;)Ljava/lang/Object; (0 bytes) @ 0x00000001115add55 [0x00000001115adc80+0xd5]
J 2121 C1 javafx.animation.Animation$1.timePulse(J)V (56 bytes) @ 0x0000000111652afc [0x0000000111652300+0x7fc]
J 4164 C1 com.sun.scenario.animation.AbstractMasterTimer.timePulseImpl(J)V (157 bytes) @ 0x0000000111c04ed4 [0x0000000111c04d00+0x1d4]
J 3797 C1 com.sun.scenario.animation.AbstractMasterTimer$MainLoop.run()V (61 bytes) @ 0x0000000111b03b64 [0x0000000111b03860+0x304]
J 3131 C1 com.sun.javafx.tk.quantum.QuantumToolkit.pulse(Z)V (164 bytes) @ 0x00000001119861fc [0x0000000111985d40+0x4bc]
J 3148 C1 com.sun.javafx.tk.quantum.QuantumToolkit$$Lambda$41.run()V (8 bytes) @ 0x0000000111993a4c [0x0000000111993840+0x20c]
J 3490 C1 com.sun.glass.ui.InvokeLaterDispatcher$Future.run()V (91 bytes) @ 0x000000011123f994 [0x000000011123f880+0x114]
v  ~StubRoutines::call_stub
V  [libjvm.dylib+0x2ecf06]
V  [libjvm.dylib+0x324111]
V  [libjvm.dylib+0x3168df]
C  [libglass.dylib+0x459b]  -[GlassRunnable run]+0x6b
C  [Foundation+0x682b5]  __NSThreadPerformPerform+0x14e
C  [CoreFoundation+0xa3a11]  __CFRUNLOOP_IS_CALLING_OUT_TO_A_SOURCE0_PERFORM_FUNCTION__+0x11
C  [CoreFoundation+0x15d42c]  __CFRunLoopDoSource0+0x6c
C  [CoreFoundation+0x86470]  __CFRunLoopDoSources0+0xd0
C  [CoreFoundation+0x858ed]  __CFRunLoopRun+0x50d
C  [CoreFoundation+0x85153]  CFRunLoopRunSpecific+0x1e3
C  [HIToolbox+0x2fd96]  RunCurrentEventLoopInMode+0x11e
C  [HIToolbox+0x2fb06]  ReceiveNextEventCommon+0x265
C  [HIToolbox+0x2f884]  _BlockUntilNextEventMatchingListInModeWithFilter+0x40
C  [AppKit+0x41a73]  _DPSNextEvent+0x825
C  [AppKit+0x7d7e34]  -[NSApplication(NSEvent) _nextEventMatchingEventMask:untilDate:inMode:dequeue:]+0xbe4
C  [AppKit+0x36885]  -[NSApplication run]+0x2fc
C  [libglass.dylib+0x654c]  -[GlassApplication runLoop:]+0x72c
C  [Foundation+0x682b5]  __NSThreadPerformPerform+0x14e
C  [CoreFoundation+0xa3a11]  __CFRUNLOOP_IS_CALLING_OUT_TO_A_SOURCE0_PERFORM_FUNCTION__+0x11
C  [CoreFoundation+0x15d42c]  __CFRunLoopDoSource0+0x6c
C  [CoreFoundation+0x86470]  __CFRunLoopDoSources0+0xd0
C  [CoreFoundation+0x858ed]  __CFRunLoopRun+0x50d
C  [CoreFoundation+0x85153]  CFRunLoopRunSpecific+0x1e3
C  [java+0x6465]  CreateExecutionEnvironment+0x367
C  [java+0x218c]  JLI_Launch+0x7a0
C  [java+0x84c2]  main+0x65
C  [java+0x19e4]  start+0x34
C  0x0000000000000006

Java frames: (J=compiled Java code, j=interpreted, Vv=VM code)
j  com.sun.webkit.WebPage.twkOpen(JLjava/lang/String;)V+0
j  com.sun.webkit.WebPage.open(JLjava/lang/String;)V+106
j  javafx.scene.web.WebEngine.load(Ljava/lang/String;)V+96
j  VideoWeb.VideoWeb.cancel()V+16
j  Vistas.sample.VisorController$1.handle(Ljavafx/event/ActionEvent;)V+7
j  Vistas.sample.VisorController$1.handle(Ljavafx/event/Event;)V+5
j  com.sun.scenario.animation.shared.TimelineClipCore.visitKeyFrame(IJ)V+58
J 3796 C1 com.sun.scenario.animation.shared.TimelineClipCore.playTo(J)V (353 bytes) @ 0x0000000111b18554 [0x0000000111b18240+0x314]
J 3795 C1 javafx.animation.Timeline.impl_playTo(JJ)V (9 bytes) @ 0x0000000111b0261c [0x0000000111b02580+0x9c]
J 2031 C1 javafx.animation.AnimationAccessorImpl.playTo(Ljavafx/animation/Animation;JJ)V (8 bytes) @ 0x000000011161f30c [0x000000011161f200+0x10c]
J 5635 C1 com.sun.scenario.animation.shared.FiniteClipEnvelope.timePulse(J)V (372 bytes) @ 0x000000011189ffc4 [0x000000011189f9e0+0x5e4]
J 2032 C1 javafx.animation.Animation.impl_timePulse(J)V (60 bytes) @ 0x000000011161f924 [0x000000011161f6a0+0x284]
J 3113 C1 javafx.animation.Animation$1$$Lambda$233.run()Ljava/lang/Object; (12 bytes) @ 0x000000011197345c [0x0000000111973300+0x15c]
v  ~StubRoutines::call_stub
J 1832  java.security.AccessController.doPrivileged(Ljava/security/PrivilegedAction;Ljava/security/AccessControlContext;)Ljava/lang/Object; (0 bytes) @ 0x00000001115adce3 [0x00000001115adc80+0x63]
J 2121 C1 javafx.animation.Animation$1.timePulse(J)V (56 bytes) @ 0x0000000111652afc [0x0000000111652300+0x7fc]
J 4164 C1 com.sun.scenario.animation.AbstractMasterTimer.timePulseImpl(J)V (157 bytes) @ 0x0000000111c04ed4 [0x0000000111c04d00+0x1d4]
J 3797 C1 com.sun.scenario.animation.AbstractMasterTimer$MainLoop.run()V (61 bytes) @ 0x0000000111b03b64 [0x0000000111b03860+0x304]
J 3131 C1 com.sun.javafx.tk.quantum.QuantumToolkit.pulse(Z)V (164 bytes) @ 0x00000001119861fc [0x0000000111985d40+0x4bc]
J 3148 C1 com.sun.javafx.tk.quantum.QuantumToolkit$$Lambda$41.run()V (8 bytes) @ 0x0000000111993a4c [0x0000000111993840+0x20c]
J 3490 C1 com.sun.glass.ui.InvokeLaterDispatcher$Future.run()V (91 bytes) @ 0x000000011123f994 [0x000000011123f880+0x114]
v  ~StubRoutines::call_stub

---------------  P R O C E S S  ---------------

Java Threads: ( => current thread )
  0x00007fa359011000 JavaThread "Thread-3961" daemon [_thread_in_native, id=79599, stack(0x0000700007f42000,0x0000700007fc2000)]
  0x00007fa355ae2800 JavaThread "Thread-3900" daemon [_thread_in_native, id=71699, stack(0x0000700004fa9000,0x0000700005029000)]
  0x00007fa3550f5800 JavaThread "URL-Loader-35" daemon [_thread_blocked, id=69919, stack(0x0000700008cf5000,0x0000700008df5000)]
  0x00007fa355744800 JavaThread "JFXMedia Player EventQueueThread" daemon [_thread_blocked, id=72971, stack(0x0000700007524000,0x0000700007624000)]
  0x00007fa355724000 JavaThread "URL-Loader-34" daemon [_thread_blocked, id=92427, stack(0x000070000772a000,0x000070000782a000)]
  0x00007fa35169d000 JavaThread "URL-Loader-33" daemon [_thread_blocked, id=71187, stack(0x0000700007fc5000,0x00007000080c5000)]
  0x00007fa354807000 JavaThread "URL-Loader-32" daemon [_thread_blocked, id=73243, stack(0x0000700007d3c000,0x0000700007e3c000)]
  0x00007fa3554e9000 JavaThread "URL-Loader-31" daemon [_thread_blocked, id=123171, stack(0x00007000089ef000,0x0000700008aef000)]
  0x00007fa354b13000 JavaThread "URL-Loader-30" daemon [_thread_blocked, id=94215, stack(0x00007000088ec000,0x00007000089ec000)]
  0x00007fa35072e000 JavaThread "URL-Loader-29" daemon [_thread_blocked, id=94983, stack(0x00007000087e9000,0x00007000088e9000)]
  0x00007fa351467800 JavaThread "URL-Loader-28" daemon [_thread_blocked, id=64775, stack(0x0000700007c39000,0x0000700007d39000)]
  0x00007fa351617000 JavaThread "URL-Loader-27" daemon [_thread_blocked, id=65063, stack(0x0000700007a33000,0x0000700007b33000)]
  0x00007fa351728000 JavaThread "URL-Loader-26" daemon [_thread_blocked, id=3607, stack(0x0000700006a83000,0x0000700006b83000)]
  0x00007fa354a9a800 JavaThread "Keep-Alive-Timer" daemon [_thread_blocked, id=23319, stack(0x0000700006f92000,0x0000700007092000)]
  0x00007fa355db3000 JavaThread "URL-Loader-25" daemon [_thread_blocked, id=71943, stack(0x000070000782d000,0x000070000792d000)]
  0x00007fa355980000 JavaThread "URL-Loader-24" daemon [_thread_blocked, id=64263, stack(0x0000700007421000,0x0000700007521000)]
  0x00007fa3559e2800 JavaThread "URL-Loader-23" daemon [_thread_in_native, id=73735, stack(0x0000700007930000,0x0000700007a30000)]
  0x00007fa355a3f800 JavaThread "URL-Loader-22" daemon [_thread_in_native, id=61775, stack(0x000070000721b000,0x000070000731b000)]
  0x00007fa3552a8000 JavaThread "URL-Loader-21" daemon [_thread_blocked, id=71451, stack(0x0000700007118000,0x0000700007218000)]
  0x00007fa350deb800 JavaThread "JFXMedia Player EventQueueThread" daemon [_thread_blocked, id=53815, stack(0x0000700007b36000,0x0000700007c36000)]
  0x00007fa35133b800 JavaThread "Thread-433" [_thread_blocked, id=129799, stack(0x0000700007627000,0x0000700007727000)]
  0x00007fa355013800 JavaThread "Media Resource Disposer" daemon [_thread_blocked, id=95747, stack(0x0000700008bf2000,0x0000700008cf2000)]
  0x00007fa35155d000 JavaThread "URL-Loader-20" daemon [_thread_blocked, id=65539, stack(0x00007000082ce000,0x00007000083ce000)]
  0x00007fa350d54000 JavaThread "URL-Loader-7" daemon [_thread_blocked, id=62211, stack(0x000070000731e000,0x000070000741e000)]
  0x00007fa3558e4800 JavaThread "Thread-6" daemon [_thread_in_native, id=74243, stack(0x0000700007095000,0x0000700007115000)]
  0x00007fa354cc3800 JavaThread "URL-Loader-4" daemon [_thread_blocked, id=61015, stack(0x0000700006e8f000,0x0000700006f8f000)]
  0x00007fa350d0c800 JavaThread "URL-Loader-3" daemon [_thread_blocked, id=28207, stack(0x0000700006d8c000,0x0000700006e8c000)]
  0x00007fa355495800 JavaThread "URL-Loader-2" daemon [_thread_blocked, id=57647, stack(0x0000700006c89000,0x0000700006d89000)]
  0x00007fa350d0b800 JavaThread "Watchdog-Timer-1" daemon [_thread_blocked, id=79223, stack(0x0000700006b86000,0x0000700006c86000)]
  0x00007fa351611800 JavaThread "Disposer" daemon [_thread_blocked, id=77359, stack(0x0000700006980000,0x0000700006a80000)]
  0x00007fa350376000 JavaThread "Prism Font Disposer" daemon [_thread_blocked, id=50843, stack(0x0000700006777000,0x0000700006877000)]
  0x00007fa35112e800 JavaThread "GC Daemon" daemon [_thread_blocked, id=49667, stack(0x0000700006674000,0x0000700006774000)]
  0x00007fa3501e0000 JavaThread "RMI RenewClean-[192.168.1.103:49214]" daemon [_thread_blocked, id=49155, stack(0x0000700006571000,0x0000700006671000)]
  0x00007fa3501ca800 JavaThread "RMI Scheduler(0)" daemon [_thread_blocked, id=82691, stack(0x000070000646e000,0x000070000656e000)]
  0x00007fa35198f800 JavaThread "JavaFX-Launcher" [_thread_blocked, id=83203, stack(0x000070000636b000,0x000070000646b000)]
  0x00007fa3501a7000 JavaThread "Thread-3" daemon [_thread_in_native, id=32259, stack(0x00007000061e2000,0x0000700006262000)]
=>0x00007fa35015d800 JavaThread "JavaFX Application Thread" [_thread_in_native, id=775, stack(0x00007ffeee299000,0x00007ffeeea99000)]
  0x00007fa35015d000 JavaThread "Thread-1" daemon [_thread_blocked, id=40707, stack(0x00007000060df000,0x00007000061df000)]
  0x00007fa350058000 JavaThread "QuantumRenderer-0" daemon [_thread_blocked, id=14339, stack(0x0000700005fdc000,0x00007000060dc000)]
  0x00007fa351874800 JavaThread "Service Thread" daemon [_thread_blocked, id=16899, stack(0x0000700005dd6000,0x0000700005ed6000)]
  0x00007fa351821000 JavaThread "C1 CompilerThread2" daemon [_thread_blocked, id=17411, stack(0x0000700005cd3000,0x0000700005dd3000)]
  0x00007fa350052000 JavaThread "C2 CompilerThread1" daemon [_thread_blocked, id=17923, stack(0x0000700005bd0000,0x0000700005cd0000)]
  0x00007fa35010b800 JavaThread "C2 CompilerThread0" daemon [_thread_blocked, id=18179, stack(0x0000700005acd000,0x0000700005bcd000)]
  0x00007fa350109800 JavaThread "Monitor Ctrl-Break" daemon [_thread_in_native, id=18691, stack(0x00007000059ca000,0x0000700005aca000)]
  0x00007fa35001a000 JavaThread "Signal Dispatcher" daemon [_thread_blocked, id=19207, stack(0x00007000058c7000,0x00007000059c7000)]
  0x00007fa35181a000 JavaThread "Finalizer" daemon [_thread_blocked, id=20227, stack(0x00007000057c4000,0x00007000058c4000)]
  0x00007fa351819000 JavaThread "Reference Handler" daemon [_thread_blocked, id=11267, stack(0x00007000056c1000,0x00007000057c1000)]
  0x00007fa35000e800 JavaThread "main" [_thread_blocked, id=10243, stack(0x00007000050af000,0x00007000051af000)]

Other Threads:
  0x00007fa351818800 VMThread [stack: 0x00007000055be000,0x00007000056be000] [id=20995]
  0x00007fa350053000 WatcherThread [stack: 0x0000700005ed9000,0x0000700005fd9000] [id=14083]

VM state:not at safepoint (normal execution)

VM Mutex/Monitor currently owned by a thread: None

Heap:
 PSYoungGen      total 589312K, used 18209K [0x0000000795580000, 0x00000007c0000000, 0x00000007c0000000)
  eden space 576512K, 3% used [0x0000000795580000,0x00000007966e82f8,0x00000007b8880000)
  from space 12800K, 3% used [0x00000007b8880000,0x00000007b88e0260,0x00000007b9500000)
  to   space 13312K, 0% used [0x00000007bf300000,0x00000007bf300000,0x00000007c0000000)
 ParOldGen       total 58368K, used 26573K [0x0000000740000000, 0x0000000743900000, 0x0000000795580000)
  object space 58368K, 45% used [0x0000000740000000,0x00000007419f3660,0x0000000743900000)
 Metaspace       used 29937K, capacity 31634K, committed 31744K, reserved 1077248K
  class space    used 3913K, capacity 4250K, committed 4352K, reserved 1048576K

Card table byte_map: [0x0000000102df1000,0x00000001031f2000] byte_map_base: 0x00000000ff3f1000

Marking Bits: (ParMarkBitMap*) 0x00000001022edd20
 Begin Bits: [0x000000010349d000, 0x000000010549d000)
 End Bits:   [0x000000010549d000, 0x000000010749d000)

Polling page: 0x00000001011e3000

CodeCache: size=245760Kb used=18117Kb max_used=18153Kb free=227642Kb
 bounds [0x0000000110fee000, 0x00000001121ce000, 0x000000011ffee000]
 total_blobs=6357 nmethods=5545 adapters=724
 compilation: enabled

Compilation events (10 events):
Event: 147.376 Thread 0x00007fa351821000 nmethod 6551 0x0000000111373f90 code [0x00000001113740e0, 0x00000001113741d0]
Event: 147.470 Thread 0x00007fa35010b800 6552       4       java.nio.DirectFloatBufferU::put (18 bytes)
Event: 147.470 Thread 0x00007fa35010b800 nmethod 6552 0x00000001121b73d0 code [0x00000001121b7520, 0x00000001121b75d8]
Event: 147.502 Thread 0x00007fa350052000 6553       4       com.sun.javafx.webkit.prism.WCPathImpl::getPlatformPath (325 bytes)
Event: 147.503 Thread 0x00007fa350052000 nmethod 6553 0x0000000111597d50 code [0x0000000111597ea0, 0x0000000111597f58]
Event: 147.517 Thread 0x00007fa351821000 6554       1       com.sun.media.jfxmediaimpl.NativeMediaPlayer::access$700 (5 bytes)
Event: 147.518 Thread 0x00007fa351821000 nmethod 6554 0x00000001118676d0 code [0x0000000111867820, 0x0000000111867910]
Event: 147.518 Thread 0x00007fa351821000 6555       1       com.sun.media.jfxmediaimpl.NativeMediaPlayer::access$400 (5 bytes)
Event: 147.519 Thread 0x00007fa351821000 nmethod 6555 0x00000001119d4410 code [0x00000001119d4560, 0x00000001119d4650]
Event: 147.704 Thread 0x00007fa350052000 6556       4       com.sun.javafx.font.PrismFontStrike::getOutline (118 bytes)

GC Heap History (10 events):
Event: 135.452 GC heap before
{Heap before GC invocations=10 (full 1):
 PSYoungGen      total 257024K, used 251958K [0x0000000795580000, 0x00000007a5f00000, 0x00000007c0000000)
  eden space 246272K, 100% used [0x0000000795580000,0x00000007a4600000,0x00000007a4600000)
  from space 10752K, 52% used [0x00000007a5480000,0x00000007a5a0d818,0x00000007a5f00000)
  to   space 12800K, 0% used [0x00000007a4600000,0x00000007a4600000,0x00000007a5280000)
 ParOldGen       total 58368K, used 14784K [0x0000000740000000, 0x0000000743900000, 0x0000000795580000)
  object space 58368K, 25% used [0x0000000740000000,0x0000000740e700f0,0x0000000743900000)
 Metaspace       used 29732K, capacity 31428K, committed 31744K, reserved 1077248K
  class space    used 3909K, capacity 4245K, committed 4352K, reserved 1048576K
Event: 135.462 GC heap after
Heap after GC invocations=10 (full 1):
 PSYoungGen      total 259072K, used 8884K [0x0000000795580000, 0x00000007ae680000, 0x00000007c0000000)
  eden space 246272K, 0% used [0x0000000795580000,0x0000000795580000,0x00000007a4600000)
  from space 12800K, 69% used [0x00000007a4600000,0x00000007a4ead000,0x00000007a5280000)
  to   space 13312K, 0% used [0x00000007ad980000,0x00000007ad980000,0x00000007ae680000)
 ParOldGen       total 58368K, used 17123K [0x0000000740000000, 0x0000000743900000, 0x0000000795580000)
  object space 58368K, 29% used [0x0000000740000000,0x00000007410b8c70,0x0000000743900000)
 Metaspace       used 29732K, capacity 31428K, committed 31744K, reserved 1077248K
  class space    used 3909K, capacity 4245K, committed 4352K, reserved 1048576K
}
Event: 138.789 GC heap before
{Heap before GC invocations=11 (full 1):
 PSYoungGen      total 259072K, used 255156K [0x0000000795580000, 0x00000007ae680000, 0x00000007c0000000)
  eden space 246272K, 100% used [0x0000000795580000,0x00000007a4600000,0x00000007a4600000)
  from space 12800K, 69% used [0x00000007a4600000,0x00000007a4ead000,0x00000007a5280000)
  to   space 13312K, 0% used [0x00000007ad980000,0x00000007ad980000,0x00000007ae680000)
 ParOldGen       total 58368K, used 17123K [0x0000000740000000, 0x0000000743900000, 0x0000000795580000)
  object space 58368K, 29% used [0x0000000740000000,0x00000007410b8c70,0x0000000743900000)
 Metaspace       used 29758K, capacity 31428K, committed 31744K, reserved 1077248K
  class space    used 3909K, capacity 4245K, committed 4352K, reserved 1048576K
Event: 138.794 GC heap after
Heap after GC invocations=11 (full 1):
 PSYoungGen      total 390144K, used 5929K [0x0000000795580000, 0x00000007ae280000, 0x00000007c0000000)
  eden space 380928K, 0% used [0x0000000795580000,0x0000000795580000,0x00000007ac980000)
  from space 9216K, 64% used [0x00000007ad980000,0x00000007adf4a568,0x00000007ae280000)
  to   space 12800K, 0% used [0x00000007ac980000,0x00000007ac980000,0x00000007ad600000)
 ParOldGen       total 58368K, used 18671K [0x0000000740000000, 0x0000000743900000, 0x0000000795580000)
  object space 58368K, 31% used [0x0000000740000000,0x000000074123bd98,0x0000000743900000)
 Metaspace       used 29758K, capacity 31428K, committed 31744K, reserved 1077248K
  class space    used 3909K, capacity 4245K, committed 4352K, reserved 1048576K
}
Event: 141.795 GC heap before
{Heap before GC invocations=12 (full 1):
 PSYoungGen      total 390144K, used 386857K [0x0000000795580000, 0x00000007ae280000, 0x00000007c0000000)
  eden space 380928K, 100% used [0x0000000795580000,0x00000007ac980000,0x00000007ac980000)
  from space 9216K, 64% used [0x00000007ad980000,0x00000007adf4a568,0x00000007ae280000)
  to   space 12800K, 0% used [0x00000007ac980000,0x00000007ac980000,0x00000007ad600000)
 ParOldGen       total 58368K, used 18671K [0x0000000740000000, 0x0000000743900000, 0x0000000795580000)
  object space 58368K, 31% used [0x0000000740000000,0x000000074123bd98,0x0000000743900000)
 Metaspace       used 29826K, capacity 31506K, committed 31744K, reserved 1077248K
  class space    used 3912K, capacity 4250K, committed 4352K, reserved 1048576K
Event: 141.800 GC heap after
Heap after GC invocations=12 (full 1):
 PSYoungGen      total 393728K, used 2545K [0x0000000795580000, 0x00000007ba880000, 0x00000007c0000000)
  eden space 380928K, 0% used [0x0000000795580000,0x0000000795580000,0x00000007ac980000)
  from space 12800K, 19% used [0x00000007ac980000,0x00000007acbfc5e0,0x00000007ad600000)
  to   space 12800K, 0% used [0x00000007b9c00000,0x00000007b9c00000,0x00000007ba880000)
 ParOldGen       total 58368K, used 24301K [0x0000000740000000, 0x0000000743900000, 0x0000000795580000)
  object space 58368K, 41% used [0x0000000740000000,0x00000007417bb548,0x0000000743900000)
 Metaspace       used 29826K, capacity 31506K, committed 31744K, reserved 1077248K
  class space    used 3912K, capacity 4250K, committed 4352K, reserved 1048576K
}
Event: 145.149 GC heap before
{Heap before GC invocations=13 (full 1):
 PSYoungGen      total 393728K, used 383473K [0x0000000795580000, 0x00000007ba880000, 0x00000007c0000000)
  eden space 380928K, 100% used [0x0000000795580000,0x00000007ac980000,0x00000007ac980000)
  from space 12800K, 19% used [0x00000007ac980000,0x00000007acbfc5e0,0x00000007ad600000)
  to   space 12800K, 0% used [0x00000007b9c00000,0x00000007b9c00000,0x00000007ba880000)
 ParOldGen       total 58368K, used 24301K [0x0000000740000000, 0x0000000743900000, 0x0000000795580000)
  object space 58368K, 41% used [0x0000000740000000,0x00000007417bb548,0x0000000743900000)
 Metaspace       used 29917K, capacity 31634K, committed 31744K, reserved 1077248K
  class space    used 3913K, capacity 4250K, committed 4352K, reserved 1048576K
Event: 145.155 GC heap after
Heap after GC invocations=13 (full 1):
 PSYoungGen      total 582144K, used 626K [0x0000000795580000, 0x00000007ba180000, 0x00000007c0000000)
  eden space 576512K, 0% used [0x0000000795580000,0x0000000795580000,0x00000007b8880000)
  from space 5632K, 11% used [0x00000007b9c00000,0x00000007b9c9c910,0x00000007ba180000)
  to   space 12800K, 0% used [0x00000007b8880000,0x00000007b8880000,0x00000007b9500000)
 ParOldGen       total 58368K, used 26336K [0x0000000740000000, 0x0000000743900000, 0x0000000795580000)
  object space 58368K, 45% used [0x0000000740000000,0x00000007419b8170,0x0000000743900000)
 Metaspace       used 29917K, capacity 31634K, committed 31744K, reserved 1077248K
  class space    used 3913K, capacity 4250K, committed 4352K, reserved 1048576K
}
Event: 147.701 GC heap before
{Heap before GC invocations=14 (full 1):
 PSYoungGen      total 582144K, used 577138K [0x0000000795580000, 0x00000007ba180000, 0x00000007c0000000)
  eden space 576512K, 100% used [0x0000000795580000,0x00000007b8880000,0x00000007b8880000)
  from space 5632K, 11% used [0x00000007b9c00000,0x00000007b9c9c910,0x00000007ba180000)
  to   space 12800K, 0% used [0x00000007b8880000,0x00000007b8880000,0x00000007b9500000)
 ParOldGen       total 58368K, used 26336K [0x0000000740000000, 0x0000000743900000, 0x0000000795580000)
  object space 58368K, 45% used [0x0000000740000000,0x00000007419b8170,0x0000000743900000)
 Metaspace       used 29937K, capacity 31634K, committed 31744K, reserved 1077248K
  class space    used 3913K, capacity 4250K, committed 4352K, reserved 1048576K
Event: 147.703 GC heap after
Heap after GC invocations=14 (full 1):
 PSYoungGen      total 589312K, used 384K [0x0000000795580000, 0x00000007c0000000, 0x00000007c0000000)
  eden space 576512K, 0% used [0x0000000795580000,0x0000000795580000,0x00000007b8880000)
  from space 12800K, 3% used [0x00000007b8880000,0x00000007b88e0260,0x00000007b9500000)
  to   space 13312K, 0% used [0x00000007bf300000,0x00000007bf300000,0x00000007c0000000)
 ParOldGen       total 58368K, used 26573K [0x0000000740000000, 0x0000000743900000, 0x0000000795580000)
  object space 58368K, 45% used [0x0000000740000000,0x00000007419f3660,0x0000000743900000)
 Metaspace       used 29937K, capacity 31634K, committed 31744K, reserved 1077248K
  class space    used 3913K, capacity 4250K, committed 4352K, reserved 1048576K
}

Deoptimization events (10 events):
Event: 140.818 Thread 0x00007fa354b13000 Uncommon trap: reason=predicate action=maybe_recompile pc=0x0000000111d2675c method=java.util.regex.Pattern$Slice.match(Ljava/util/regex/Matcher;ILjava/lang/CharSequence;)Z @ 21
Event: 140.833 Thread 0x00007fa350058000 Uncommon trap: reason=unstable_if action=reinterpret pc=0x000000011201b3ac method=com.sun.prism.impl.BaseGraphics.validateTransformAndPaint()V @ 20
Event: 140.839 Thread 0x00007fa350058000 Uncommon trap: reason=class_check action=maybe_recompile pc=0x00000001120c9a4c method=com.sun.webkit.graphics.GraphicsDecoder.decode(Lcom/sun/webkit/graphics/WCGraphicsManager;Lcom/sun/webkit/graphics/WCGraphicsContext;Lcom/sun/webkit/graphics/BufferData;
Event: 140.855 Thread 0x00007fa350058000 Uncommon trap: reason=class_check action=maybe_recompile pc=0x00000001120c9a4c method=com.sun.webkit.graphics.GraphicsDecoder.decode(Lcom/sun/webkit/graphics/WCGraphicsManager;Lcom/sun/webkit/graphics/WCGraphicsContext;Lcom/sun/webkit/graphics/BufferData;
Event: 140.858 Thread 0x00007fa350058000 Uncommon trap: reason=class_check action=maybe_recompile pc=0x0000000112098af8 method=com.sun.webkit.graphics.GraphicsDecoder.decode(Lcom/sun/webkit/graphics/WCGraphicsManager;Lcom/sun/webkit/graphics/WCGraphicsContext;Lcom/sun/webkit/graphics/BufferData;
Event: 140.876 Thread 0x00007fa350058000 Uncommon trap: reason=class_check action=maybe_recompile pc=0x00000001120c9a4c method=com.sun.webkit.graphics.GraphicsDecoder.decode(Lcom/sun/webkit/graphics/WCGraphicsManager;Lcom/sun/webkit/graphics/WCGraphicsContext;Lcom/sun/webkit/graphics/BufferData;
Event: 140.948 Thread 0x00007fa350058000 Uncommon trap: reason=class_check action=maybe_recompile pc=0x0000000112098af8 method=com.sun.webkit.graphics.GraphicsDecoder.decode(Lcom/sun/webkit/graphics/WCGraphicsManager;Lcom/sun/webkit/graphics/WCGraphicsContext;Lcom/sun/webkit/graphics/BufferData;
Event: 147.703 Thread 0x00007fa350058000 Uncommon trap: reason=null_check action=make_not_entrant pc=0x0000000112135b80 method=com.sun.javafx.font.PrismFontFile.getStrike(FLcom/sun/javafx/geom/transform/BaseTransform;I)Lcom/sun/javafx/font/FontStrike; @ 41
Event: 147.703 Thread 0x00007fa350058000 Uncommon trap: reason=class_check action=maybe_recompile pc=0x0000000111819814 method=java.util.concurrent.ConcurrentHashMap.putVal(Ljava/lang/Object;Ljava/lang/Object;Z)Ljava/lang/Object; @ 192
Event: 147.703 Thread 0x00007fa350058000 Uncommon trap: reason=class_check action=maybe_recompile pc=0x0000000111819814 method=java.util.concurrent.ConcurrentHashMap.putVal(Ljava/lang/Object;Ljava/lang/Object;Z)Ljava/lang/Object; @ 192

Internal exceptions (10 events):
Event: 145.635 Thread 0x00007fa350058000 Exception <a 'java/lang/NullPointerException'> (0x000000079c862d60) thrown at [/HUDSON3/workspace/8-2-build-macosx-x86_64/jdk8u101/7261/hotspot/src/share/vm/runtime/sharedRuntime.cpp, line 605]
Event: 146.250 Thread 0x00007fa350058000 Implicit null exception at 0x0000000111e3ab9d to 0x0000000111e3aea4
Event: 146.250 Thread 0x00007fa350058000 Exception <a 'java/lang/NullPointerException'> (0x00000007a558ac40) thrown at [/HUDSON3/workspace/8-2-build-macosx-x86_64/jdk8u101/7261/hotspot/src/share/vm/runtime/sharedRuntime.cpp, line 605]
Event: 146.400 Thread 0x00007fa350058000 Implicit null exception at 0x0000000111e3ab9d to 0x0000000111e3aea4
Event: 146.400 Thread 0x00007fa350058000 Exception <a 'java/lang/NullPointerException'> (0x00000007a68ee4b8) thrown at [/HUDSON3/workspace/8-2-build-macosx-x86_64/jdk8u101/7261/hotspot/src/share/vm/runtime/sharedRuntime.cpp, line 605]
Event: 147.035 Thread 0x00007fa350058000 Implicit null exception at 0x0000000111e3ab9d to 0x0000000111e3aea4
Event: 147.035 Thread 0x00007fa350058000 Exception <a 'java/lang/NullPointerException'> (0x00000007ad6eceb0) thrown at [/HUDSON3/workspace/8-2-build-macosx-x86_64/jdk8u101/7261/hotspot/src/share/vm/runtime/sharedRuntime.cpp, line 605]
Event: 147.233 Thread 0x00007fa350058000 Implicit null exception at 0x0000000111e3ab9d to 0x0000000111e3aea4
Event: 147.233 Thread 0x00007fa350058000 Exception <a 'java/lang/NullPointerException'> (0x00000007b1cc45e0) thrown at [/HUDSON3/workspace/8-2-build-macosx-x86_64/jdk8u101/7261/hotspot/src/share/vm/runtime/sharedRuntime.cpp, line 605]
Event: 147.703 Thread 0x00007fa350058000 Implicit null exception at 0x000000011213502b to 0x0000000112135b65

Events (10 events):
Event: 147.716 Executing VM operation: RevokeBias
Event: 147.716 Executing VM operation: RevokeBias done
Event: 147.716 Executing VM operation: RevokeBias
Event: 147.716 Executing VM operation: RevokeBias done
Event: 147.716 Executing VM operation: RevokeBias
Event: 147.716 Executing VM operation: RevokeBias done
Event: 147.716 Executing VM operation: RevokeBias
Event: 147.717 Executing VM operation: RevokeBias done
Event: 147.717 Executing VM operation: RevokeBias
Event: 147.717 Executing VM operation: RevokeBias done


Dynamic libraries:
0x0000000014740000 	/System/Library/Frameworks/Cocoa.framework/Versions/A/Cocoa
0x0000000014740000 	/System/Library/Frameworks/Security.framework/Versions/A/Security
0x0000000014740000 	/System/Library/Frameworks/ApplicationServices.framework/Versions/A/ApplicationServices
0x0000000014740000 	/usr/lib/libz.1.dylib
0x0000000014740000 	/usr/lib/libSystem.B.dylib
0x0000000014740000 	/usr/lib/libobjc.A.dylib
0x0000000014740000 	/System/Library/Frameworks/CoreFoundation.framework/Versions/A/CoreFoundation
0x0000000014740000 	/System/Library/Frameworks/Foundation.framework/Versions/C/Foundation
0x0000000014740000 	/System/Library/Frameworks/AppKit.framework/Versions/C/AppKit
0x0000000014740000 	/System/Library/Frameworks/CoreData.framework/Versions/A/CoreData
0x0000000014740000 	/System/Library/PrivateFrameworks/RemoteViewServices.framework/Versions/A/RemoteViewServices
0x0000000014740000 	/System/Library/PrivateFrameworks/UIFoundation.framework/Versions/A/UIFoundation
0x0000000014740000 	/System/Library/PrivateFrameworks/DFRFoundation.framework/Versions/A/DFRFoundation
0x0000000014740000 	/System/Library/Frameworks/Metal.framework/Versions/A/Metal
0x0000000014740000 	/System/Library/PrivateFrameworks/DesktopServicesPriv.framework/Versions/A/DesktopServicesPriv
0x0000000014740000 	/usr/lib/libenergytrace.dylib
0x0000000014740000 	/System/Library/PrivateFrameworks/SkyLight.framework/Versions/A/SkyLight
0x0000000014740000 	/System/Library/Frameworks/CoreGraphics.framework/Versions/A/CoreGraphics
0x0000000014740000 	/usr/lib/libScreenReader.dylib
0x0000000014740000 	/System/Library/Frameworks/Accelerate.framework/Versions/A/Accelerate
0x0000000014740000 	/System/Library/Frameworks/IOSurface.framework/Versions/A/IOSurface
0x0000000014740000 	/System/Library/Frameworks/AudioToolbox.framework/Versions/A/AudioToolbox
0x0000000014740000 	/System/Library/Frameworks/AudioUnit.framework/Versions/A/AudioUnit
0x0000000014740000 	/System/Library/PrivateFrameworks/DataDetectorsCore.framework/Versions/A/DataDetectorsCore
0x0000000014740000 	/System/Library/Frameworks/Carbon.framework/Versions/A/Frameworks/HIToolbox.framework/Versions/A/HIToolbox
0x0000000014740000 	/usr/lib/libicucore.A.dylib
0x0000000014740000 	/System/Library/Frameworks/QuartzCore.framework/Versions/A/QuartzCore
0x0000000014740000 	/System/Library/PrivateFrameworks/SignpostNotification.framework/Versions/A/SignpostNotification
0x0000000014740000 	/System/Library/Frameworks/Carbon.framework/Versions/A/Frameworks/SpeechRecognition.framework/Versions/A/SpeechRecognition
0x0000000014740000 	/usr/lib/libauto.dylib
0x0000000014740000 	/usr/lib/libxml2.2.dylib
0x0000000014740000 	/System/Library/PrivateFrameworks/CoreUI.framework/Versions/A/CoreUI
0x0000000014740000 	/System/Library/Frameworks/CoreAudio.framework/Versions/A/CoreAudio
0x0000000014740000 	/System/Library/Frameworks/DiskArbitration.framework/Versions/A/DiskArbitration
0x0000000014740000 	/usr/lib/liblangid.dylib
0x0000000014740000 	/System/Library/PrivateFrameworks/MultitouchSupport.framework/Versions/A/MultitouchSupport
0x0000000014740000 	/System/Library/Frameworks/IOKit.framework/Versions/A/IOKit
0x0000000014740000 	/usr/lib/libDiagnosticMessagesClient.dylib
0x0000000014740000 	/System/Library/Frameworks/CoreServices.framework/Versions/A/CoreServices
0x0000000014740000 	/System/Library/PrivateFrameworks/PerformanceAnalysis.framework/Versions/A/PerformanceAnalysis
0x0000000014740000 	/System/Library/Frameworks/OpenGL.framework/Versions/A/OpenGL
0x0000000014740000 	/System/Library/Frameworks/ColorSync.framework/Versions/A/ColorSync
0x0000000014740000 	/System/Library/Frameworks/CoreImage.framework/Versions/A/CoreImage
0x0000000014740000 	/System/Library/Frameworks/CoreText.framework/Versions/A/CoreText
0x0000000014740000 	/System/Library/Frameworks/ImageIO.framework/Versions/A/ImageIO
0x0000000014740000 	/System/Library/PrivateFrameworks/Backup.framework/Versions/A/Backup
0x0000000014740000 	/usr/lib/libarchive.2.dylib
0x0000000014740000 	/System/Library/Frameworks/CFNetwork.framework/Versions/A/CFNetwork
0x0000000014740000 	/System/Library/Frameworks/SystemConfiguration.framework/Versions/A/SystemConfiguration
0x0000000014740000 	/usr/lib/libCRFSuite.dylib
0x0000000014740000 	/usr/lib/libc++.1.dylib
0x0000000014740000 	/usr/lib/libc++abi.dylib
0x0000000014740000 	/usr/lib/system/libcache.dylib
0x0000000014740000 	/usr/lib/system/libcommonCrypto.dylib
0x0000000014740000 	/usr/lib/system/libcompiler_rt.dylib
0x0000000014740000 	/usr/lib/system/libcopyfile.dylib
0x0000000014740000 	/usr/lib/system/libcorecrypto.dylib
0x0000000014740000 	/usr/lib/system/libdispatch.dylib
0x0000000014740000 	/usr/lib/system/libdyld.dylib
0x0000000014740000 	/usr/lib/system/libkeymgr.dylib
0x0000000014740000 	/usr/lib/system/liblaunch.dylib
0x0000000014740000 	/usr/lib/system/libmacho.dylib
0x0000000014740000 	/usr/lib/system/libquarantine.dylib
0x0000000014740000 	/usr/lib/system/libremovefile.dylib
0x0000000014740000 	/usr/lib/system/libsystem_asl.dylib
0x0000000014740000 	/usr/lib/system/libsystem_blocks.dylib
0x0000000014740000 	/usr/lib/system/libsystem_c.dylib
0x0000000014740000 	/usr/lib/system/libsystem_configuration.dylib
0x0000000014740000 	/usr/lib/system/libsystem_coreservices.dylib
0x0000000014740000 	/usr/lib/system/libsystem_darwin.dylib
0x0000000014740000 	/usr/lib/system/libsystem_dnssd.dylib
0x0000000014740000 	/usr/lib/system/libsystem_info.dylib
0x0000000014740000 	/usr/lib/system/libsystem_m.dylib
0x0000000014740000 	/usr/lib/system/libsystem_malloc.dylib
0x0000000014740000 	/usr/lib/system/libsystem_network.dylib
0x0000000014740000 	/usr/lib/system/libsystem_networkextension.dylib
0x0000000014740000 	/usr/lib/system/libsystem_notify.dylib
0x0000000014740000 	/usr/lib/system/libsystem_sandbox.dylib
0x0000000014740000 	/usr/lib/system/libsystem_secinit.dylib
0x0000000014740000 	/usr/lib/system/libsystem_kernel.dylib
0x0000000014740000 	/usr/lib/system/libsystem_platform.dylib
0x0000000014740000 	/usr/lib/system/libsystem_pthread.dylib
0x0000000014740000 	/usr/lib/system/libsystem_symptoms.dylib
0x0000000014740000 	/usr/lib/system/libsystem_trace.dylib
0x0000000014740000 	/usr/lib/system/libunwind.dylib
0x0000000014740000 	/usr/lib/system/libxpc.dylib
0x0000000014740000 	/usr/lib/closure/libclosured.dylib
0x0000000014740000 	/usr/lib/libbsm.0.dylib
0x0000000014740000 	/usr/lib/system/libkxld.dylib
0x0000000014740000 	/usr/lib/libOpenScriptingUtil.dylib
0x0000000014740000 	/usr/lib/libcoretls.dylib
0x0000000014740000 	/usr/lib/libcoretls_cfhelpers.dylib
0x0000000014740000 	/usr/lib/libpam.2.dylib
0x0000000014740000 	/usr/lib/libsqlite3.dylib
0x0000000014740000 	/usr/lib/libxar.1.dylib
0x0000000014740000 	/usr/lib/libbz2.1.0.dylib
0x0000000014740000 	/usr/lib/liblzma.5.dylib
0x0000000014740000 	/usr/lib/libnetwork.dylib
0x0000000014740000 	/usr/lib/libapple_nghttp2.dylib
0x0000000014740000 	/usr/lib/libpcap.A.dylib
0x0000000014740000 	/usr/lib/libboringssl.dylib
0x0000000014740000 	/usr/lib/libusrtcp.dylib
0x0000000014740000 	/usr/lib/libapple_crypto.dylib
0x0000000014740000 	/System/Library/Frameworks/CoreServices.framework/Versions/A/Frameworks/FSEvents.framework/Versions/A/FSEvents
0x0000000014740000 	/System/Library/Frameworks/CoreServices.framework/Versions/A/Frameworks/CarbonCore.framework/Versions/A/CarbonCore
0x0000000014740000 	/System/Library/Frameworks/CoreServices.framework/Versions/A/Frameworks/Metadata.framework/Versions/A/Metadata
0x0000000014740000 	/System/Library/Frameworks/CoreServices.framework/Versions/A/Frameworks/OSServices.framework/Versions/A/OSServices
0x0000000014740000 	/System/Library/Frameworks/CoreServices.framework/Versions/A/Frameworks/SearchKit.framework/Versions/A/SearchKit
0x0000000014740000 	/System/Library/Frameworks/CoreServices.framework/Versions/A/Frameworks/AE.framework/Versions/A/AE
0x0000000014740000 	/System/Library/Frameworks/CoreServices.framework/Versions/A/Frameworks/LaunchServices.framework/Versions/A/LaunchServices
0x0000000014740000 	/System/Library/Frameworks/CoreServices.framework/Versions/A/Frameworks/DictionaryServices.framework/Versions/A/DictionaryServices
0x0000000014740000 	/System/Library/Frameworks/CoreServices.framework/Versions/A/Frameworks/SharedFileList.framework/Versions/A/SharedFileList
0x0000000014740000 	/System/Library/Frameworks/NetFS.framework/Versions/A/NetFS
0x0000000014740000 	/System/Library/PrivateFrameworks/NetAuth.framework/Versions/A/NetAuth
0x0000000014740000 	/System/Library/PrivateFrameworks/login.framework/Versions/A/Frameworks/loginsupport.framework/Versions/A/loginsupport
0x0000000014740000 	/System/Library/PrivateFrameworks/TCC.framework/Versions/A/TCC
0x0000000014740000 	/usr/lib/libmecabra.dylib
0x0000000014740000 	/System/Library/Frameworks/ApplicationServices.framework/Versions/A/Frameworks/ATS.framework/Versions/A/ATS
0x0000000014740000 	/System/Library/Frameworks/ApplicationServices.framework/Versions/A/Frameworks/ColorSyncLegacy.framework/Versions/A/ColorSyncLegacy
0x0000000014740000 	/System/Library/Frameworks/ApplicationServices.framework/Versions/A/Frameworks/HIServices.framework/Versions/A/HIServices
0x0000000014740000 	/System/Library/Frameworks/ApplicationServices.framework/Versions/A/Frameworks/LangAnalysis.framework/Versions/A/LangAnalysis
0x0000000014740000 	/System/Library/Frameworks/ApplicationServices.framework/Versions/A/Frameworks/PrintCore.framework/Versions/A/PrintCore
0x0000000014740000 	/System/Library/Frameworks/ApplicationServices.framework/Versions/A/Frameworks/QD.framework/Versions/A/QD
0x0000000014740000 	/System/Library/Frameworks/ApplicationServices.framework/Versions/A/Frameworks/SpeechSynthesis.framework/Versions/A/SpeechSynthesis
0x0000000014740000 	/System/Library/Frameworks/CoreDisplay.framework/Versions/A/CoreDisplay
0x0000000014740000 	/System/Library/Frameworks/Accelerate.framework/Versions/A/Frameworks/vImage.framework/Versions/A/vImage
0x0000000014740000 	/System/Library/Frameworks/Accelerate.framework/Versions/A/Frameworks/vecLib.framework/Versions/A/vecLib
0x0000000014740000 	/System/Library/Frameworks/Accelerate.framework/Versions/A/Frameworks/vecLib.framework/Versions/A/libvDSP.dylib
0x0000000014740000 	/System/Library/Frameworks/Accelerate.framework/Versions/A/Frameworks/vecLib.framework/Versions/A/libBNNS.dylib
0x0000000014740000 	/System/Library/Frameworks/Accelerate.framework/Versions/A/Frameworks/vecLib.framework/Versions/A/libQuadrature.dylib
0x0000000014740000 	/System/Library/Frameworks/Accelerate.framework/Versions/A/Frameworks/vecLib.framework/Versions/A/libvMisc.dylib
0x0000000014740000 	/System/Library/Frameworks/Accelerate.framework/Versions/A/Frameworks/vecLib.framework/Versions/A/libLAPACK.dylib
0x0000000014740000 	/System/Library/Frameworks/Accelerate.framework/Versions/A/Frameworks/vecLib.framework/Versions/A/libBLAS.dylib
0x0000000014740000 	/System/Library/Frameworks/Accelerate.framework/Versions/A/Frameworks/vecLib.framework/Versions/A/libLinearAlgebra.dylib
0x0000000014740000 	/System/Library/Frameworks/Accelerate.framework/Versions/A/Frameworks/vecLib.framework/Versions/A/libSparse.dylib
0x0000000014740000 	/System/Library/Frameworks/Accelerate.framework/Versions/A/Frameworks/vecLib.framework/Versions/A/libSparseBLAS.dylib
0x0000000014740000 	/System/Library/PrivateFrameworks/GPUWrangler.framework/Versions/A/GPUWrangler
0x0000000014740000 	/System/Library/PrivateFrameworks/IOAccelerator.framework/Versions/A/IOAccelerator
0x0000000014740000 	/System/Library/PrivateFrameworks/IOPresentment.framework/Versions/A/IOPresentment
0x0000000014740000 	/System/Library/PrivateFrameworks/DSExternalDisplay.framework/Versions/A/DSExternalDisplay
0x0000000014740000 	/System/Library/Frameworks/OpenGL.framework/Versions/A/Libraries/libCoreFSCache.dylib
0x0000000014740000 	/System/Library/Frameworks/CoreVideo.framework/Versions/A/CoreVideo
0x0000000014740000 	/System/Library/PrivateFrameworks/GraphVisualizer.framework/Versions/A/GraphVisualizer
0x0000000014740000 	/System/Library/Frameworks/MetalPerformanceShaders.framework/Versions/A/MetalPerformanceShaders
0x0000000014740000 	/usr/lib/libFosl_dynamic.dylib
0x0000000014740000 	/System/Library/PrivateFrameworks/FaceCore.framework/Versions/A/FaceCore
0x0000000014740000 	/System/Library/Frameworks/OpenCL.framework/Versions/A/OpenCL
0x0000000014740000 	/usr/lib/libcompression.dylib
0x0000000014740000 	/System/Library/Frameworks/ApplicationServices.framework/Versions/A/Frameworks/ATS.framework/Versions/A/Resources/libFontParser.dylib
0x0000000014740000 	/System/Library/Frameworks/ApplicationServices.framework/Versions/A/Frameworks/ATS.framework/Versions/A/Resources/libFontRegistry.dylib
0x0000000014740000 	/System/Library/Frameworks/ImageIO.framework/Versions/A/Resources/libJPEG.dylib
0x0000000014740000 	/System/Library/Frameworks/ImageIO.framework/Versions/A/Resources/libTIFF.dylib
0x0000000014740000 	/System/Library/Frameworks/ImageIO.framework/Versions/A/Resources/libPng.dylib
0x0000000014740000 	/System/Library/Frameworks/ImageIO.framework/Versions/A/Resources/libGIF.dylib
0x0000000014740000 	/System/Library/Frameworks/ImageIO.framework/Versions/A/Resources/libJP2.dylib
0x0000000014740000 	/System/Library/Frameworks/ImageIO.framework/Versions/A/Resources/libRadiance.dylib
0x0000000014740000 	/System/Library/PrivateFrameworks/AppleJPEG.framework/Versions/A/AppleJPEG
0x0000000014740000 	/System/Library/Frameworks/MetalPerformanceShaders.framework/Frameworks/MPSCore.framework/Versions/A/MPSCore
0x0000000014740000 	/System/Library/Frameworks/MetalPerformanceShaders.framework/Frameworks/MPSImage.framework/Versions/A/MPSImage
0x0000000014740000 	/System/Library/Frameworks/MetalPerformanceShaders.framework/Frameworks/MPSNeuralNetwork.framework/Versions/A/MPSNeuralNetwork
0x0000000014740000 	/System/Library/Frameworks/MetalPerformanceShaders.framework/Frameworks/MPSMatrix.framework/Versions/A/MPSMatrix
0x0000000014740000 	/System/Library/PrivateFrameworks/MetalTools.framework/Versions/A/MetalTools
0x0000000014740000 	/System/Library/Frameworks/OpenGL.framework/Versions/A/Libraries/libGLU.dylib
0x0000000014740000 	/System/Library/Frameworks/OpenGL.framework/Versions/A/Libraries/libGFXShared.dylib
0x0000000014740000 	/System/Library/Frameworks/OpenGL.framework/Versions/A/Libraries/libGL.dylib
0x0000000014740000 	/System/Library/Frameworks/OpenGL.framework/Versions/A/Libraries/libGLImage.dylib
0x0000000014740000 	/System/Library/Frameworks/OpenGL.framework/Versions/A/Libraries/libCVMSPluginSupport.dylib
0x0000000014740000 	/System/Library/Frameworks/OpenGL.framework/Versions/A/Libraries/libCoreVMClient.dylib
0x0000000014740000 	/usr/lib/libcups.2.dylib
0x0000000014740000 	/System/Library/Frameworks/Kerberos.framework/Versions/A/Kerberos
0x0000000014740000 	/System/Library/Frameworks/GSS.framework/Versions/A/GSS
0x0000000014740000 	/usr/lib/libresolv.9.dylib
0x0000000014740000 	/usr/lib/libiconv.2.dylib
0x0000000014740000 	/System/Library/PrivateFrameworks/Heimdal.framework/Versions/A/Heimdal
0x0000000014740000 	/usr/lib/libheimdal-asn1.dylib
0x0000000014740000 	/System/Library/Frameworks/OpenDirectory.framework/Versions/A/OpenDirectory
0x0000000014740000 	/System/Library/PrivateFrameworks/CommonAuth.framework/Versions/A/CommonAuth
0x0000000014740000 	/System/Library/Frameworks/OpenDirectory.framework/Versions/A/Frameworks/CFOpenDirectory.framework/Versions/A/CFOpenDirectory
0x0000000014740000 	/System/Library/Frameworks/SecurityFoundation.framework/Versions/A/SecurityFoundation
0x0000000014740000 	/System/Library/PrivateFrameworks/APFS.framework/Versions/A/APFS
0x0000000014740000 	/usr/lib/libutil.dylib
0x0000000014740000 	/System/Library/PrivateFrameworks/AppleSauce.framework/Versions/A/AppleSauce
0x0000000014740000 	/System/Library/PrivateFrameworks/LinguisticData.framework/Versions/A/LinguisticData
0x0000000014740000 	/usr/lib/libmarisa.dylib
0x0000000014740000 	/System/Library/PrivateFrameworks/Lexicon.framework/Versions/A/Lexicon
0x0000000014740000 	/usr/lib/libChineseTokenizer.dylib
0x0000000014740000 	/usr/lib/libcmph.dylib
0x0000000014740000 	/System/Library/PrivateFrameworks/LanguageModeling.framework/Versions/A/LanguageModeling
0x0000000014740000 	/System/Library/PrivateFrameworks/CoreEmoji.framework/Versions/A/CoreEmoji
0x0000000014740000 	/System/Library/Frameworks/ServiceManagement.framework/Versions/A/ServiceManagement
0x0000000014740000 	/System/Library/PrivateFrameworks/BackgroundTaskManagement.framework/Versions/A/BackgroundTaskManagement
0x0000000014740000 	/usr/lib/libxslt.1.dylib
0x0000000014740000 	/System/Library/Frameworks/Carbon.framework/Versions/A/Frameworks/Ink.framework/Versions/A/Ink
0x0000000014740000 	/System/Library/PrivateFrameworks/TextureIO.framework/Versions/A/TextureIO
0x0000000014740000 	/usr/lib/libate.dylib
0x0000000014740000 	/System/Library/PrivateFrameworks/CrashReporterSupport.framework/Versions/A/CrashReporterSupport
0x0000000014740000 	/System/Library/PrivateFrameworks/Sharing.framework/Versions/A/Sharing
0x0000000014740000 	/System/Library/PrivateFrameworks/IconServices.framework/Versions/A/IconServices
0x0000000014740000 	/System/Library/PrivateFrameworks/AuthKit.framework/Versions/A/AuthKit
0x0000000014740000 	/System/Library/PrivateFrameworks/Apple80211.framework/Versions/A/Apple80211
0x0000000014740000 	/System/Library/PrivateFrameworks/CoreUtils.framework/Versions/A/CoreUtils
0x0000000014740000 	/System/Library/Frameworks/CoreWLAN.framework/Versions/A/CoreWLAN
0x0000000014740000 	/System/Library/Frameworks/IOBluetooth.framework/Versions/A/IOBluetooth
0x0000000014740000 	/System/Library/PrivateFrameworks/ProtocolBuffer.framework/Versions/A/ProtocolBuffer
0x0000000014740000 	/System/Library/PrivateFrameworks/MobileKeyBag.framework/Versions/A/MobileKeyBag
0x0000000014740000 	/System/Library/PrivateFrameworks/CorePhoneNumbers.framework/Versions/A/CorePhoneNumbers
0x0000000014740000 	/System/Library/PrivateFrameworks/AppleIDAuthSupport.framework/Versions/A/AppleIDAuthSupport
0x0000000014740000 	/System/Library/PrivateFrameworks/KeychainCircle.framework/Versions/A/KeychainCircle
0x0000000014740000 	/System/Library/PrivateFrameworks/CoreWiFi.framework/Versions/A/CoreWiFi
0x0000000014740000 	/System/Library/Frameworks/CoreBluetooth.framework/Versions/A/CoreBluetooth
0x0000000014740000 	/System/Library/PrivateFrameworks/DebugSymbols.framework/Versions/A/DebugSymbols
0x0000000014740000 	/System/Library/PrivateFrameworks/CoreSymbolication.framework/Versions/A/CoreSymbolication
0x0000000014740000 	/System/Library/PrivateFrameworks/Symbolication.framework/Versions/A/Symbolication
0x0000000014740000 	/System/Library/PrivateFrameworks/AppleFSCompression.framework/Versions/A/AppleFSCompression
0x0000000014740000 	/System/Library/PrivateFrameworks/SpeechRecognitionCore.framework/Versions/A/SpeechRecognitionCore
0x0000000101a00000 	/Library/Java/JavaVirtualMachines/jdk1.8.0_101.jdk/Contents/Home/jre/lib/server/libjvm.dylib
0x0000000014740000 	/usr/lib/libstdc++.6.0.9.dylib
0x00000001011a0000 	/Library/Java/JavaVirtualMachines/jdk1.8.0_101.jdk/Contents/Home/jre/lib/libverify.dylib
0x00000001011ae000 	/Library/Java/JavaVirtualMachines/jdk1.8.0_101.jdk/Contents/Home/jre/lib/libjava.dylib
0x000000010299d000 	/Library/Java/JavaVirtualMachines/jdk1.8.0_101.jdk/Contents/Home/jre/lib/libinstrument.dylib
0x00000001011ee000 	/Library/Java/JavaVirtualMachines/jdk1.8.0_101.jdk/Contents/Home/jre/lib/libzip.dylib
0x0000000014740000 	/System/Library/Frameworks/JavaVM.framework/Versions/A/Frameworks/JavaRuntimeSupport.framework/Versions/A/JavaRuntimeSupport
0x0000000014740000 	/System/Library/Frameworks/JavaVM.framework/Versions/A/Frameworks/JavaNativeFoundation.framework/Versions/A/JavaNativeFoundation
0x0000000014740000 	/System/Library/Frameworks/JavaVM.framework/Versions/A/JavaVM
0x0000000014740000 	/System/Library/Frameworks/Carbon.framework/Versions/A/Carbon
0x0000000014740000 	/System/Library/PrivateFrameworks/JavaLaunching.framework/Versions/A/JavaLaunching
0x0000000014740000 	/System/Library/Frameworks/Carbon.framework/Versions/A/Frameworks/CommonPanels.framework/Versions/A/CommonPanels
0x0000000014740000 	/System/Library/Frameworks/Carbon.framework/Versions/A/Frameworks/Help.framework/Versions/A/Help
0x0000000014740000 	/System/Library/Frameworks/Carbon.framework/Versions/A/Frameworks/ImageCapture.framework/Versions/A/ImageCapture
0x0000000014740000 	/System/Library/Frameworks/Carbon.framework/Versions/A/Frameworks/OpenScripting.framework/Versions/A/OpenScripting
0x0000000014740000 	/System/Library/Frameworks/Carbon.framework/Versions/A/Frameworks/Print.framework/Versions/A/Print
0x0000000014740000 	/System/Library/Frameworks/Carbon.framework/Versions/A/Frameworks/SecurityHI.framework/Versions/A/SecurityHI
0x000000010aec7000 	/Library/Java/JavaVirtualMachines/jdk1.8.0_101.jdk/Contents/Home/jre/lib/libnet.dylib
0x000000010afbc000 	/Library/Java/JavaVirtualMachines/jdk1.8.0_101.jdk/Contents/Home/jre/lib/libprism_es2.dylib
0x0000000014740000 	/System/Library/PrivateFrameworks/CoreServicesInternal.framework/Versions/A/CoreServicesInternal
0x0000000014740000 	/System/Library/Frameworks/OpenGL.framework/Versions/A/Resources/GLEngine.bundle/GLEngine
0x0000000014740000 	/System/Library/Frameworks/OpenGL.framework/Versions/A/Libraries/libGLProgrammability.dylib
0x000000010b066000 	/System/Library/Extensions/AppleIntelBDWGraphicsGLDriver.bundle/Contents/MacOS/AppleIntelBDWGraphicsGLDriver
0x0000000014740000 	/System/Library/PrivateFrameworks/GPUSupport.framework/Versions/A/Libraries/libGPUSupportMercury.dylib
0x0000000014740000 	/System/Library/Frameworks/OpenGL.framework/Versions/A/Resources/GLRendererFloat.bundle/GLRendererFloat
0x0000000014740000 	/System/Library/Frameworks/OpenCL.framework/Versions/A/Libraries/libcldcpuengine.dylib
0x0000000014740000 	/usr/lib/libcrypto.35.dylib
0x0000000014740000 	/System/Library/PrivateFrameworks/TrustEvaluationAgent.framework/Versions/A/TrustEvaluationAgent
0x000000010bbb8000 	/Library/Java/JavaVirtualMachines/jdk1.8.0_101.jdk/Contents/Home/jre/lib/libglass.dylib
0x0000000014740000 	/System/Library/CoreServices/RawCamera.bundle/Contents/MacOS/RawCamera
0x0000000014740000 	/System/Library/PrivateFrameworks/MobileAsset.framework/Versions/A/MobileAsset
0x0000000014740000 	/System/Library/PrivateFrameworks/StreamingZip.framework/Versions/A/StreamingZip
0x0000000014740000 	/System/Library/Frameworks/MediaToolbox.framework/Versions/A/MediaToolbox
0x0000000014740000 	/System/Library/PrivateFrameworks/CoreAVCHD.framework/Versions/A/CoreAVCHD
0x0000000014740000 	/System/Library/Frameworks/MediaAccessibility.framework/Versions/A/MediaAccessibility
0x0000000014740000 	/System/Library/PrivateFrameworks/Mangrove.framework/Versions/A/Mangrove
0x0000000014740000 	/System/Library/Frameworks/CoreMedia.framework/Versions/A/CoreMedia
0x0000000014740000 	/System/Library/Frameworks/VideoToolbox.framework/Versions/A/VideoToolbox
0x0000000014740000 	/System/Library/PrivateFrameworks/CoreAUC.framework/Versions/A/CoreAUC
0x0000000014740000 	/usr/lib/libspindump.dylib
0x0000000014740000 	/System/Library/PrivateFrameworks/AppleVA.framework/Versions/A/AppleVA
0x0000000014740000 	/System/Library/Frameworks/Accelerate.framework/Versions/A/Frameworks/vImage.framework/Versions/A/Libraries/libCGInterfaces.dylib
0x0000000014740000 	/System/Library/PrivateFrameworks/FamilyControls.framework/Versions/A/FamilyControls
0x0000000014740000 	/System/Library/PrivateFrameworks/CommerceKit.framework/Versions/A/Frameworks/CommerceCore.framework/Versions/A/CommerceCore
0x0000000014740000 	/System/Library/PrivateFrameworks/SystemAdministration.framework/Versions/A/SystemAdministration
0x0000000014740000 	/System/Library/PrivateFrameworks/AppContainer.framework/Versions/A/AppContainer
0x0000000014740000 	/System/Library/PrivateFrameworks/SecCodeWrapper.framework/Versions/A/SecCodeWrapper
0x0000000014740000 	/System/Library/PrivateFrameworks/DiskManagement.framework/Versions/A/DiskManagement
0x0000000014740000 	/System/Library/Frameworks/DirectoryService.framework/Versions/A/DirectoryService
0x0000000014740000 	/System/Library/PrivateFrameworks/DiskImages.framework/Versions/A/DiskImages
0x0000000014740000 	/System/Library/PrivateFrameworks/LoginUIKit.framework/Versions/A/Frameworks/LoginUICore.framework/Versions/A/LoginUICore
0x0000000014740000 	/usr/lib/libCoreStorage.dylib
0x0000000014740000 	/usr/lib/libcsfde.dylib
0x0000000014740000 	/usr/lib/libodfde.dylib
0x0000000014740000 	/System/Library/PrivateFrameworks/MediaKit.framework/Versions/A/MediaKit
0x0000000014740000 	/System/Library/Frameworks/DiscRecording.framework/Versions/A/DiscRecording
0x0000000014740000 	/System/Library/PrivateFrameworks/EFILogin.framework/Versions/A/EFILogin
0x0000000014740000 	/System/Library/PrivateFrameworks/ProtectedCloudStorage.framework/Versions/A/ProtectedCloudStorage
0x0000000014740000 	/usr/lib/libcurl.4.dylib
0x0000000014740000 	/usr/lib/libssl.35.dylib
0x0000000014740000 	/System/Library/Frameworks/LDAP.framework/Versions/A/LDAP
0x0000000014740000 	/usr/lib/libsasl2.2.dylib
0x0000000014740000 	/System/Library/PrivateFrameworks/CoreDaemon.framework/Versions/B/CoreDaemon
0x0000000014740000 	/System/Library/PrivateFrameworks/AppleSRP.framework/Versions/A/AppleSRP
0x000000010c425000 	/Library/Java/JavaVirtualMachines/jdk1.8.0_101.jdk/Contents/Home/jre/lib/libjavafx_font.dylib
0x0000000014740000 	/System/Library/Frameworks/ApplicationServices.framework/Versions/A/Frameworks/ATS.framework/Versions/A/Resources/libTrueTypeScaler.dylib
0x000000010ea85000 	/Library/Java/JavaVirtualMachines/jdk1.8.0_101.jdk/Contents/Home/jre/lib/libprism_common.dylib
0x0000000014740000 	/System/Library/Extensions/AppleIntelBDWGraphicsMTLDriver.bundle/Contents/MacOS/AppleIntelBDWGraphicsMTLDriver
0x0000000014740000 	/System/Library/PrivateFrameworks/GPUCompiler.framework/Versions/3802/Libraries/libmetal_timestamp.dylib
0x0000000014740000 	/System/Library/PrivateFrameworks/ViewBridge.framework/Versions/A/ViewBridge
0x0000000014740000 	/System/Library/PrivateFrameworks/login.framework/Versions/A/login
0x000000010fbe7000 	/Library/Java/JavaVirtualMachines/jdk1.8.0_101.jdk/Contents/Home/jre/lib/libjavafx_iio.dylib
0x00000001275d9000 	/Library/Java/JavaVirtualMachines/jdk1.8.0_101.jdk/Contents/Home/jre/lib/libjfxwebkit.dylib
0x000000010c281000 	/Library/Java/JavaVirtualMachines/jdk1.8.0_101.jdk/Contents/Home/jre/lib/libnio.dylib
0x000000010fb8b000 	/Library/Java/JavaVirtualMachines/jdk1.8.0_101.jdk/Contents/Home/jre/lib/libsunec.dylib
0x0000000125cb0000 	/Library/Java/JavaVirtualMachines/jdk1.8.0_101.jdk/Contents/Home/jre/lib/libglib-lite.dylib
0x0000000129a48000 	/Library/Java/JavaVirtualMachines/jdk1.8.0_101.jdk/Contents/Home/jre/lib/libgstreamer-lite.dylib
0x0000000120b90000 	/Library/Java/JavaVirtualMachines/jdk1.8.0_101.jdk/Contents/Home/jre/lib/libjfxmedia.dylib
0x0000000125dd1000 	/Library/Java/JavaVirtualMachines/jdk1.8.0_101.jdk/Contents/Home/jre/lib/libjfxmedia_avf.dylib
0x0000000014740000 	/System/Library/Frameworks/AVFoundation.framework/Versions/A/AVFoundation
0x0000000014740000 	/System/Library/Frameworks/AVFoundation.framework/Versions/A/Frameworks/AVFAudio.framework/Versions/A/AVFAudio
0x0000000014740000 	/System/Library/PrivateFrameworks/IntlPreferences.framework/Versions/A/IntlPreferences
0x0000000014740000 	/System/Library/Frameworks/CoreMediaIO.framework/Versions/A/CoreMediaIO
0x0000000014740000 	/System/Library/PrivateFrameworks/RemoteServiceDiscovery.framework/Versions/A/RemoteServiceDiscovery
0x0000000014740000 	/System/Library/PrivateFrameworks/RemoteXPC.framework/Versions/A/RemoteXPC
0x0000000014740000 	/System/Library/PrivateFrameworks/InternationalSupport.framework/Versions/A/InternationalSupport
0x000000010e9c4000 	/Library/Java/JavaVirtualMachines/jdk1.8.0_101.jdk/Contents/Home/jre/lib/libjfxmedia_qtkit.dylib
0x0000000014740000 	/System/Library/Frameworks/QTKit.framework/Versions/A/QTKit
0x0000000014740000 	/System/Library/PrivateFrameworks/CoreMediaAuthoring.framework/Versions/A/CoreMediaAuthoring
0x000000012b136000 	/Library/Java/JavaVirtualMachines/jdk1.8.0_101.jdk/Contents/Home/jre/lib/libfxplugins.dylib
0x0000000014740000 	/System/Library/Frameworks/VideoDecodeAcceleration.framework/Versions/A/VideoDecodeAcceleration
0x000000010f700000 	/System/Library/Extensions/AppleHDA.kext/Contents/PlugIns/AppleHDAHALPlugIn.bundle/Contents/MacOS/AppleHDAHALPlugIn
0x000000012400c000 	/System/Library/Components/CoreAudio.component/Contents/MacOS/CoreAudio
0x000000012b380000 	/System/Library/Components/AudioCodecs.component/Contents/MacOS/AudioCodecs
0x0000000014740000 	/System/Library/PrivateFrameworks/AppleGVA.framework/Versions/A/AppleGVA
0x0000000124256000 	/System/Library/Extensions/AppleIntelBDWGraphicsVADriver.bundle/Contents/MacOS/AppleIntelBDWGraphicsVADriver
0x000000010e360000 	/System/Library/Extensions/AppleIntelBDWGraphicsVAME.bundle/Contents/MacOS/AppleIntelBDWGraphicsVAME
0x0000000014740000 	/usr/lib/libsystemstats.dylib

VM Arguments:
jvm_args: -javaagent:/Applications/IntelliJ IDEA.app/Contents/lib/idea_rt.jar=49627:/Applications/IntelliJ IDEA.app/Contents/bin -Dfile.encoding=UTF-8 
java_command: Vistas.sample.Main
java_class_path (initial): /Library/Java/JavaVirtualMachines/jdk1.8.0_101.jdk/Contents/Home/jre/lib/charsets.jar:/Library/Java/JavaVirtualMachines/jdk1.8.0_101.jdk/Contents/Home/jre/lib/deploy.jar:/Library/Java/JavaVirtualMachines/jdk1.8.0_101.jdk/Contents/Home/jre/lib/ext/cldrdata.jar:/Library/Java/JavaVirtualMachines/jdk1.8.0_101.jdk/Contents/Home/jre/lib/ext/dnsns.jar:/Library/Java/JavaVirtualMachines/jdk1.8.0_101.jdk/Contents/Home/jre/lib/ext/jaccess.jar:/Library/Java/JavaVirtualMachines/jdk1.8.0_101.jdk/Contents/Home/jre/lib/ext/jfxrt.jar:/Library/Java/JavaVirtualMachines/jdk1.8.0_101.jdk/Contents/Home/jre/lib/ext/localedata.jar:/Library/Java/JavaVirtualMachines/jdk1.8.0_101.jdk/Contents/Home/jre/lib/ext/nashorn.jar:/Library/Java/JavaVirtualMachines/jdk1.8.0_101.jdk/Contents/Home/jre/lib/ext/sunec.jar:/Library/Java/JavaVirtualMachines/jdk1.8.0_101.jdk/Contents/Home/jre/lib/ext/sunjce_provider.jar:/Library/Java/JavaVirtualMachines/jdk1.8.0_101.jdk/Contents/Home/jre/lib/ext/sunpkcs11.jar:/Library/Java/JavaVirtualMachines/jdk1.8.0_101.jdk/Contents/Home/jre/lib/ext/zipfs.jar:/Library/Java/JavaVirtualMachines/jdk1.8.0_101.jdk/Contents/Home/jre/lib/javaws.jar:/Library/Java/JavaVirtualMachines/jdk1.8.0_101.jdk/Contents/Home/jre/lib/jce.jar:/Library/Java/JavaVirtualMachines/jdk1.8.0_101.jdk/Contents/Home/jre/lib/jfr.jar:/Library/Java/JavaVirtualMachines/jdk1.8.0_101.jdk/Contents/Home/jre/lib/jfxswt.jar:/Library/Java/JavaVirtualMachines/jdk1.8.0_101.jdk/Contents/Home/jre/lib/jsse.jar:/Library/Java/JavaVirtualMachines/jdk1.8.0_101.jdk/Contents/Home/jre/lib/management-agent.jar:/Library/Java/JavaVirtualMachines/jdk1.8.0_101.jdk/Contents/Home/jre/lib/plugin.jar:/Library/Java/JavaVirtualMachines/jdk1.8.0_101.jdk/Contents/Home/jre/lib/resources.jar:/Library/Java/JavaVirtualMachines/jdk1.8.0_101.jdk/Contents/Home/jre/lib/rt.jar:/Library/Java/JavaVirtualMachines/jdk1.8.0_101.jdk/Contents/Home/lib/ant-javafx.jar:/Library/Java/JavaVirtualMachines/jdk1.8.0_101.jdk/Contents/Home
Launcher Type: SUN_STANDARD

Environment Variables:
PATH=/Library/Frameworks/Python.framework/Versions/2.7/bin:/usr/local/bin:/usr/bin:/bin:/usr/sbin:/sbin:/Library/TeX/texbin:/opt/X11/bin:/Applications/Wireshark.app/Contents/MacOS
SHELL=/bin/bash
DISPLAY=/private/tmp/com.apple.launchd.JdQLtdrI2A/org.macosforge.xquartz:0

Signal Handlers:
SIGSEGV: [libjvm.dylib+0x5af145], sa_mask[0]=11111111011111110111111111111111, sa_flags=SA_ONSTACK|SA_RESTART|SA_SIGINFO
SIGBUS: [libjvm.dylib+0x5af145], sa_mask[0]=11111111011111110111111111111111, sa_flags=SA_RESTART|SA_SIGINFO
SIGFPE: [libjvm.dylib+0x48694c], sa_mask[0]=11111111011111110111111111111111, sa_flags=SA_RESTART|SA_SIGINFO
SIGPIPE: [libjvm.dylib+0x48694c], sa_mask[0]=11111111011111110111111111111111, sa_flags=SA_RESTART|SA_SIGINFO
SIGXFSZ: [libjvm.dylib+0x48694c], sa_mask[0]=11111111011111110111111111111111, sa_flags=SA_RESTART|SA_SIGINFO
SIGILL: [libjvm.dylib+0x48694c], sa_mask[0]=11111111011111110111111111111111, sa_flags=SA_RESTART|SA_SIGINFO
SIGUSR1: SIG_DFL, sa_mask[0]=00000000000000000000000000000000, sa_flags=none
SIGUSR2: [libjvm.dylib+0x48646a], sa_mask[0]=00100000000000000000000000000000, sa_flags=SA_RESTART|SA_SIGINFO
SIGHUP: [libjvm.dylib+0x484a41], sa_mask[0]=11111111011111110111111111111111, sa_flags=SA_RESTART|SA_SIGINFO
SIGINT: [libjvm.dylib+0x484a41], sa_mask[0]=11111111011111110111111111111111, sa_flags=SA_RESTART|SA_SIGINFO
SIGTERM: [libjvm.dylib+0x484a41], sa_mask[0]=11111111011111110111111111111111, sa_flags=SA_RESTART|SA_SIGINFO
SIGQUIT: [libjvm.dylib+0x484a41], sa_mask[0]=11111111011111110111111111111111, sa_flags=SA_RESTART|SA_SIGINFO


---------------  S Y S T E M  ---------------

OS:Bsduname:Darwin 17.7.0 Darwin Kernel Version 17.7.0: Thu Jun 21 22:53:14 PDT 2018; root:xnu-4570.71.2~1/RELEASE_X86_64 x86_64
rlimit: STACK 8192k, CORE 0k, NPROC 709, NOFILE 10240, AS infinity
load average:2.69 2.73 2.86

CPU:total 4 (2 cores per cpu, 2 threads per core) family 6 model 61 stepping 4, cmov, cx8, fxsr, mmx, sse, sse2, sse3, ssse3, sse4.1, sse4.2, popcnt, avx, avx2, aes, clmul, erms, 3dnowpref, lzcnt, ht, tsc, tscinvbit, bmi1, bmi2, adx

Memory: 4k page, physical 8388608k(2104744k free)

/proc/meminfo:


vm_info: Java HotSpot(TM) 64-Bit Server VM (25.101-b13) for bsd-amd64 JRE (1.8.0_101-b13), built on Jun 22 2016 02:42:15 by "java_re" with gcc 4.2.1 (Based on Apple Inc. build 5658) (LLVM build 2336.11.00)

time: Thu Jan 31 13:44:26 2019
elapsed time: 147 seconds (0d 0h 2m 27s)

