#
# A fatal error has been detected by the Java Runtime Environment:
#
#  SIGSEGV (0xb) at pc=0x0000000139d3a6b1, pid=641, tid=0x0000000000000307
#
# JRE version: Java(TM) SE Runtime Environment (8.0_101-b13) (build 1.8.0_101-b13)
# Java VM: Java HotSpot(TM) 64-Bit Server VM (25.101-b13 mixed mode bsd-amd64 compressed oops)
# Problematic frame:
# C  [libjfxwebkit.dylib+0x103e6b1]  _ZN3JSCL8getByValEPNS_9ExecStateENS_7JSValueES2_NS_16ReturnAddressPtrE+0x41
#
# Failed to write core dump. Core dumps have been disabled. To enable core dumping, try "ulimit -c unlimited" before starting Java again
#
# If you would like to submit a bug report, please visit:
#   http://bugreport.java.com/bugreport/crash.jsp
# The crash happened outside the Java Virtual Machine in native code.
# See problematic frame for where to report the bug.
#

---------------  T H R E A D  ---------------

Current thread (0x00007f8370948000):  JavaThread "JavaFX Application Thread" [_thread_in_native, id=775, stack(0x00007ffee4518000,0x00007ffee4d18000)]

siginfo: si_signo: 11 (SIGSEGV), si_code: 1 (SEGV_MAPERR), si_addr: 0x0000000100000000

Registers:
RAX=0x000000012a696e20, RBX=0x0000000139d3bf20, RCX=0x000033adccff0a5f, RDX=0xffff000000000002
RSP=0x00007ffee4d10b50, RBP=0x00007ffee4d10bf0, RSI=0x000000012a696e20, RDI=0x00007ffee4d10c60
R8 =0x000000012b70b530, R9 =0x00007f83751dc800, R10=0x000000012b772d70, R11=0x0000000139d3a640
R12=0x000000012a696e20, R13=0x0000000100000000, R14=0xffff000000000000, R15=0x00007ffee4d10c60
RIP=0x0000000139d3a6b1, EFLAGS=0x0000000000010246, ERR=0x0000000000000004
  TRAPNO=0x000000000000000e

Top of Stack: (sp=0x00007ffee4d10b50)
0x00007ffee4d10b50:   ffff000000000000 0000000100000000
0x00007ffee4d10b60:   000000012a696e20 ffff000000000000
0x00007ffee4d10b70:   00007ffee4d10c60 000033adcd1320ca
0x00007ffee4d10b80:   0000000000000176 0000000000000001
0x00007ffee4d10b90:   ffff000000000000 ffff000000000002
0x00007ffee4d10ba0:   00007ffee4d10c60 000033adcce1a427
0x00007ffee4d10bb0:   00007f837750b0e0 000000012b70b530
0x00007ffee4d10bc0:   0000000127ccafb0 0000000139d3bf20
0x00007ffee4d10bd0:   000000000000005a 0000000000000001
0x00007ffee4d10be0:   ffff000000000000 ffff000000000002
0x00007ffee4d10bf0:   00007ffee4d10c60 000033adccff0a5f
0x00007ffee4d10c00:   000000000000000a 000000000000000a
0x00007ffee4d10c10:   000000000000000a 000000000000000a
0x00007ffee4d10c20:   000000000000000a 000000000000000a
0x00007ffee4d10c30:   000000000000000a 000000000000000a
0x00007ffee4d10c40:   000000000000000a 000000000000000a
0x00007ffee4d10c50:   000000000000000a 000000000000000a
0x00007ffee4d10c60:   00007ffee4d10ce0 000033adcce01a3a
0x00007ffee4d10c70:   00007f83726b0af0 000000012ce37b70
0x00007ffee4d10c80:   000000012a9b10f0 0000007100000003
0x00007ffee4d10c90:   000000012b70feb0 000000012a696e20
0x00007ffee4d10ca0:   0000000100000000 000000000000000a
0x00007ffee4d10cb0:   0000000139d66bd5 000000012a9b10f0
0x00007ffee4d10cc0:   000000012a697060 000000012ce9e670
0x00007ffee4d10cd0:   000000012cfed030 000000012b70b530
0x00007ffee4d10ce0:   00007ffee4d10d40 0000000139d66b6a
0x00007ffee4d10cf0:   00007f837752eea0 000000012b70b530
0x00007ffee4d10d00:   000000012cf49030 0000004d00000004
0x00007ffee4d10d10:   000000012b70a930 000000012a696e20
0x00007ffee4d10d20:   000000012cfed030 000000012ce9e670
0x00007ffee4d10d30:   0000000000000006 000000012cf49030
0x00007ffee4d10d40:   00007ffee4d10db0 0000000139d66b6a 

Instructions: (pc=0x0000000139d3a6b1)
0x0000000139d3a691:   4c 89 ad 68 ff ff ff 4c 89 e0 4c 09 e8 48 ba 02
0x0000000139d3a6a1:   00 00 00 00 00 ff ff 48 85 c2 0f 85 14 01 00 00
0x0000000139d3a6b1:   49 8b 45 00 80 78 5c 05 0f 85 06 01 00 00 48 c7
0x0000000139d3a6c1:   c0 00 00 ff ff 49 23 47 18 48 8b 98 68 04 00 00 

Register to memory mapping:

RAX=0x000000012a696e20 is an unknown value
RBX=0x0000000139d3bf20: operationOSRWriteBarrier+0 in /Library/Java/JavaVirtualMachines/jdk1.8.0_101.jdk/Contents/Home/jre/lib/libjfxwebkit.dylib at 0x0000000138cfc000
RCX=0x000033adccff0a5f is an unknown value
RDX=0xffff000000000002 is an unknown value
RSP=0x00007ffee4d10b50 is pointing into the stack for thread: 0x00007f8370948000
RBP=0x00007ffee4d10bf0 is pointing into the stack for thread: 0x00007f8370948000
RSI=0x000000012a696e20 is an unknown value
RDI=0x00007ffee4d10c60 is pointing into the stack for thread: 0x00007f8370948000
R8 =0x000000012b70b530 is an unknown value
R9 =0x00007f83751dc800 is an unknown value
R10=0x000000012b772d70 is an unknown value
R11=0x0000000139d3a640: operationGetByValGeneric+0 in /Library/Java/JavaVirtualMachines/jdk1.8.0_101.jdk/Contents/Home/jre/lib/libjfxwebkit.dylib at 0x0000000138cfc000
R12=0x000000012a696e20 is an unknown value
R13=0x0000000100000000 is an unknown value
R14=0xffff000000000000 is an unknown value
R15=0x00007ffee4d10c60 is pointing into the stack for thread: 0x00007f8370948000


Stack: [0x00007ffee4518000,0x00007ffee4d18000],  sp=0x00007ffee4d10b50,  free space=8162k
Native frames: (J=compiled Java code, j=interpreted, Vv=VM code, C=native code)
C  [libjfxwebkit.dylib+0x103e6b1]  _ZN3JSCL8getByValEPNS_9ExecStateENS_7JSValueES2_NS_16ReturnAddressPtrE+0x41
C  0x000033adccff0a5f
C  0x000033adcce01a3a
C  [libjfxwebkit.dylib+0x106ab6a]  llint_op_call+0x84
C  [libjfxwebkit.dylib+0x106ab6a]  llint_op_call+0x84
C  [libjfxwebkit.dylib+0x106ab6a]  llint_op_call+0x84
C  0x000033adcce6d3f7
C  0x000033adccebacd9
C  0x000033adcd097fd0
C  [libjfxwebkit.dylib+0x1065a37]  callToJavaScript+0x141
C  [libjfxwebkit.dylib+0x101f4e3]  _ZN3JSC7JITCode7executeEPNS_2VMEPNS_14ProtoCallFrameE+0x23
C  [libjfxwebkit.dylib+0xfdc089]  _ZN3JSC11Interpreter11executeCallEPNS_9ExecStateEPNS_8JSObjectENS_8CallTypeERKNS_8CallDataENS_7JSValueERKNS_7ArgListE+0x1b9
C  [libjfxwebkit.dylib+0x110bece]  _ZN3JSC4callEPNS_9ExecStateENS_7JSValueENS_8CallTypeERKNS_8CallDataES2_RKNS_7ArgListE+0x3e
C  [libjfxwebkit.dylib+0x1143879]  _ZN3JSC17boundFunctionCallEPNS_9ExecStateE+0x249
C  [libjfxwebkit.dylib+0x1065bdf]  callToNativeFunction+0x147
C  [libjfxwebkit.dylib+0xfdc0ca]  _ZN3JSC11Interpreter11executeCallEPNS_9ExecStateEPNS_8JSObjectENS_8CallTypeERKNS_8CallDataENS_7JSValueERKNS_7ArgListE+0x1fa
C  [libjfxwebkit.dylib+0x110bece]  _ZN3JSC4callEPNS_9ExecStateENS_7JSValueENS_8CallTypeERKNS_8CallDataES2_RKNS_7ArgListE+0x3e
C  [libjfxwebkit.dylib+0x499b8c]  _ZN7WebCore21JSMainThreadExecState4callEPN3JSC9ExecStateENS1_7JSValueENS1_8CallTypeERKNS1_8CallDataES4_RKNS1_7ArgListE+0x1c
C  [libjfxwebkit.dylib+0x4b3b06]  _ZN7WebCore15JSEventListener11handleEventEPNS_22ScriptExecutionContextEPNS_5EventE+0x356
C  [libjfxwebkit.dylib+0x69758e]  _ZN7WebCore11EventTarget18fireEventListenersEPNS_5EventEPNS_15EventTargetDataERN3WTF6VectorINS_23RegisteredEventListenerELm1ENS5_15CrashOnOverflowEEE+0x25e
C  [libjfxwebkit.dylib+0x69711e]  _ZN7WebCore11EventTarget18fireEventListenersEPNS_5EventE+0xae
C  [libjfxwebkit.dylib+0x68eb4a]  _ZNK7WebCore12EventContext17handleLocalEventsERNS_5EventE+0x5a
C  [libjfxwebkit.dylib+0x68fd64]  _ZN7WebCore15EventDispatcher13dispatchEventEPNS_4NodeEN3WTF10PassRefPtrINS_5EventEEE+0x3b4
C  [libjfxwebkit.dylib+0x6b051d]  _ZN7WebCore4Node13dispatchEventEN3WTF10PassRefPtrINS_5EventEEE+0x1d
C  [libjfxwebkit.dylib+0x6804aa]  _ZN7WebCore7Element18dispatchMouseEventERKNS_18PlatformMouseEventERKN3WTF12AtomicStringEiPS0_+0x10a
C  [libjfxwebkit.dylib+0x9ba809]  _ZN7WebCore12EventHandler26updateMouseEventTargetNodeEPNS_4NodeERKNS_18PlatformMouseEventEb+0x5b9
C  [libjfxwebkit.dylib+0x9b9111]  _ZN7WebCore12EventHandler18dispatchMouseEventERKN3WTF12AtomicStringEPNS_4NodeEbiRKNS_18PlatformMouseEventEb+0x51
C  [libjfxwebkit.dylib+0x9ba0a2]  _ZN7WebCore12EventHandler20handleMouseMoveEventERKNS_18PlatformMouseEventEPNS_13HitTestResultEb+0x562
C  [libjfxwebkit.dylib+0xa043c7]  _ZN7WebCore12EventHandler28passMouseMoveEventToSubframeERNS_28MouseEventWithHitTestResultsEPNS_5FrameEPNS_13HitTestResultE+0x27
C  [libjfxwebkit.dylib+0x9ba002]  _ZN7WebCore12EventHandler20handleMouseMoveEventERKNS_18PlatformMouseEventEPNS_13HitTestResultEb+0x4c2
C  [libjfxwebkit.dylib+0x9b99ab]  _ZN7WebCore12EventHandler10mouseMovedERKNS_18PlatformMouseEventE+0x6b
C  [libjfxwebkit.dylib+0xa922a3]  Java_com_sun_webkit_WebPage_twkProcessMouseEvent+0xf3
j  com.sun.webkit.WebPage.twkProcessMouseEvent(JIIIIIIIZZZZZF)Z+0
J 5116 C1 com.sun.webkit.WebPage.dispatchMouseEvent(Lcom/sun/webkit/event/WCMouseEvent;)Z (166 bytes) @ 0x0000000111d6ca0c [0x0000000111d6aae0+0x1f2c]
j  javafx.scene.web.WebView.processMouseEvent(Ljavafx/scene/input/MouseEvent;)V+175
j  javafx.scene.web.WebView.lambda$registerEventHandlers$32(Ljavafx/scene/input/MouseEvent;)V+2
j  javafx.scene.web.WebView$$Lambda$339.handle(Ljavafx/event/Event;)V+8
J 3019 C1 com.sun.javafx.event.CompositeEventHandler$NormalEventHandlerRecord.handleBubblingEvent(Ljavafx/event/Event;)V (11 bytes) @ 0x00000001111ed88c [0x00000001111ed780+0x10c]
J 3369 C2 com.sun.javafx.event.EventHandlerManager.dispatchBubblingEvent(Ljavafx/event/Event;)Ljavafx/event/Event; (23 bytes) @ 0x00000001119a09e8 [0x000000011199fac0+0xf28]
J 3642 C2 com.sun.javafx.event.CompositeEventDispatcher.dispatchBubblingEvent(Ljavafx/event/Event;)Ljavafx/event/Event; (35 bytes) @ 0x0000000111a3410c [0x0000000111a340a0+0x6c]
J 3444 C2 com.sun.javafx.event.BasicEventDispatcher.dispatchEvent(Ljavafx/event/Event;Ljavafx/event/EventDispatchChain;)Ljavafx/event/Event; (44 bytes) @ 0x00000001119c8cb0 [0x00000001119c8b80+0x130]
J 3444 C2 com.sun.javafx.event.BasicEventDispatcher.dispatchEvent(Ljavafx/event/Event;Ljavafx/event/EventDispatchChain;)Ljavafx/event/Event; (44 bytes) @ 0x00000001119c8c6c [0x00000001119c8b80+0xec]
J 3444 C2 com.sun.javafx.event.BasicEventDispatcher.dispatchEvent(Ljavafx/event/Event;Ljavafx/event/EventDispatchChain;)Ljavafx/event/Event; (44 bytes) @ 0x00000001119c8c6c [0x00000001119c8b80+0xec]
J 3152 C2 com.sun.javafx.event.EventDispatchChainImpl.dispatchEvent(Ljavafx/event/Event;)Ljavafx/event/Event; (101 bytes) @ 0x00000001119490d8 [0x0000000111949020+0xb8]
J 2836 C1 com.sun.javafx.event.EventUtil.fireEvent(Ljavafx/event/EventTarget;Ljavafx/event/Event;)Ljavafx/event/Event; (81 bytes) @ 0x00000001118855bc [0x0000000111884e80+0x73c]
J 2858 C1 javafx.scene.Scene$MouseHandler.process(Ljavafx/scene/input/MouseEvent;Z)V (735 bytes) @ 0x000000011189c57c [0x0000000111899a60+0x2b1c]
J 2989 C1 javafx.scene.Scene$ScenePeerListener.mouseEvent(Ljavafx/event/EventType;DDDDLjavafx/scene/input/MouseButton;ZZZZZZZZZ)V (50 bytes) @ 0x000000011114b1f4 [0x000000011114af20+0x2d4]
J 2985 C1 com.sun.javafx.tk.quantum.GlassViewEventHandler$MouseEventNotification.run()Ljava/lang/Void; (567 bytes) @ 0x00000001112939c4 [0x0000000111292c20+0xda4]
J 2975 C1 com.sun.javafx.tk.quantum.GlassViewEventHandler$MouseEventNotification.run()Ljava/lang/Object; (5 bytes) @ 0x000000011191300c [0x0000000111912f80+0x8c]
v  ~StubRoutines::call_stub
V  [libjvm.dylib+0x2ecf06]
V  [libjvm.dylib+0x34d69c]
J 1897  java.security.AccessController.doPrivileged(Ljava/security/PrivilegedAction;Ljava/security/AccessControlContext;)Ljava/lang/Object; (0 bytes) @ 0x00000001115b6115 [0x00000001115b6040+0xd5]
J 2973 C1 com.sun.javafx.tk.quantum.GlassViewEventHandler$$Lambda$240.get()Ljava/lang/Object; (8 bytes) @ 0x0000000111912164 [0x0000000111911f80+0x1e4]
J 2832 C1 com.sun.javafx.tk.quantum.QuantumToolkit.runWithoutRenderLock(Ljava/util/function/Supplier;)Ljava/lang/Object; (49 bytes) @ 0x0000000111882eb4 [0x0000000111882980+0x534]
J 2970 C1 com.sun.javafx.tk.quantum.GlassViewEventHandler.handleMouseEvent(Lcom/sun/glass/ui/View;JIIIIIIIZZ)V (108 bytes) @ 0x0000000111910fa4 [0x0000000111910b80+0x424]
J 2861 C1 com.sun.glass.ui.View.notifyMouse(IIIIIIIZZ)V (221 bytes) @ 0x00000001118a183c [0x00000001118a0760+0x10dc]
v  ~StubRoutines::call_stub
V  [libjvm.dylib+0x2ecf06]
V  [libjvm.dylib+0x324111]
V  [libjvm.dylib+0x3168df]
C  [libglass.dylib+0x2058c]  -[GlassViewDelegate sendJavaMouseEvent:]+0x86c
C  [AppKit+0x24f0ad]  -[NSTrackingArea mouseMoved:]+0x96
C  [AppKit+0x976340]  -[NSWindow(NSEventRouting) _reallySendEvent:isDelayedEvent:]+0x12b3
C  [AppKit+0x974c70]  -[NSWindow(NSEventRouting) sendEvent:]+0x1f1
C  [libglass.dylib+0x25964]  -[GlassWindow_Normal sendEvent:]+0x74
C  [AppKit+0x7d5f13]  -[NSApplication(NSEvent) sendEvent:]+0x67b
C  [AppKit+0x368b5]  -[NSApplication run]+0x32c
C  [libglass.dylib+0x654c]  -[GlassApplication runLoop:]+0x72c
C  [Foundation+0x682b5]  __NSThreadPerformPerform+0x14e
C  [CoreFoundation+0xa3a11]  __CFRUNLOOP_IS_CALLING_OUT_TO_A_SOURCE0_PERFORM_FUNCTION__+0x11
C  [CoreFoundation+0x15d42c]  __CFRunLoopDoSource0+0x6c
C  [CoreFoundation+0x86470]  __CFRunLoopDoSources0+0xd0
C  [CoreFoundation+0x858ed]  __CFRunLoopRun+0x50d
C  [CoreFoundation+0x85153]  CFRunLoopRunSpecific+0x1e3
C  [java+0x6465]  CreateExecutionEnvironment+0x367
C  [java+0x218c]  JLI_Launch+0x7a0
C  [java+0x84c2]  main+0x65
C  [java+0x19e4]  start+0x34
C  0x0000000000000006

Java frames: (J=compiled Java code, j=interpreted, Vv=VM code)
j  com.sun.webkit.WebPage.twkProcessMouseEvent(JIIIIIIIZZZZZF)Z+0
J 5116 C1 com.sun.webkit.WebPage.dispatchMouseEvent(Lcom/sun/webkit/event/WCMouseEvent;)Z (166 bytes) @ 0x0000000111d6ca0c [0x0000000111d6aae0+0x1f2c]
j  javafx.scene.web.WebView.processMouseEvent(Ljavafx/scene/input/MouseEvent;)V+175
j  javafx.scene.web.WebView.lambda$registerEventHandlers$32(Ljavafx/scene/input/MouseEvent;)V+2
j  javafx.scene.web.WebView$$Lambda$339.handle(Ljavafx/event/Event;)V+8
J 3019 C1 com.sun.javafx.event.CompositeEventHandler$NormalEventHandlerRecord.handleBubblingEvent(Ljavafx/event/Event;)V (11 bytes) @ 0x00000001111ed88c [0x00000001111ed780+0x10c]
J 3369 C2 com.sun.javafx.event.EventHandlerManager.dispatchBubblingEvent(Ljavafx/event/Event;)Ljavafx/event/Event; (23 bytes) @ 0x00000001119a09e8 [0x000000011199fac0+0xf28]
J 3642 C2 com.sun.javafx.event.CompositeEventDispatcher.dispatchBubblingEvent(Ljavafx/event/Event;)Ljavafx/event/Event; (35 bytes) @ 0x0000000111a3410c [0x0000000111a340a0+0x6c]
J 3444 C2 com.sun.javafx.event.BasicEventDispatcher.dispatchEvent(Ljavafx/event/Event;Ljavafx/event/EventDispatchChain;)Ljavafx/event/Event; (44 bytes) @ 0x00000001119c8cb0 [0x00000001119c8b80+0x130]
J 3444 C2 com.sun.javafx.event.BasicEventDispatcher.dispatchEvent(Ljavafx/event/Event;Ljavafx/event/EventDispatchChain;)Ljavafx/event/Event; (44 bytes) @ 0x00000001119c8c6c [0x00000001119c8b80+0xec]
J 3444 C2 com.sun.javafx.event.BasicEventDispatcher.dispatchEvent(Ljavafx/event/Event;Ljavafx/event/EventDispatchChain;)Ljavafx/event/Event; (44 bytes) @ 0x00000001119c8c6c [0x00000001119c8b80+0xec]
J 3152 C2 com.sun.javafx.event.EventDispatchChainImpl.dispatchEvent(Ljavafx/event/Event;)Ljavafx/event/Event; (101 bytes) @ 0x00000001119490d8 [0x0000000111949020+0xb8]
J 2836 C1 com.sun.javafx.event.EventUtil.fireEvent(Ljavafx/event/EventTarget;Ljavafx/event/Event;)Ljavafx/event/Event; (81 bytes) @ 0x00000001118855bc [0x0000000111884e80+0x73c]
J 2858 C1 javafx.scene.Scene$MouseHandler.process(Ljavafx/scene/input/MouseEvent;Z)V (735 bytes) @ 0x000000011189c57c [0x0000000111899a60+0x2b1c]
J 2989 C1 javafx.scene.Scene$ScenePeerListener.mouseEvent(Ljavafx/event/EventType;DDDDLjavafx/scene/input/MouseButton;ZZZZZZZZZ)V (50 bytes) @ 0x000000011114b1f4 [0x000000011114af20+0x2d4]
J 2985 C1 com.sun.javafx.tk.quantum.GlassViewEventHandler$MouseEventNotification.run()Ljava/lang/Void; (567 bytes) @ 0x00000001112939c4 [0x0000000111292c20+0xda4]
J 2975 C1 com.sun.javafx.tk.quantum.GlassViewEventHandler$MouseEventNotification.run()Ljava/lang/Object; (5 bytes) @ 0x000000011191300c [0x0000000111912f80+0x8c]
v  ~StubRoutines::call_stub
J 1897  java.security.AccessController.doPrivileged(Ljava/security/PrivilegedAction;Ljava/security/AccessControlContext;)Ljava/lang/Object; (0 bytes) @ 0x00000001115b60a3 [0x00000001115b6040+0x63]
J 2973 C1 com.sun.javafx.tk.quantum.GlassViewEventHandler$$Lambda$240.get()Ljava/lang/Object; (8 bytes) @ 0x0000000111912164 [0x0000000111911f80+0x1e4]
J 2832 C1 com.sun.javafx.tk.quantum.QuantumToolkit.runWithoutRenderLock(Ljava/util/function/Supplier;)Ljava/lang/Object; (49 bytes) @ 0x0000000111882eb4 [0x0000000111882980+0x534]
J 2970 C1 com.sun.javafx.tk.quantum.GlassViewEventHandler.handleMouseEvent(Lcom/sun/glass/ui/View;JIIIIIIIZZ)V (108 bytes) @ 0x0000000111910fa4 [0x0000000111910b80+0x424]
J 2861 C1 com.sun.glass.ui.View.notifyMouse(IIIIIIIZZ)V (221 bytes) @ 0x00000001118a183c [0x00000001118a0760+0x10dc]
v  ~StubRoutines::call_stub

---------------  P R O C E S S  ---------------

Java Threads: ( => current thread )
  0x00007f83753fb000 JavaThread "URL-Loader-22" daemon [_thread_blocked, id=61715, stack(0x0000700011d90000,0x0000700011e90000)]
  0x00007f837035e000 JavaThread "Keep-Alive-Timer" daemon [_thread_blocked, id=58899, stack(0x0000700011c0a000,0x0000700011d0a000)]
  0x00007f8374f2c000 JavaThread "URL-Loader-21" daemon [_thread_blocked, id=72783, stack(0x0000700011b07000,0x0000700011c07000)]
  0x00007f8371e9c000 JavaThread "Media Resource Disposer" daemon [_thread_blocked, id=96515, stack(0x00007000138ed000,0x00007000139ed000)]
  0x00007f83706db000 JavaThread "JFXMedia Player EventQueueThread" daemon [_thread_blocked, id=65795, stack(0x000070001324f000,0x000070001334f000)]
  0x00007f8371a3e000 JavaThread "Thread-6" daemon [_thread_in_native, id=71711, stack(0x0000700011d0d000,0x0000700011d8d000)]
  0x00007f8375167800 JavaThread "Watchdog-Timer-1" daemon [_thread_blocked, id=4647, stack(0x00007000117fe000,0x00007000118fe000)]
  0x00007f83719b3800 JavaThread "Disposer" daemon [_thread_blocked, id=44559, stack(0x000070001146f000,0x000070001156f000)]
  0x00007f8371184800 JavaThread "Prism Font Disposer" daemon [_thread_blocked, id=51051, stack(0x0000700011575000,0x0000700011675000)]
  0x00007f837114d800 JavaThread "GC Daemon" daemon [_thread_blocked, id=82691, stack(0x000070001136c000,0x000070001146c000)]
  0x00007f837199e800 JavaThread "RMI RenewClean-[192.168.1.103:49220]" daemon [_thread_blocked, id=50179, stack(0x0000700011269000,0x0000700011369000)]
  0x00007f83709d2800 JavaThread "RMI Scheduler(0)" daemon [_thread_blocked, id=49923, stack(0x0000700011166000,0x0000700011266000)]
  0x00007f8370994000 JavaThread "JavaFX-Launcher" [_thread_blocked, id=49411, stack(0x0000700011063000,0x0000700011163000)]
  0x00007f837098f800 JavaThread "Thread-3" daemon [_thread_in_native, id=34051, stack(0x0000700010eda000,0x0000700010f5a000)]
=>0x00007f8370948000 JavaThread "JavaFX Application Thread" [_thread_in_native, id=775, stack(0x00007ffee4518000,0x00007ffee4d18000)]
  0x00007f8371123800 JavaThread "Thread-1" daemon [_thread_blocked, id=40459, stack(0x0000700010dd7000,0x0000700010ed7000)]
  0x00007f837092f800 JavaThread "QuantumRenderer-0" daemon [_thread_blocked, id=15107, stack(0x0000700010cd4000,0x0000700010dd4000)]
  0x00007f837082d000 JavaThread "Service Thread" daemon [_thread_blocked, id=14595, stack(0x0000700010ace000,0x0000700010bce000)]
  0x00007f83718c8000 JavaThread "C1 CompilerThread2" daemon [_thread_blocked, id=14339, stack(0x00007000109cb000,0x0000700010acb000)]
  0x00007f83718c7800 JavaThread "C2 CompilerThread1" daemon [_thread_blocked, id=13827, stack(0x00007000108c8000,0x00007000109c8000)]
  0x00007f837082a000 JavaThread "C2 CompilerThread0" daemon [_thread_blocked, id=13571, stack(0x00007000107c5000,0x00007000108c5000)]
  0x00007f83718c2000 JavaThread "Monitor Ctrl-Break" daemon [_thread_in_native, id=17923, stack(0x00007000106c2000,0x00007000107c2000)]
  0x00007f8371020800 JavaThread "Signal Dispatcher" daemon [_thread_blocked, id=18183, stack(0x00007000105bf000,0x00007000106bf000)]
  0x00007f8371830000 JavaThread "Finalizer" daemon [_thread_blocked, id=20483, stack(0x0000700010439000,0x0000700010539000)]
  0x00007f8371829800 JavaThread "Reference Handler" daemon [_thread_blocked, id=20739, stack(0x0000700010336000,0x0000700010436000)]
  0x00007f8371801800 JavaThread "main" [_thread_blocked, id=9987, stack(0x000070000fd24000,0x000070000fe24000)]

Other Threads:
  0x00007f8371825000 VMThread [stack: 0x0000700010233000,0x0000700010333000] [id=11267]
  0x00007f837101d800 WatcherThread [stack: 0x0000700010bd1000,0x0000700010cd1000] [id=16899]

VM state:not at safepoint (normal execution)

VM Mutex/Monitor currently owned by a thread: None

Heap:
 PSYoungGen      total 584704K, used 123605K [0x0000000795580000, 0x00000007c0000000, 0x00000007c0000000)
  eden space 571904K, 21% used [0x0000000795580000,0x000000079ce0c9c0,0x00000007b8400000)
  from space 12800K, 1% used [0x00000007b8400000,0x00000007b8428b00,0x00000007b9080000)
  to   space 12800K, 0% used [0x00000007bf380000,0x00000007bf380000,0x00000007c0000000)
 ParOldGen       total 59392K, used 21772K [0x0000000740000000, 0x0000000743a00000, 0x0000000795580000)
  object space 59392K, 36% used [0x0000000740000000,0x0000000741543040,0x0000000743a00000)
 Metaspace       used 28770K, capacity 30340K, committed 30592K, reserved 1075200K
  class space    used 3807K, capacity 4111K, committed 4224K, reserved 1048576K

Card table byte_map: [0x000000010cb6e000,0x000000010cf6f000] byte_map_base: 0x000000010916e000

Marking Bits: (ParMarkBitMap*) 0x000000010c0edd20
 Begin Bits: [0x000000011ffcc000, 0x0000000121fcc000)
 End Bits:   [0x0000000121fcc000, 0x0000000123fcc000)

Polling page: 0x000000010af64000

CodeCache: size=245760Kb used=15043Kb max_used=15054Kb free=230716Kb
 bounds [0x0000000110fcc000, 0x0000000111e9c000, 0x000000011ffcc000]
 total_blobs=5555 nmethods=4765 adapters=701
 compilation: enabled

Compilation events (10 events):
Event: 75.408 Thread 0x00007f83718c8000 5497       3       com.sun.javafx.webkit.prism.WCRenderQueueImpl::<init> (7 bytes)
Event: 75.408 Thread 0x00007f83718c8000 nmethod 5497 0x0000000111458590 code [0x0000000111458700, 0x0000000111458888]
Event: 75.409 Thread 0x00007f83718c8000 5498       3       com.sun.webkit.WebPage$RenderFrame::access$100 (6 bytes)
Event: 75.409 Thread 0x00007f83718c8000 nmethod 5498 0x00000001115ef450 code [0x00000001115ef5c0, 0x00000001115ef728]
Event: 75.410 Thread 0x00007f83718c8000 5499       3       com.sun.javafx.font.PrismFont::equals (52 bytes)
Event: 75.411 Thread 0x00007f83718c8000 nmethod 5499 0x0000000111b4e590 code [0x0000000111b4e720, 0x0000000111b4ec68]
Event: 75.412 Thread 0x00007f83718c7800 5500       4       java.util.concurrent.locks.ReentrantLock$NonfairSync::tryAcquire (6 bytes)
Event: 75.413 Thread 0x00007f83718c7800 nmethod 5500 0x0000000111657cd0 code [0x0000000111657e20, 0x0000000111657ef8]
Event: 75.415 Thread 0x00007f83718c8000 5501       3       com.sun.prism.impl.BaseGraphics::drawTexture (22 bytes)
Event: 75.415 Thread 0x00007f83718c8000 nmethod 5501 0x000000011167ba90 code [0x000000011167bc00, 0x000000011167be28]

GC Heap History (10 events):
Event: 65.851 GC heap before
{Heap before GC invocations=10 (full 1):
 PSYoungGen      total 251392K, used 245740K [0x0000000795580000, 0x00000007a5980000, 0x00000007c0000000)
  eden space 240640K, 100% used [0x0000000795580000,0x00000007a4080000,0x00000007a4080000)
  from space 10752K, 47% used [0x00000007a4f00000,0x00000007a53fb008,0x00000007a5980000)
  to   space 12800K, 0% used [0x00000007a4080000,0x00000007a4080000,0x00000007a4d00000)
 ParOldGen       total 59392K, used 15448K [0x0000000740000000, 0x0000000743a00000, 0x0000000795580000)
  object space 59392K, 26% used [0x0000000740000000,0x0000000740f160d8,0x0000000743a00000)
 Metaspace       used 28614K, capacity 30078K, committed 30336K, reserved 1075200K
  class space    used 3806K, capacity 4110K, committed 4224K, reserved 1048576K
Event: 65.860 GC heap after
Heap after GC invocations=10 (full 1):
 PSYoungGen      total 253440K, used 5576K [0x0000000795580000, 0x00000007add80000, 0x00000007c0000000)
  eden space 240640K, 0% used [0x0000000795580000,0x0000000795580000,0x00000007a4080000)
  from space 12800K, 43% used [0x00000007a4080000,0x00000007a45f20d8,0x00000007a4d00000)
  to   space 12288K, 0% used [0x00000007ad180000,0x00000007ad180000,0x00000007add80000)
 ParOldGen       total 59392K, used 16056K [0x0000000740000000, 0x0000000743a00000, 0x0000000795580000)
  object space 59392K, 27% used [0x0000000740000000,0x0000000740fae120,0x0000000743a00000)
 Metaspace       used 28614K, capacity 30078K, committed 30336K, reserved 1075200K
  class space    used 3806K, capacity 4110K, committed 4224K, reserved 1048576K
}
Event: 67.726 GC heap before
{Heap before GC invocations=11 (full 1):
 PSYoungGen      total 253440K, used 246216K [0x0000000795580000, 0x00000007add80000, 0x00000007c0000000)
  eden space 240640K, 100% used [0x0000000795580000,0x00000007a4080000,0x00000007a4080000)
  from space 12800K, 43% used [0x00000007a4080000,0x00000007a45f20d8,0x00000007a4d00000)
  to   space 12288K, 0% used [0x00000007ad180000,0x00000007ad180000,0x00000007add80000)
 ParOldGen       total 59392K, used 16056K [0x0000000740000000, 0x0000000743a00000, 0x0000000795580000)
  object space 59392K, 27% used [0x0000000740000000,0x0000000740fae120,0x0000000743a00000)
 Metaspace       used 28665K, capacity 30148K, committed 30336K, reserved 1075200K
  class space    used 3807K, capacity 4111K, committed 4224K, reserved 1048576K
Event: 67.732 GC heap after
Heap after GC invocations=11 (full 1):
 PSYoungGen      total 384000K, used 2105K [0x0000000795580000, 0x00000007adb00000, 0x00000007c0000000)
  eden space 374272K, 0% used [0x0000000795580000,0x0000000795580000,0x00000007ac300000)
  from space 9728K, 21% used [0x00000007ad180000,0x00000007ad38e4d0,0x00000007adb00000)
  to   space 12288K, 0% used [0x00000007ac300000,0x00000007ac300000,0x00000007acf00000)
 ParOldGen       total 59392K, used 19704K [0x0000000740000000, 0x0000000743a00000, 0x0000000795580000)
  object space 59392K, 33% used [0x0000000740000000,0x000000074133e068,0x0000000743a00000)
 Metaspace       used 28665K, capacity 30148K, committed 30336K, reserved 1075200K
  class space    used 3807K, capacity 4111K, committed 4224K, reserved 1048576K
}
Event: 69.361 GC heap before
{Heap before GC invocations=12 (full 1):
 PSYoungGen      total 384000K, used 376377K [0x0000000795580000, 0x00000007adb00000, 0x00000007c0000000)
  eden space 374272K, 100% used [0x0000000795580000,0x00000007ac300000,0x00000007ac300000)
  from space 9728K, 21% used [0x00000007ad180000,0x00000007ad38e4d0,0x00000007adb00000)
  to   space 12288K, 0% used [0x00000007ac300000,0x00000007ac300000,0x00000007acf00000)
 ParOldGen       total 59392K, used 19704K [0x0000000740000000, 0x0000000743a00000, 0x0000000795580000)
  object space 59392K, 33% used [0x0000000740000000,0x000000074133e068,0x0000000743a00000)
 Metaspace       used 28691K, capacity 30212K, committed 30336K, reserved 1075200K
  class space    used 3807K, capacity 4111K, committed 4224K, reserved 1048576K
Event: 69.366 GC heap after
Heap after GC invocations=12 (full 1):
 PSYoungGen      total 386560K, used 128K [0x0000000795580000, 0x00000007ba280000, 0x00000007c0000000)
  eden space 374272K, 0% used [0x0000000795580000,0x0000000795580000,0x00000007ac300000)
  from space 12288K, 1% used [0x00000007ac300000,0x00000007ac320000,0x00000007acf00000)
  to   space 12800K, 0% used [0x00000007b9600000,0x00000007b9600000,0x00000007ba280000)
 ParOldGen       total 59392K, used 21732K [0x0000000740000000, 0x0000000743a00000, 0x0000000795580000)
  object space 59392K, 36% used [0x0000000740000000,0x0000000741539040,0x0000000743a00000)
 Metaspace       used 28691K, capacity 30212K, committed 30336K, reserved 1075200K
  class space    used 3807K, capacity 4111K, committed 4224K, reserved 1048576K
}
Event: 70.817 GC heap before
{Heap before GC invocations=13 (full 1):
 PSYoungGen      total 386560K, used 374400K [0x0000000795580000, 0x00000007ba280000, 0x00000007c0000000)
  eden space 374272K, 100% used [0x0000000795580000,0x00000007ac300000,0x00000007ac300000)
  from space 12288K, 1% used [0x00000007ac300000,0x00000007ac320000,0x00000007acf00000)
  to   space 12800K, 0% used [0x00000007b9600000,0x00000007b9600000,0x00000007ba280000)
 ParOldGen       total 59392K, used 21732K [0x0000000740000000, 0x0000000743a00000, 0x0000000795580000)
  object space 59392K, 36% used [0x0000000740000000,0x0000000741539040,0x0000000743a00000)
 Metaspace       used 28708K, capacity 30212K, committed 30336K, reserved 1075200K
  class space    used 3807K, capacity 4111K, committed 4224K, reserved 1048576K
Event: 70.818 GC heap after
Heap after GC invocations=13 (full 1):
 PSYoungGen      total 579072K, used 96K [0x0000000795580000, 0x00000007b9d00000, 0x00000007c0000000)
  eden space 571904K, 0% used [0x0000000795580000,0x0000000795580000,0x00000007b8400000)
  from space 7168K, 1% used [0x00000007b9600000,0x00000007b9618000,0x00000007b9d00000)
  to   space 12800K, 0% used [0x00000007b8400000,0x00000007b8400000,0x00000007b9080000)
 ParOldGen       total 59392K, used 21764K [0x0000000740000000, 0x0000000743a00000, 0x0000000795580000)
  object space 59392K, 36% used [0x0000000740000000,0x0000000741541040,0x0000000743a00000)
 Metaspace       used 28708K, capacity 30212K, committed 30336K, reserved 1075200K
  class space    used 3807K, capacity 4111K, committed 4224K, reserved 1048576K
}
Event: 72.128 GC heap before
{Heap before GC invocations=14 (full 1):
 PSYoungGen      total 579072K, used 572000K [0x0000000795580000, 0x00000007b9d00000, 0x00000007c0000000)
  eden space 571904K, 100% used [0x0000000795580000,0x00000007b8400000,0x00000007b8400000)
  from space 7168K, 1% used [0x00000007b9600000,0x00000007b9618000,0x00000007b9d00000)
  to   space 12800K, 0% used [0x00000007b8400000,0x00000007b8400000,0x00000007b9080000)
 ParOldGen       total 59392K, used 21764K [0x0000000740000000, 0x0000000743a00000, 0x0000000795580000)
  object space 59392K, 36% used [0x0000000740000000,0x0000000741541040,0x0000000743a00000)
 Metaspace       used 28719K, capacity 30276K, committed 30592K, reserved 1075200K
  class space    used 3807K, capacity 4111K, committed 4224K, reserved 1048576K
Event: 72.130 GC heap after
Heap after GC invocations=14 (full 1):
 PSYoungGen      total 584704K, used 162K [0x0000000795580000, 0x00000007c0000000, 0x00000007c0000000)
  eden space 571904K, 0% used [0x0000000795580000,0x0000000795580000,0x00000007b8400000)
  from space 12800K, 1% used [0x00000007b8400000,0x00000007b8428b00,0x00000007b9080000)
  to   space 12800K, 0% used [0x00000007bf380000,0x00000007bf380000,0x00000007c0000000)
 ParOldGen       total 59392K, used 21772K [0x0000000740000000, 0x0000000743a00000, 0x0000000795580000)
  object space 59392K, 36% used [0x0000000740000000,0x0000000741543040,0x0000000743a00000)
 Metaspace       used 28719K, capacity 30276K, committed 30592K, reserved 1075200K
  class space    used 3807K, capacity 4111K, committed 4224K, reserved 1048576K
}

Deoptimization events (10 events):
Event: 62.881 Thread 0x00007f837092f800 Uncommon trap: reason=class_check action=maybe_recompile pc=0x0000000111a079d4 method=com.sun.prism.impl.GlyphCache.getCachedGlyph(II)Lcom/sun/prism/impl/GlyphCache$GlyphData; @ 81
Event: 62.908 Thread 0x00007f83706c8000 Uncommon trap: reason=class_check action=maybe_recompile pc=0x000000011155cd94 method=java.io.FilterInputStream.read()I @ 4
Event: 62.908 Thread 0x00007f83706c8000 Uncommon trap: reason=class_check action=maybe_recompile pc=0x000000011155cd94 method=java.io.FilterInputStream.read()I @ 4
Event: 62.908 Thread 0x00007f83706c8000 Uncommon trap: reason=class_check action=maybe_recompile pc=0x000000011155cd94 method=java.io.FilterInputStream.read()I @ 4
Event: 62.908 Thread 0x00007f83706c8000 Uncommon trap: reason=class_check action=maybe_recompile pc=0x000000011155cd94 method=java.io.FilterInputStream.read()I @ 4
Event: 63.332 Thread 0x00007f83706d4800 Uncommon trap: reason=unstable_if action=reinterpret pc=0x0000000111642814 method=com.sun.crypto.provider.GaloisCounterMode.increment32([B)V @ 39
Event: 63.332 Thread 0x00007f83706d4800 Uncommon trap: reason=unstable_if action=reinterpret pc=0x00000001115f2c1c method=com.sun.crypto.provider.GaloisCounterMode.increment32([B)V @ 39
Event: 63.332 Thread 0x00007f83706d4800 Uncommon trap: reason=unstable_if action=reinterpret pc=0x0000000111458798 method=com.sun.crypto.provider.GaloisCounterMode.increment32([B)V @ 39
Event: 67.884 Thread 0x00007f837092f800 Uncommon trap: reason=unstable_if action=reinterpret pc=0x00000001119e1734 method=java.lang.Math.round(F)I @ 36
Event: 67.884 Thread 0x00007f837092f800 Uncommon trap: reason=unstable_if action=reinterpret pc=0x000000011164ef64 method=java.lang.Math.round(F)I @ 36

Internal exceptions (10 events):
Event: 61.971 Thread 0x00007f8375053000 Exception <a 'java/lang/ClassNotFoundException': sun/net/www/protocol/data/Handler> (0x0000000797942f60) thrown at [/HUDSON3/workspace/8-2-build-macosx-x86_64/jdk8u101/7261/hotspot/src/share/vm/classfile/systemDictionary.cpp, line 210]
Event: 62.071 Thread 0x00007f8370948000 Exception <a 'java/io/FileNotFoundException'> (0x00000007978ab120) thrown at [/HUDSON3/workspace/8-2-build-macosx-x86_64/jdk8u101/7261/hotspot/src/share/vm/prims/jni.cpp, line 709]
Event: 63.044 Thread 0x00007f837092f800 Implicit null exception at 0x00000001112d99f5 to 0x00000001112db681
Event: 63.044 Thread 0x00007f837092f800 Exception <a 'java/lang/NullPointerException'> (0x000000079863a958) thrown at [/HUDSON3/workspace/8-2-build-macosx-x86_64/jdk8u101/7261/hotspot/src/share/vm/runtime/sharedRuntime.cpp, line 605]
Event: 63.179 Thread 0x00007f8371ff5800 Exception <a 'java/lang/ClassNotFoundException': sun/net/www/protocol/data/Handler> (0x0000000798d4b160) thrown at [/HUDSON3/workspace/8-2-build-macosx-x86_64/jdk8u101/7261/hotspot/src/share/vm/classfile/systemDictionary.cpp, line 210]
Event: 63.181 Thread 0x00007f8371ff5800 Exception <a 'java/lang/ClassNotFoundException': sun/net/www/protocol/data/Handler> (0x0000000798d51830) thrown at [/HUDSON3/workspace/8-2-build-macosx-x86_64/jdk8u101/7261/hotspot/src/share/vm/classfile/systemDictionary.cpp, line 210]
Event: 63.181 Thread 0x00007f837512c800 Exception <a 'java/lang/ClassNotFoundException': sun/net/www/protocol/data/Handler> (0x0000000796de09c0) thrown at [/HUDSON3/workspace/8-2-build-macosx-x86_64/jdk8u101/7261/hotspot/src/share/vm/classfile/systemDictionary.cpp, line 210]
Event: 63.182 Thread 0x00007f837512c800 Exception <a 'java/lang/ClassNotFoundException': sun/net/www/protocol/data/Handler> (0x0000000796de70e8) thrown at [/HUDSON3/workspace/8-2-build-macosx-x86_64/jdk8u101/7261/hotspot/src/share/vm/classfile/systemDictionary.cpp, line 210]
Event: 65.033 Thread 0x00007f837092f800 Implicit null exception at 0x0000000111b3be9d to 0x0000000111b3c1a4
Event: 65.033 Thread 0x00007f837092f800 Exception <a 'java/lang/NullPointerException'> (0x000000079c137648) thrown at [/HUDSON3/workspace/8-2-build-macosx-x86_64/jdk8u101/7261/hotspot/src/share/vm/runtime/sharedRuntime.cpp, line 605]

Events (10 events):
Event: 74.522 Thread 0x00007f83718c8000 flushing nmethod 0x00000001115ef450
Event: 74.522 Thread 0x00007f83718c8000 flushing nmethod 0x00000001115f2450
Event: 74.522 Thread 0x00007f83718c8000 flushing nmethod 0x00000001115f74d0
Event: 74.522 Thread 0x00007f83718c8000 flushing nmethod 0x0000000111642210
Event: 74.522 Thread 0x00007f83718c8000 flushing nmethod 0x0000000111657cd0
Event: 74.804 Thread 0x00007f83718c8000 flushing nmethod 0x000000011167ba90
Event: 75.408 Thread 0x00007f83718c8000 flushing nmethod 0x0000000111b4de10
Event: 75.409 Executing VM operation: BulkRevokeBias
Event: 75.409 Executing VM operation: BulkRevokeBias done
Event: 75.409 Thread 0x00007f83718c8000 flushing nmethod 0x0000000111d07150


Dynamic libraries:
0x000000002434d000 	/System/Library/Frameworks/Cocoa.framework/Versions/A/Cocoa
0x000000002434d000 	/System/Library/Frameworks/Security.framework/Versions/A/Security
0x000000002434d000 	/System/Library/Frameworks/ApplicationServices.framework/Versions/A/ApplicationServices
0x000000002434d000 	/usr/lib/libz.1.dylib
0x000000002434d000 	/usr/lib/libSystem.B.dylib
0x000000002434d000 	/usr/lib/libobjc.A.dylib
0x000000002434d000 	/System/Library/Frameworks/CoreFoundation.framework/Versions/A/CoreFoundation
0x000000002434d000 	/System/Library/Frameworks/Foundation.framework/Versions/C/Foundation
0x000000002434d000 	/System/Library/Frameworks/AppKit.framework/Versions/C/AppKit
0x000000002434d000 	/System/Library/Frameworks/CoreData.framework/Versions/A/CoreData
0x000000002434d000 	/System/Library/PrivateFrameworks/RemoteViewServices.framework/Versions/A/RemoteViewServices
0x000000002434d000 	/System/Library/PrivateFrameworks/UIFoundation.framework/Versions/A/UIFoundation
0x000000002434d000 	/System/Library/PrivateFrameworks/DFRFoundation.framework/Versions/A/DFRFoundation
0x000000002434d000 	/System/Library/Frameworks/Metal.framework/Versions/A/Metal
0x000000002434d000 	/System/Library/PrivateFrameworks/DesktopServicesPriv.framework/Versions/A/DesktopServicesPriv
0x000000002434d000 	/usr/lib/libenergytrace.dylib
0x000000002434d000 	/System/Library/PrivateFrameworks/SkyLight.framework/Versions/A/SkyLight
0x000000002434d000 	/System/Library/Frameworks/CoreGraphics.framework/Versions/A/CoreGraphics
0x000000002434d000 	/usr/lib/libScreenReader.dylib
0x000000002434d000 	/System/Library/Frameworks/Accelerate.framework/Versions/A/Accelerate
0x000000002434d000 	/System/Library/Frameworks/IOSurface.framework/Versions/A/IOSurface
0x000000002434d000 	/System/Library/Frameworks/AudioToolbox.framework/Versions/A/AudioToolbox
0x000000002434d000 	/System/Library/Frameworks/AudioUnit.framework/Versions/A/AudioUnit
0x000000002434d000 	/System/Library/PrivateFrameworks/DataDetectorsCore.framework/Versions/A/DataDetectorsCore
0x000000002434d000 	/System/Library/Frameworks/Carbon.framework/Versions/A/Frameworks/HIToolbox.framework/Versions/A/HIToolbox
0x000000002434d000 	/usr/lib/libicucore.A.dylib
0x000000002434d000 	/System/Library/Frameworks/QuartzCore.framework/Versions/A/QuartzCore
0x000000002434d000 	/System/Library/PrivateFrameworks/SignpostNotification.framework/Versions/A/SignpostNotification
0x000000002434d000 	/System/Library/Frameworks/Carbon.framework/Versions/A/Frameworks/SpeechRecognition.framework/Versions/A/SpeechRecognition
0x000000002434d000 	/usr/lib/libauto.dylib
0x000000002434d000 	/usr/lib/libxml2.2.dylib
0x000000002434d000 	/System/Library/PrivateFrameworks/CoreUI.framework/Versions/A/CoreUI
0x000000002434d000 	/System/Library/Frameworks/CoreAudio.framework/Versions/A/CoreAudio
0x000000002434d000 	/System/Library/Frameworks/DiskArbitration.framework/Versions/A/DiskArbitration
0x000000002434d000 	/usr/lib/liblangid.dylib
0x000000002434d000 	/System/Library/PrivateFrameworks/MultitouchSupport.framework/Versions/A/MultitouchSupport
0x000000002434d000 	/System/Library/Frameworks/IOKit.framework/Versions/A/IOKit
0x000000002434d000 	/usr/lib/libDiagnosticMessagesClient.dylib
0x000000002434d000 	/System/Library/Frameworks/CoreServices.framework/Versions/A/CoreServices
0x000000002434d000 	/System/Library/PrivateFrameworks/PerformanceAnalysis.framework/Versions/A/PerformanceAnalysis
0x000000002434d000 	/System/Library/Frameworks/OpenGL.framework/Versions/A/OpenGL
0x000000002434d000 	/System/Library/Frameworks/ColorSync.framework/Versions/A/ColorSync
0x000000002434d000 	/System/Library/Frameworks/CoreImage.framework/Versions/A/CoreImage
0x000000002434d000 	/System/Library/Frameworks/CoreText.framework/Versions/A/CoreText
0x000000002434d000 	/System/Library/Frameworks/ImageIO.framework/Versions/A/ImageIO
0x000000002434d000 	/System/Library/PrivateFrameworks/Backup.framework/Versions/A/Backup
0x000000002434d000 	/usr/lib/libarchive.2.dylib
0x000000002434d000 	/System/Library/Frameworks/CFNetwork.framework/Versions/A/CFNetwork
0x000000002434d000 	/System/Library/Frameworks/SystemConfiguration.framework/Versions/A/SystemConfiguration
0x000000002434d000 	/usr/lib/libCRFSuite.dylib
0x000000002434d000 	/usr/lib/libc++.1.dylib
0x000000002434d000 	/usr/lib/libc++abi.dylib
0x000000002434d000 	/usr/lib/system/libcache.dylib
0x000000002434d000 	/usr/lib/system/libcommonCrypto.dylib
0x000000002434d000 	/usr/lib/system/libcompiler_rt.dylib
0x000000002434d000 	/usr/lib/system/libcopyfile.dylib
0x000000002434d000 	/usr/lib/system/libcorecrypto.dylib
0x000000002434d000 	/usr/lib/system/libdispatch.dylib
0x000000002434d000 	/usr/lib/system/libdyld.dylib
0x000000002434d000 	/usr/lib/system/libkeymgr.dylib
0x000000002434d000 	/usr/lib/system/liblaunch.dylib
0x000000002434d000 	/usr/lib/system/libmacho.dylib
0x000000002434d000 	/usr/lib/system/libquarantine.dylib
0x000000002434d000 	/usr/lib/system/libremovefile.dylib
0x000000002434d000 	/usr/lib/system/libsystem_asl.dylib
0x000000002434d000 	/usr/lib/system/libsystem_blocks.dylib
0x000000002434d000 	/usr/lib/system/libsystem_c.dylib
0x000000002434d000 	/usr/lib/system/libsystem_configuration.dylib
0x000000002434d000 	/usr/lib/system/libsystem_coreservices.dylib
0x000000002434d000 	/usr/lib/system/libsystem_darwin.dylib
0x000000002434d000 	/usr/lib/system/libsystem_dnssd.dylib
0x000000002434d000 	/usr/lib/system/libsystem_info.dylib
0x000000002434d000 	/usr/lib/system/libsystem_m.dylib
0x000000002434d000 	/usr/lib/system/libsystem_malloc.dylib
0x000000002434d000 	/usr/lib/system/libsystem_network.dylib
0x000000002434d000 	/usr/lib/system/libsystem_networkextension.dylib
0x000000002434d000 	/usr/lib/system/libsystem_notify.dylib
0x000000002434d000 	/usr/lib/system/libsystem_sandbox.dylib
0x000000002434d000 	/usr/lib/system/libsystem_secinit.dylib
0x000000002434d000 	/usr/lib/system/libsystem_kernel.dylib
0x000000002434d000 	/usr/lib/system/libsystem_platform.dylib
0x000000002434d000 	/usr/lib/system/libsystem_pthread.dylib
0x000000002434d000 	/usr/lib/system/libsystem_symptoms.dylib
0x000000002434d000 	/usr/lib/system/libsystem_trace.dylib
0x000000002434d000 	/usr/lib/system/libunwind.dylib
0x000000002434d000 	/usr/lib/system/libxpc.dylib
0x000000002434d000 	/usr/lib/closure/libclosured.dylib
0x000000002434d000 	/usr/lib/libbsm.0.dylib
0x000000002434d000 	/usr/lib/system/libkxld.dylib
0x000000002434d000 	/usr/lib/libOpenScriptingUtil.dylib
0x000000002434d000 	/usr/lib/libcoretls.dylib
0x000000002434d000 	/usr/lib/libcoretls_cfhelpers.dylib
0x000000002434d000 	/usr/lib/libpam.2.dylib
0x000000002434d000 	/usr/lib/libsqlite3.dylib
0x000000002434d000 	/usr/lib/libxar.1.dylib
0x000000002434d000 	/usr/lib/libbz2.1.0.dylib
0x000000002434d000 	/usr/lib/liblzma.5.dylib
0x000000002434d000 	/usr/lib/libnetwork.dylib
0x000000002434d000 	/usr/lib/libapple_nghttp2.dylib
0x000000002434d000 	/usr/lib/libpcap.A.dylib
0x000000002434d000 	/usr/lib/libboringssl.dylib
0x000000002434d000 	/usr/lib/libusrtcp.dylib
0x000000002434d000 	/usr/lib/libapple_crypto.dylib
0x000000002434d000 	/System/Library/Frameworks/CoreServices.framework/Versions/A/Frameworks/FSEvents.framework/Versions/A/FSEvents
0x000000002434d000 	/System/Library/Frameworks/CoreServices.framework/Versions/A/Frameworks/CarbonCore.framework/Versions/A/CarbonCore
0x000000002434d000 	/System/Library/Frameworks/CoreServices.framework/Versions/A/Frameworks/Metadata.framework/Versions/A/Metadata
0x000000002434d000 	/System/Library/Frameworks/CoreServices.framework/Versions/A/Frameworks/OSServices.framework/Versions/A/OSServices
0x000000002434d000 	/System/Library/Frameworks/CoreServices.framework/Versions/A/Frameworks/SearchKit.framework/Versions/A/SearchKit
0x000000002434d000 	/System/Library/Frameworks/CoreServices.framework/Versions/A/Frameworks/AE.framework/Versions/A/AE
0x000000002434d000 	/System/Library/Frameworks/CoreServices.framework/Versions/A/Frameworks/LaunchServices.framework/Versions/A/LaunchServices
0x000000002434d000 	/System/Library/Frameworks/CoreServices.framework/Versions/A/Frameworks/DictionaryServices.framework/Versions/A/DictionaryServices
0x000000002434d000 	/System/Library/Frameworks/CoreServices.framework/Versions/A/Frameworks/SharedFileList.framework/Versions/A/SharedFileList
0x000000002434d000 	/System/Library/Frameworks/NetFS.framework/Versions/A/NetFS
0x000000002434d000 	/System/Library/PrivateFrameworks/NetAuth.framework/Versions/A/NetAuth
0x000000002434d000 	/System/Library/PrivateFrameworks/login.framework/Versions/A/Frameworks/loginsupport.framework/Versions/A/loginsupport
0x000000002434d000 	/System/Library/PrivateFrameworks/TCC.framework/Versions/A/TCC
0x000000002434d000 	/usr/lib/libmecabra.dylib
0x000000002434d000 	/System/Library/Frameworks/ApplicationServices.framework/Versions/A/Frameworks/ATS.framework/Versions/A/ATS
0x000000002434d000 	/System/Library/Frameworks/ApplicationServices.framework/Versions/A/Frameworks/ColorSyncLegacy.framework/Versions/A/ColorSyncLegacy
0x000000002434d000 	/System/Library/Frameworks/ApplicationServices.framework/Versions/A/Frameworks/HIServices.framework/Versions/A/HIServices
0x000000002434d000 	/System/Library/Frameworks/ApplicationServices.framework/Versions/A/Frameworks/LangAnalysis.framework/Versions/A/LangAnalysis
0x000000002434d000 	/System/Library/Frameworks/ApplicationServices.framework/Versions/A/Frameworks/PrintCore.framework/Versions/A/PrintCore
0x000000002434d000 	/System/Library/Frameworks/ApplicationServices.framework/Versions/A/Frameworks/QD.framework/Versions/A/QD
0x000000002434d000 	/System/Library/Frameworks/ApplicationServices.framework/Versions/A/Frameworks/SpeechSynthesis.framework/Versions/A/SpeechSynthesis
0x000000002434d000 	/System/Library/Frameworks/CoreDisplay.framework/Versions/A/CoreDisplay
0x000000002434d000 	/System/Library/Frameworks/Accelerate.framework/Versions/A/Frameworks/vImage.framework/Versions/A/vImage
0x000000002434d000 	/System/Library/Frameworks/Accelerate.framework/Versions/A/Frameworks/vecLib.framework/Versions/A/vecLib
0x000000002434d000 	/System/Library/Frameworks/Accelerate.framework/Versions/A/Frameworks/vecLib.framework/Versions/A/libvDSP.dylib
0x000000002434d000 	/System/Library/Frameworks/Accelerate.framework/Versions/A/Frameworks/vecLib.framework/Versions/A/libBNNS.dylib
0x000000002434d000 	/System/Library/Frameworks/Accelerate.framework/Versions/A/Frameworks/vecLib.framework/Versions/A/libQuadrature.dylib
0x000000002434d000 	/System/Library/Frameworks/Accelerate.framework/Versions/A/Frameworks/vecLib.framework/Versions/A/libvMisc.dylib
0x000000002434d000 	/System/Library/Frameworks/Accelerate.framework/Versions/A/Frameworks/vecLib.framework/Versions/A/libLAPACK.dylib
0x000000002434d000 	/System/Library/Frameworks/Accelerate.framework/Versions/A/Frameworks/vecLib.framework/Versions/A/libBLAS.dylib
0x000000002434d000 	/System/Library/Frameworks/Accelerate.framework/Versions/A/Frameworks/vecLib.framework/Versions/A/libLinearAlgebra.dylib
0x000000002434d000 	/System/Library/Frameworks/Accelerate.framework/Versions/A/Frameworks/vecLib.framework/Versions/A/libSparse.dylib
0x000000002434d000 	/System/Library/Frameworks/Accelerate.framework/Versions/A/Frameworks/vecLib.framework/Versions/A/libSparseBLAS.dylib
0x000000002434d000 	/System/Library/PrivateFrameworks/GPUWrangler.framework/Versions/A/GPUWrangler
0x000000002434d000 	/System/Library/PrivateFrameworks/IOAccelerator.framework/Versions/A/IOAccelerator
0x000000002434d000 	/System/Library/PrivateFrameworks/IOPresentment.framework/Versions/A/IOPresentment
0x000000002434d000 	/System/Library/PrivateFrameworks/DSExternalDisplay.framework/Versions/A/DSExternalDisplay
0x000000002434d000 	/System/Library/Frameworks/OpenGL.framework/Versions/A/Libraries/libCoreFSCache.dylib
0x000000002434d000 	/System/Library/Frameworks/CoreVideo.framework/Versions/A/CoreVideo
0x000000002434d000 	/System/Library/PrivateFrameworks/GraphVisualizer.framework/Versions/A/GraphVisualizer
0x000000002434d000 	/System/Library/Frameworks/MetalPerformanceShaders.framework/Versions/A/MetalPerformanceShaders
0x000000002434d000 	/usr/lib/libFosl_dynamic.dylib
0x000000002434d000 	/System/Library/PrivateFrameworks/FaceCore.framework/Versions/A/FaceCore
0x000000002434d000 	/System/Library/Frameworks/OpenCL.framework/Versions/A/OpenCL
0x000000002434d000 	/usr/lib/libcompression.dylib
0x000000002434d000 	/System/Library/Frameworks/ApplicationServices.framework/Versions/A/Frameworks/ATS.framework/Versions/A/Resources/libFontParser.dylib
0x000000002434d000 	/System/Library/Frameworks/ApplicationServices.framework/Versions/A/Frameworks/ATS.framework/Versions/A/Resources/libFontRegistry.dylib
0x000000002434d000 	/System/Library/Frameworks/ImageIO.framework/Versions/A/Resources/libJPEG.dylib
0x000000002434d000 	/System/Library/Frameworks/ImageIO.framework/Versions/A/Resources/libTIFF.dylib
0x000000002434d000 	/System/Library/Frameworks/ImageIO.framework/Versions/A/Resources/libPng.dylib
0x000000002434d000 	/System/Library/Frameworks/ImageIO.framework/Versions/A/Resources/libGIF.dylib
0x000000002434d000 	/System/Library/Frameworks/ImageIO.framework/Versions/A/Resources/libJP2.dylib
0x000000002434d000 	/System/Library/Frameworks/ImageIO.framework/Versions/A/Resources/libRadiance.dylib
0x000000002434d000 	/System/Library/PrivateFrameworks/AppleJPEG.framework/Versions/A/AppleJPEG
0x000000002434d000 	/System/Library/Frameworks/MetalPerformanceShaders.framework/Frameworks/MPSCore.framework/Versions/A/MPSCore
0x000000002434d000 	/System/Library/Frameworks/MetalPerformanceShaders.framework/Frameworks/MPSImage.framework/Versions/A/MPSImage
0x000000002434d000 	/System/Library/Frameworks/MetalPerformanceShaders.framework/Frameworks/MPSNeuralNetwork.framework/Versions/A/MPSNeuralNetwork
0x000000002434d000 	/System/Library/Frameworks/MetalPerformanceShaders.framework/Frameworks/MPSMatrix.framework/Versions/A/MPSMatrix
0x000000002434d000 	/System/Library/PrivateFrameworks/MetalTools.framework/Versions/A/MetalTools
0x000000002434d000 	/System/Library/Frameworks/OpenGL.framework/Versions/A/Libraries/libGLU.dylib
0x000000002434d000 	/System/Library/Frameworks/OpenGL.framework/Versions/A/Libraries/libGFXShared.dylib
0x000000002434d000 	/System/Library/Frameworks/OpenGL.framework/Versions/A/Libraries/libGL.dylib
0x000000002434d000 	/System/Library/Frameworks/OpenGL.framework/Versions/A/Libraries/libGLImage.dylib
0x000000002434d000 	/System/Library/Frameworks/OpenGL.framework/Versions/A/Libraries/libCVMSPluginSupport.dylib
0x000000002434d000 	/System/Library/Frameworks/OpenGL.framework/Versions/A/Libraries/libCoreVMClient.dylib
0x000000002434d000 	/usr/lib/libcups.2.dylib
0x000000002434d000 	/System/Library/Frameworks/Kerberos.framework/Versions/A/Kerberos
0x000000002434d000 	/System/Library/Frameworks/GSS.framework/Versions/A/GSS
0x000000002434d000 	/usr/lib/libresolv.9.dylib
0x000000002434d000 	/usr/lib/libiconv.2.dylib
0x000000002434d000 	/System/Library/PrivateFrameworks/Heimdal.framework/Versions/A/Heimdal
0x000000002434d000 	/usr/lib/libheimdal-asn1.dylib
0x000000002434d000 	/System/Library/Frameworks/OpenDirectory.framework/Versions/A/OpenDirectory
0x000000002434d000 	/System/Library/PrivateFrameworks/CommonAuth.framework/Versions/A/CommonAuth
0x000000002434d000 	/System/Library/Frameworks/OpenDirectory.framework/Versions/A/Frameworks/CFOpenDirectory.framework/Versions/A/CFOpenDirectory
0x000000002434d000 	/System/Library/Frameworks/SecurityFoundation.framework/Versions/A/SecurityFoundation
0x000000002434d000 	/System/Library/PrivateFrameworks/APFS.framework/Versions/A/APFS
0x000000002434d000 	/usr/lib/libutil.dylib
0x000000002434d000 	/System/Library/PrivateFrameworks/AppleSauce.framework/Versions/A/AppleSauce
0x000000002434d000 	/System/Library/PrivateFrameworks/LinguisticData.framework/Versions/A/LinguisticData
0x000000002434d000 	/usr/lib/libmarisa.dylib
0x000000002434d000 	/System/Library/PrivateFrameworks/Lexicon.framework/Versions/A/Lexicon
0x000000002434d000 	/usr/lib/libChineseTokenizer.dylib
0x000000002434d000 	/usr/lib/libcmph.dylib
0x000000002434d000 	/System/Library/PrivateFrameworks/LanguageModeling.framework/Versions/A/LanguageModeling
0x000000002434d000 	/System/Library/PrivateFrameworks/CoreEmoji.framework/Versions/A/CoreEmoji
0x000000002434d000 	/System/Library/Frameworks/ServiceManagement.framework/Versions/A/ServiceManagement
0x000000002434d000 	/System/Library/PrivateFrameworks/BackgroundTaskManagement.framework/Versions/A/BackgroundTaskManagement
0x000000002434d000 	/usr/lib/libxslt.1.dylib
0x000000002434d000 	/System/Library/Frameworks/Carbon.framework/Versions/A/Frameworks/Ink.framework/Versions/A/Ink
0x000000002434d000 	/System/Library/PrivateFrameworks/TextureIO.framework/Versions/A/TextureIO
0x000000002434d000 	/usr/lib/libate.dylib
0x000000002434d000 	/System/Library/PrivateFrameworks/CrashReporterSupport.framework/Versions/A/CrashReporterSupport
0x000000002434d000 	/System/Library/PrivateFrameworks/Sharing.framework/Versions/A/Sharing
0x000000002434d000 	/System/Library/PrivateFrameworks/IconServices.framework/Versions/A/IconServices
0x000000002434d000 	/System/Library/PrivateFrameworks/AuthKit.framework/Versions/A/AuthKit
0x000000002434d000 	/System/Library/PrivateFrameworks/Apple80211.framework/Versions/A/Apple80211
0x000000002434d000 	/System/Library/PrivateFrameworks/CoreUtils.framework/Versions/A/CoreUtils
0x000000002434d000 	/System/Library/Frameworks/CoreWLAN.framework/Versions/A/CoreWLAN
0x000000002434d000 	/System/Library/Frameworks/IOBluetooth.framework/Versions/A/IOBluetooth
0x000000002434d000 	/System/Library/PrivateFrameworks/ProtocolBuffer.framework/Versions/A/ProtocolBuffer
0x000000002434d000 	/System/Library/PrivateFrameworks/MobileKeyBag.framework/Versions/A/MobileKeyBag
0x000000002434d000 	/System/Library/PrivateFrameworks/CorePhoneNumbers.framework/Versions/A/CorePhoneNumbers
0x000000002434d000 	/System/Library/PrivateFrameworks/AppleIDAuthSupport.framework/Versions/A/AppleIDAuthSupport
0x000000002434d000 	/System/Library/PrivateFrameworks/KeychainCircle.framework/Versions/A/KeychainCircle
0x000000002434d000 	/System/Library/PrivateFrameworks/CoreWiFi.framework/Versions/A/CoreWiFi
0x000000002434d000 	/System/Library/Frameworks/CoreBluetooth.framework/Versions/A/CoreBluetooth
0x000000002434d000 	/System/Library/PrivateFrameworks/DebugSymbols.framework/Versions/A/DebugSymbols
0x000000002434d000 	/System/Library/PrivateFrameworks/CoreSymbolication.framework/Versions/A/CoreSymbolication
0x000000002434d000 	/System/Library/PrivateFrameworks/Symbolication.framework/Versions/A/Symbolication
0x000000002434d000 	/System/Library/PrivateFrameworks/AppleFSCompression.framework/Versions/A/AppleFSCompression
0x000000002434d000 	/System/Library/PrivateFrameworks/SpeechRecognitionCore.framework/Versions/A/SpeechRecognitionCore
0x000000010b800000 	/Library/Java/JavaVirtualMachines/jdk1.8.0_101.jdk/Contents/Home/jre/lib/server/libjvm.dylib
0x000000002434d000 	/usr/lib/libstdc++.6.0.9.dylib
0x000000010af21000 	/Library/Java/JavaVirtualMachines/jdk1.8.0_101.jdk/Contents/Home/jre/lib/libverify.dylib
0x000000010af2f000 	/Library/Java/JavaVirtualMachines/jdk1.8.0_101.jdk/Contents/Home/jre/lib/libjava.dylib
0x000000010af65000 	/Library/Java/JavaVirtualMachines/jdk1.8.0_101.jdk/Contents/Home/jre/lib/libinstrument.dylib
0x000000010c7a5000 	/Library/Java/JavaVirtualMachines/jdk1.8.0_101.jdk/Contents/Home/jre/lib/libzip.dylib
0x000000002434d000 	/System/Library/Frameworks/JavaVM.framework/Versions/A/Frameworks/JavaRuntimeSupport.framework/Versions/A/JavaRuntimeSupport
0x000000002434d000 	/System/Library/Frameworks/JavaVM.framework/Versions/A/Frameworks/JavaNativeFoundation.framework/Versions/A/JavaNativeFoundation
0x000000002434d000 	/System/Library/Frameworks/JavaVM.framework/Versions/A/JavaVM
0x000000002434d000 	/System/Library/Frameworks/Carbon.framework/Versions/A/Carbon
0x000000002434d000 	/System/Library/PrivateFrameworks/JavaLaunching.framework/Versions/A/JavaLaunching
0x000000002434d000 	/System/Library/Frameworks/Carbon.framework/Versions/A/Frameworks/CommonPanels.framework/Versions/A/CommonPanels
0x000000002434d000 	/System/Library/Frameworks/Carbon.framework/Versions/A/Frameworks/Help.framework/Versions/A/Help
0x000000002434d000 	/System/Library/Frameworks/Carbon.framework/Versions/A/Frameworks/ImageCapture.framework/Versions/A/ImageCapture
0x000000002434d000 	/System/Library/Frameworks/Carbon.framework/Versions/A/Frameworks/OpenScripting.framework/Versions/A/OpenScripting
0x000000002434d000 	/System/Library/Frameworks/Carbon.framework/Versions/A/Frameworks/Print.framework/Versions/A/Print
0x000000002434d000 	/System/Library/Frameworks/Carbon.framework/Versions/A/Frameworks/SecurityHI.framework/Versions/A/SecurityHI
0x0000000110c48000 	/Library/Java/JavaVirtualMachines/jdk1.8.0_101.jdk/Contents/Home/jre/lib/libnet.dylib
0x0000000110d3d000 	/Library/Java/JavaVirtualMachines/jdk1.8.0_101.jdk/Contents/Home/jre/lib/libprism_es2.dylib
0x000000002434d000 	/System/Library/PrivateFrameworks/CoreServicesInternal.framework/Versions/A/CoreServicesInternal
0x000000002434d000 	/System/Library/Frameworks/OpenGL.framework/Versions/A/Resources/GLEngine.bundle/GLEngine
0x000000002434d000 	/System/Library/Frameworks/OpenGL.framework/Versions/A/Libraries/libGLProgrammability.dylib
0x0000000123fcc000 	/System/Library/Extensions/AppleIntelBDWGraphicsGLDriver.bundle/Contents/MacOS/AppleIntelBDWGraphicsGLDriver
0x000000002434d000 	/System/Library/PrivateFrameworks/GPUSupport.framework/Versions/A/Libraries/libGPUSupportMercury.dylib
0x000000002434d000 	/System/Library/Frameworks/OpenGL.framework/Versions/A/Resources/GLRendererFloat.bundle/GLRendererFloat
0x000000002434d000 	/System/Library/Frameworks/OpenCL.framework/Versions/A/Libraries/libcldcpuengine.dylib
0x000000002434d000 	/usr/lib/libcrypto.35.dylib
0x000000002434d000 	/System/Library/PrivateFrameworks/TrustEvaluationAgent.framework/Versions/A/TrustEvaluationAgent
0x0000000124a32000 	/Library/Java/JavaVirtualMachines/jdk1.8.0_101.jdk/Contents/Home/jre/lib/libglass.dylib
0x000000002434d000 	/System/Library/CoreServices/RawCamera.bundle/Contents/MacOS/RawCamera
0x000000002434d000 	/System/Library/PrivateFrameworks/MobileAsset.framework/Versions/A/MobileAsset
0x000000002434d000 	/System/Library/PrivateFrameworks/StreamingZip.framework/Versions/A/StreamingZip
0x000000002434d000 	/System/Library/Frameworks/MediaToolbox.framework/Versions/A/MediaToolbox
0x000000002434d000 	/System/Library/PrivateFrameworks/CoreAVCHD.framework/Versions/A/CoreAVCHD
0x000000002434d000 	/System/Library/Frameworks/MediaAccessibility.framework/Versions/A/MediaAccessibility
0x000000002434d000 	/System/Library/PrivateFrameworks/Mangrove.framework/Versions/A/Mangrove
0x000000002434d000 	/System/Library/Frameworks/CoreMedia.framework/Versions/A/CoreMedia
0x000000002434d000 	/System/Library/Frameworks/VideoToolbox.framework/Versions/A/VideoToolbox
0x000000002434d000 	/System/Library/PrivateFrameworks/CoreAUC.framework/Versions/A/CoreAUC
0x000000002434d000 	/usr/lib/libspindump.dylib
0x000000002434d000 	/System/Library/PrivateFrameworks/AppleVA.framework/Versions/A/AppleVA
0x000000002434d000 	/System/Library/Frameworks/Accelerate.framework/Versions/A/Frameworks/vImage.framework/Versions/A/Libraries/libCGInterfaces.dylib
0x000000002434d000 	/System/Library/PrivateFrameworks/FamilyControls.framework/Versions/A/FamilyControls
0x000000002434d000 	/System/Library/PrivateFrameworks/CommerceKit.framework/Versions/A/Frameworks/CommerceCore.framework/Versions/A/CommerceCore
0x000000002434d000 	/System/Library/PrivateFrameworks/SystemAdministration.framework/Versions/A/SystemAdministration
0x000000002434d000 	/System/Library/PrivateFrameworks/AppContainer.framework/Versions/A/AppContainer
0x000000002434d000 	/System/Library/PrivateFrameworks/SecCodeWrapper.framework/Versions/A/SecCodeWrapper
0x000000002434d000 	/System/Library/PrivateFrameworks/DiskManagement.framework/Versions/A/DiskManagement
0x000000002434d000 	/System/Library/Frameworks/DirectoryService.framework/Versions/A/DirectoryService
0x000000002434d000 	/System/Library/PrivateFrameworks/DiskImages.framework/Versions/A/DiskImages
0x000000002434d000 	/System/Library/PrivateFrameworks/LoginUIKit.framework/Versions/A/Frameworks/LoginUICore.framework/Versions/A/LoginUICore
0x000000002434d000 	/usr/lib/libCoreStorage.dylib
0x000000002434d000 	/usr/lib/libcsfde.dylib
0x000000002434d000 	/usr/lib/libodfde.dylib
0x000000002434d000 	/System/Library/PrivateFrameworks/MediaKit.framework/Versions/A/MediaKit
0x000000002434d000 	/System/Library/Frameworks/DiscRecording.framework/Versions/A/DiscRecording
0x000000002434d000 	/System/Library/PrivateFrameworks/EFILogin.framework/Versions/A/EFILogin
0x000000002434d000 	/System/Library/PrivateFrameworks/ProtectedCloudStorage.framework/Versions/A/ProtectedCloudStorage
0x000000002434d000 	/usr/lib/libcurl.4.dylib
0x000000002434d000 	/usr/lib/libssl.35.dylib
0x000000002434d000 	/System/Library/Frameworks/LDAP.framework/Versions/A/LDAP
0x000000002434d000 	/usr/lib/libsasl2.2.dylib
0x000000002434d000 	/System/Library/PrivateFrameworks/CoreDaemon.framework/Versions/B/CoreDaemon
0x000000002434d000 	/System/Library/PrivateFrameworks/AppleSRP.framework/Versions/A/AppleSRP
0x000000012719c000 	/Library/Java/JavaVirtualMachines/jdk1.8.0_101.jdk/Contents/Home/jre/lib/libjavafx_font.dylib
0x000000002434d000 	/System/Library/Frameworks/ApplicationServices.framework/Versions/A/Frameworks/ATS.framework/Versions/A/Resources/libTrueTypeScaler.dylib
0x000000012718e000 	/Library/Java/JavaVirtualMachines/jdk1.8.0_101.jdk/Contents/Home/jre/lib/libprism_common.dylib
0x000000002434d000 	/System/Library/Extensions/AppleIntelBDWGraphicsMTLDriver.bundle/Contents/MacOS/AppleIntelBDWGraphicsMTLDriver
0x000000002434d000 	/System/Library/PrivateFrameworks/GPUCompiler.framework/Versions/3802/Libraries/libmetal_timestamp.dylib
0x000000002434d000 	/System/Library/PrivateFrameworks/ViewBridge.framework/Versions/A/ViewBridge
0x000000002434d000 	/System/Library/PrivateFrameworks/login.framework/Versions/A/login
0x0000000129e79000 	/Library/Java/JavaVirtualMachines/jdk1.8.0_101.jdk/Contents/Home/jre/lib/libjavafx_iio.dylib
0x0000000138cfc000 	/Library/Java/JavaVirtualMachines/jdk1.8.0_101.jdk/Contents/Home/jre/lib/libjfxwebkit.dylib
0x00000001288d0000 	/Library/Java/JavaVirtualMachines/jdk1.8.0_101.jdk/Contents/Home/jre/lib/libnio.dylib
0x000000012aa28000 	/Library/Java/JavaVirtualMachines/jdk1.8.0_101.jdk/Contents/Home/jre/lib/libsunec.dylib
0x000000012d110000 	/Library/Java/JavaVirtualMachines/jdk1.8.0_101.jdk/Contents/Home/jre/lib/libglib-lite.dylib
0x000000012d231000 	/Library/Java/JavaVirtualMachines/jdk1.8.0_101.jdk/Contents/Home/jre/lib/libgstreamer-lite.dylib
0x000000012d3aa000 	/Library/Java/JavaVirtualMachines/jdk1.8.0_101.jdk/Contents/Home/jre/lib/libjfxmedia.dylib
0x000000012d3e5000 	/Library/Java/JavaVirtualMachines/jdk1.8.0_101.jdk/Contents/Home/jre/lib/libjfxmedia_avf.dylib
0x000000002434d000 	/System/Library/Frameworks/AVFoundation.framework/Versions/A/AVFoundation
0x000000002434d000 	/System/Library/Frameworks/AVFoundation.framework/Versions/A/Frameworks/AVFAudio.framework/Versions/A/AVFAudio
0x000000002434d000 	/System/Library/PrivateFrameworks/IntlPreferences.framework/Versions/A/IntlPreferences
0x000000002434d000 	/System/Library/Frameworks/CoreMediaIO.framework/Versions/A/CoreMediaIO
0x000000002434d000 	/System/Library/PrivateFrameworks/RemoteServiceDiscovery.framework/Versions/A/RemoteServiceDiscovery
0x000000002434d000 	/System/Library/PrivateFrameworks/RemoteXPC.framework/Versions/A/RemoteXPC
0x000000002434d000 	/System/Library/PrivateFrameworks/InternationalSupport.framework/Versions/A/InternationalSupport
0x0000000128871000 	/Library/Java/JavaVirtualMachines/jdk1.8.0_101.jdk/Contents/Home/jre/lib/libjfxmedia_qtkit.dylib
0x000000002434d000 	/System/Library/Frameworks/QTKit.framework/Versions/A/QTKit
0x000000002434d000 	/System/Library/PrivateFrameworks/CoreMediaAuthoring.framework/Versions/A/CoreMediaAuthoring
0x00000001291c0000 	/Library/Java/JavaVirtualMachines/jdk1.8.0_101.jdk/Contents/Home/jre/lib/libfxplugins.dylib
0x000000002434d000 	/System/Library/Frameworks/VideoDecodeAcceleration.framework/Versions/A/VideoDecodeAcceleration
0x0000000129065000 	/System/Library/Extensions/AppleHDA.kext/Contents/PlugIns/AppleHDAHALPlugIn.bundle/Contents/MacOS/AppleHDAHALPlugIn
0x000000013073a000 	/System/Library/Components/CoreAudio.component/Contents/MacOS/CoreAudio
0x000000002434d000 	/System/Library/PrivateFrameworks/AppleGVA.framework/Versions/A/AppleGVA
0x0000000135b9b000 	/System/Library/Extensions/AppleIntelBDWGraphicsVADriver.bundle/Contents/MacOS/AppleIntelBDWGraphicsVADriver
0x0000000129160000 	/System/Library/Extensions/AppleIntelBDWGraphicsVAME.bundle/Contents/MacOS/AppleIntelBDWGraphicsVAME
0x000000013c10b000 	/System/Library/Components/AudioCodecs.component/Contents/MacOS/AudioCodecs

VM Arguments:
jvm_args: -javaagent:/Applications/IntelliJ IDEA.app/Contents/lib/idea_rt.jar=49458:/Applications/IntelliJ IDEA.app/Contents/bin -Dfile.encoding=UTF-8 
java_command: Vistas.sample.Main
java_class_path (initial): /Library/Java/JavaVirtualMachines/jdk1.8.0_101.jdk/Contents/Home/jre/lib/charsets.jar:/Library/Java/JavaVirtualMachines/jdk1.8.0_101.jdk/Contents/Home/jre/lib/deploy.jar:/Library/Java/JavaVirtualMachines/jdk1.8.0_101.jdk/Contents/Home/jre/lib/ext/cldrdata.jar:/Library/Java/JavaVirtualMachines/jdk1.8.0_101.jdk/Contents/Home/jre/lib/ext/dnsns.jar:/Library/Java/JavaVirtualMachines/jdk1.8.0_101.jdk/Contents/Home/jre/lib/ext/jaccess.jar:/Library/Java/JavaVirtualMachines/jdk1.8.0_101.jdk/Contents/Home/jre/lib/ext/jfxrt.jar:/Library/Java/JavaVirtualMachines/jdk1.8.0_101.jdk/Contents/Home/jre/lib/ext/localedata.jar:/Library/Java/JavaVirtualMachines/jdk1.8.0_101.jdk/Contents/Home/jre/lib/ext/nashorn.jar:/Library/Java/JavaVirtualMachines/jdk1.8.0_101.jdk/Contents/Home/jre/lib/ext/sunec.jar:/Library/Java/JavaVirtualMachines/jdk1.8.0_101.jdk/Contents/Home/jre/lib/ext/sunjce_provider.jar:/Library/Java/JavaVirtualMachines/jdk1.8.0_101.jdk/Contents/Home/jre/lib/ext/sunpkcs11.jar:/Library/Java/JavaVirtualMachines/jdk1.8.0_101.jdk/Contents/Home/jre/lib/ext/zipfs.jar:/Library/Java/JavaVirtualMachines/jdk1.8.0_101.jdk/Contents/Home/jre/lib/javaws.jar:/Library/Java/JavaVirtualMachines/jdk1.8.0_101.jdk/Contents/Home/jre/lib/jce.jar:/Library/Java/JavaVirtualMachines/jdk1.8.0_101.jdk/Contents/Home/jre/lib/jfr.jar:/Library/Java/JavaVirtualMachines/jdk1.8.0_101.jdk/Contents/Home/jre/lib/jfxswt.jar:/Library/Java/JavaVirtualMachines/jdk1.8.0_101.jdk/Contents/Home/jre/lib/jsse.jar:/Library/Java/JavaVirtualMachines/jdk1.8.0_101.jdk/Contents/Home/jre/lib/management-agent.jar:/Library/Java/JavaVirtualMachines/jdk1.8.0_101.jdk/Contents/Home/jre/lib/plugin.jar:/Library/Java/JavaVirtualMachines/jdk1.8.0_101.jdk/Contents/Home/jre/lib/resources.jar:/Library/Java/JavaVirtualMachines/jdk1.8.0_101.jdk/Contents/Home/jre/lib/rt.jar:/Library/Java/JavaVirtualMachines/jdk1.8.0_101.jdk/Contents/Home/lib/ant-javafx.jar:/Library/Java/JavaVirtualMachines/jdk1.8.0_101.jdk/Contents/Home
Launcher Type: SUN_STANDARD

Environment Variables:
PATH=/Library/Frameworks/Python.framework/Versions/2.7/bin:/usr/local/bin:/usr/bin:/bin:/usr/sbin:/sbin:/Library/TeX/texbin:/opt/X11/bin:/Applications/Wireshark.app/Contents/MacOS
SHELL=/bin/bash
DISPLAY=/private/tmp/com.apple.launchd.KPXDqugbZr/org.macosforge.xquartz:0

Signal Handlers:
SIGSEGV: [libjvm.dylib+0x5af145], sa_mask[0]=11111111011111110111111111111111, sa_flags=SA_ONSTACK|SA_RESTART|SA_SIGINFO
SIGBUS: [libjvm.dylib+0x5af145], sa_mask[0]=11111111011111110111111111111111, sa_flags=SA_RESTART|SA_SIGINFO
SIGFPE: [libjvm.dylib+0x48694c], sa_mask[0]=11111111011111110111111111111111, sa_flags=SA_RESTART|SA_SIGINFO
SIGPIPE: [libjvm.dylib+0x48694c], sa_mask[0]=11111111011111110111111111111111, sa_flags=SA_RESTART|SA_SIGINFO
SIGXFSZ: [libjvm.dylib+0x48694c], sa_mask[0]=11111111011111110111111111111111, sa_flags=SA_RESTART|SA_SIGINFO
SIGILL: [libjvm.dylib+0x48694c], sa_mask[0]=11111111011111110111111111111111, sa_flags=SA_RESTART|SA_SIGINFO
SIGUSR1: SIG_DFL, sa_mask[0]=00000000000000000000000000000000, sa_flags=none
SIGUSR2: [libjvm.dylib+0x48646a], sa_mask[0]=00100000000000000000000000000000, sa_flags=SA_RESTART|SA_SIGINFO
SIGHUP: [libjvm.dylib+0x484a41], sa_mask[0]=11111111011111110111111111111111, sa_flags=SA_RESTART|SA_SIGINFO
SIGINT: [libjvm.dylib+0x484a41], sa_mask[0]=11111111011111110111111111111111, sa_flags=SA_RESTART|SA_SIGINFO
SIGTERM: [libjvm.dylib+0x484a41], sa_mask[0]=11111111011111110111111111111111, sa_flags=SA_RESTART|SA_SIGINFO
SIGQUIT: [libjvm.dylib+0x484a41], sa_mask[0]=11111111011111110111111111111111, sa_flags=SA_RESTART|SA_SIGINFO


---------------  S Y S T E M  ---------------

OS:Bsduname:Darwin 17.7.0 Darwin Kernel Version 17.7.0: Thu Jun 21 22:53:14 PDT 2018; root:xnu-4570.71.2~1/RELEASE_X86_64 x86_64
rlimit: STACK 8192k, CORE 0k, NPROC 709, NOFILE 10240, AS infinity
load average:3.07 4.69 3.50

CPU:total 4 (2 cores per cpu, 2 threads per core) family 6 model 61 stepping 4, cmov, cx8, fxsr, mmx, sse, sse2, sse3, ssse3, sse4.1, sse4.2, popcnt, avx, avx2, aes, clmul, erms, 3dnowpref, lzcnt, ht, tsc, tscinvbit, bmi1, bmi2, adx

Memory: 4k page, physical 8388608k(22192k free)

/proc/meminfo:


vm_info: Java HotSpot(TM) 64-Bit Server VM (25.101-b13) for bsd-amd64 JRE (1.8.0_101-b13), built on Jun 22 2016 02:42:15 by "java_re" with gcc 4.2.1 (Based on Apple Inc. build 5658) (LLVM build 2336.11.00)

time: Sat Feb  2 20:02:52 2019
elapsed time: 75 seconds (0d 0h 1m 15s)

