#
# A fatal error has been detected by the Java Runtime Environment:
#
#  SIGSEGV (0xb) at pc=0x000000012ac8c6b1, pid=979, tid=0x0000000000000307
#
# JRE version: Java(TM) SE Runtime Environment (8.0_101-b13) (build 1.8.0_101-b13)
# Java VM: Java HotSpot(TM) 64-Bit Server VM (25.101-b13 mixed mode bsd-amd64 compressed oops)
# Problematic frame:
# C  [libjfxwebkit.dylib+0x103e6b1]  JSC::getByVal(JSC::ExecState*, JSC::JSValue, JSC::JSValue, JSC::ReturnAddressPtr)+0x41
#
# Failed to write core dump. Core dumps have been disabled. To enable core dumping, try "ulimit -c unlimited" before starting Java again
#
# If you would like to submit a bug report, please visit:
#   http://bugreport.java.com/bugreport/crash.jsp
# The crash happened outside the Java Virtual Machine in native code.
# See problematic frame for where to report the bug.
#

---------------  T H R E A D  ---------------

Current thread (0x00007f89aa22b000):  JavaThread "JavaFX Application Thread" [_thread_in_native, id=775, stack(0x00007ffeea362000,0x00007ffeeab62000)]

siginfo: si_signo: 11 (SIGSEGV), si_code: 1 (SEGV_MAPERR), si_addr: 0x0000000100000000

Registers:
RAX=0x0000000123166560, RBX=0x000000012ac8df20, RCX=0x0000504ad006a9be, RDX=0xffff000000000002
RSP=0x00007ffeeab595c0, RBP=0x00007ffeeab59660, RSI=0x0000000123166560, RDI=0x00007ffeeab596d0
R8 =0x00000001261f72f0, R9 =0x0000000000000000, R10=0x000000012d3d1f70, R11=0x000000012ac8c640
R12=0x0000000123166560, R13=0x0000000100000000, R14=0xffff000000000000, R15=0x00007ffeeab596d0
RIP=0x000000012ac8c6b1, EFLAGS=0x0000000000010246, ERR=0x0000000000000004
  TRAPNO=0x000000000000000e

Top of Stack: (sp=0x00007ffeeab595c0)
0x00007ffeeab595c0:   ffff000000000000 0000000100000000
0x00007ffeeab595d0:   0000000123166560 ffff000000000000
0x00007ffeeab595e0:   00007ffeeab596d0 0000504ad02cbc8a
0x00007ffeeab595f0:   00007f89aff7dc80 0000000000000002
0x00007ffeeab59600:   ffff000000000000 ffff000000000002
0x00007ffeeab59610:   00007ffeeab596d0 0000504ad001a267
0x00007ffeeab59620:   00007f89b2776360 00000001261f72f0
0x00007ffeeab59630:   0000000126205d30 000000012ac8df20
0x00007ffeeab59640:   000000000000003e 0000000000000002
0x00007ffeeab59650:   ffff000000000000 ffff000000000002
0x00007ffeeab59660:   00007ffeeab596d0 0000504ad006a9be
0x00007ffeeab59670:   000000000000000a 000000000000000a
0x00007ffeeab59680:   000000000000000a 000000000000000a
0x00007ffeeab59690:   000000000000000a 000000000000000a
0x00007ffeeab596a0:   000000000000000a 000000000000000a
0x00007ffeeab596b0:   000000000000000a 000000000000000a
0x00007ffeeab596c0:   000000000000000a 000000000000000a
0x00007ffeeab596d0:   00007ffeeab59750 0000504ad0001a3a
0x00007ffeeab596e0:   00007f89b2b8d2a0 0000000126267b70
0x00007ffeeab596f0:   00000001231b2830 0000007100000003
0x00007ffeeab59700:   000000012325d570 0000000123166560
0x00007ffeeab59710:   0000000100000000 000000000000000a
0x00007ffeeab59720:   000000012acb8bd5 00000001231b2830
0x00007ffeeab59730:   000000012316cff0 000000000000000a
0x00007ffeeab59740:   000000012345fcb0 00000001261f72f0
0x00007ffeeab59750:   00007ffeeab597c0 0000504ad0001a3a
0x00007ffeeab59760:   00007f89b27bac70 00000001261f72f0
0x00007ffeeab59770:   00000001274087f0 0000004d00000003
0x00007ffeeab59780:   000000012325d2f0 0000000123166560
0x00007ffeeab59790:   000000012345fcb0 000000000000000a
0x00007ffeeab597a0:   000000012acb8bd5 000000012d2ec6b0
0x00007ffeeab597b0:   00000001274087f0 000000012345fcb0 

Instructions: (pc=0x000000012ac8c6b1)
0x000000012ac8c691:   4c 89 ad 68 ff ff ff 4c 89 e0 4c 09 e8 48 ba 02
0x000000012ac8c6a1:   00 00 00 00 00 ff ff 48 85 c2 0f 85 14 01 00 00
0x000000012ac8c6b1:   49 8b 45 00 80 78 5c 05 0f 85 06 01 00 00 48 c7
0x000000012ac8c6c1:   c0 00 00 ff ff 49 23 47 18 48 8b 98 68 04 00 00 

Register to memory mapping:

RAX=0x0000000123166560 is an unknown value
RBX=0x000000012ac8df20: operationOSRWriteBarrier+0 in /Library/Java/JavaVirtualMachines/jdk1.8.0_101.jdk/Contents/Home/jre/lib/libjfxwebkit.dylib at 0x0000000129c4e000
RCX=0x0000504ad006a9be is an unknown value
RDX=0xffff000000000002 is an unknown value
RSP=0x00007ffeeab595c0 is pointing into the stack for thread: 0x00007f89aa22b000
RBP=0x00007ffeeab59660 is pointing into the stack for thread: 0x00007f89aa22b000
RSI=0x0000000123166560 is an unknown value
RDI=0x00007ffeeab596d0 is pointing into the stack for thread: 0x00007f89aa22b000
R8 =0x00000001261f72f0 is an unknown value
R9 =0x0000000000000000 is an unknown value
R10=0x000000012d3d1f70 is an unknown value
R11=0x000000012ac8c640: operationGetByValGeneric+0 in /Library/Java/JavaVirtualMachines/jdk1.8.0_101.jdk/Contents/Home/jre/lib/libjfxwebkit.dylib at 0x0000000129c4e000
R12=0x0000000123166560 is an unknown value
R13=0x0000000100000000 is an unknown value
R14=0xffff000000000000 is an unknown value
R15=0x00007ffeeab596d0 is pointing into the stack for thread: 0x00007f89aa22b000


Stack: [0x00007ffeea362000,0x00007ffeeab62000],  sp=0x00007ffeeab595c0,  free space=8157k
Native frames: (J=compiled Java code, j=interpreted, Vv=VM code, C=native code)
C  [libjfxwebkit.dylib+0x103e6b1]  JSC::getByVal(JSC::ExecState*, JSC::JSValue, JSC::JSValue, JSC::ReturnAddressPtr)+0x41
C  0x0000504ad006a9be
C  0x0000504ad0001a3a
C  0x0000504ad0001a3a
C  0x0000504ad00816f3
C  0x0000504ad0082cb5
C  [libjfxwebkit.dylib+0x106abd5]  llint_op_call+0xef
C  [libjfxwebkit.dylib+0x106ab6a]  llint_op_call+0x84
C  [libjfxwebkit.dylib+0x106abd5]  llint_op_call+0xef
C  [libjfxwebkit.dylib+0x106abd5]  llint_op_call+0xef
C  [libjfxwebkit.dylib+0x1065a37]  callToJavaScript+0x141
C  [libjfxwebkit.dylib+0x101f4e3]  JSC::JITCode::execute(JSC::VM*, JSC::ProtoCallFrame*)+0x23
C  [libjfxwebkit.dylib+0xfdc089]  JSC::Interpreter::executeCall(JSC::ExecState*, JSC::JSObject*, JSC::CallType, JSC::CallData const&, JSC::JSValue, JSC::ArgList const&)+0x1b9
C  [libjfxwebkit.dylib+0x110bece]  JSC::call(JSC::ExecState*, JSC::JSValue, JSC::CallType, JSC::CallData const&, JSC::JSValue, JSC::ArgList const&)+0x3e
C  [libjfxwebkit.dylib+0x1143879]  JSC::boundFunctionCall(JSC::ExecState*)+0x249
C  0x0000504ad000103a
C  [libjfxwebkit.dylib+0x106abd5]  llint_op_call+0xef
C  0x0000504ad0129d60
C  [libjfxwebkit.dylib+0x1065a37]  callToJavaScript+0x141
C  [libjfxwebkit.dylib+0x101f4e3]  JSC::JITCode::execute(JSC::VM*, JSC::ProtoCallFrame*)+0x23
C  [libjfxwebkit.dylib+0xfdc089]  JSC::Interpreter::executeCall(JSC::ExecState*, JSC::JSObject*, JSC::CallType, JSC::CallData const&, JSC::JSValue, JSC::ArgList const&)+0x1b9
C  [libjfxwebkit.dylib+0x110bece]  JSC::call(JSC::ExecState*, JSC::JSValue, JSC::CallType, JSC::CallData const&, JSC::JSValue, JSC::ArgList const&)+0x3e
C  [libjfxwebkit.dylib+0x499b8c]  WebCore::JSMainThreadExecState::call(JSC::ExecState*, JSC::JSValue, JSC::CallType, JSC::CallData const&, JSC::JSValue, JSC::ArgList const&)+0x1c
C  [libjfxwebkit.dylib+0x4b3b06]  WebCore::JSEventListener::handleEvent(WebCore::ScriptExecutionContext*, WebCore::Event*)+0x356
C  [libjfxwebkit.dylib+0x69758e]  WebCore::EventTarget::fireEventListeners(WebCore::Event*, WebCore::EventTargetData*, WTF::Vector<WebCore::RegisteredEventListener, 1ul, WTF::CrashOnOverflow>&)+0x25e
C  [libjfxwebkit.dylib+0x69711e]  WebCore::EventTarget::fireEventListeners(WebCore::Event*)+0xae
C  [libjfxwebkit.dylib+0x9a257a]  WebCore::DOMWindow::dispatchEvent(WTF::PassRefPtr<WebCore::Event>, WTF::PassRefPtr<WebCore::EventTarget>)+0x10a
C  [libjfxwebkit.dylib+0x93bb4d]  WebCore::FrameLoader::stopLoading(WebCore::UnloadEventPolicy)+0x2dd
C  [libjfxwebkit.dylib+0x9468bc]  WebCore::FrameLoader::detachFromParent()+0x4c
C  [libjfxwebkit.dylib+0x9408a5]  WebCore::FrameLoader::detachChildren()+0xf5
C  [libjfxwebkit.dylib+0x94456a]  WebCore::FrameLoader::setDocumentLoader(WebCore::DocumentLoader*)+0x2a
C  [libjfxwebkit.dylib+0x944f10]  WebCore::FrameLoader::transitionToCommitted(WebCore::CachedPage*)+0xd0
C  [libjfxwebkit.dylib+0x94489f]  WebCore::FrameLoader::commitProvisionalLoad()+0x18f
C  [libjfxwebkit.dylib+0x92aec1]  WebCore::DocumentLoader::finishedLoading(double)+0xb1
C  [libjfxwebkit.dylib+0x92ec10]  WebCore::DocumentLoader::maybeLoadEmpty()+0x250
C  [libjfxwebkit.dylib+0x92ee08]  WebCore::DocumentLoader::startLoadingMainResource()+0x68
C  [libjfxwebkit.dylib+0x943581]  WebCore::FrameLoader::continueLoadAfterNavigationPolicy(WebCore::ResourceRequest const&, WTF::PassRefPtr<WebCore::FormState>, bool)+0x391
C  [libjfxwebkit.dylib+0x94a539]  std::__1::__function::__func<WebCore::FrameLoader::loadWithDocumentLoader(WebCore::DocumentLoader*, WebCore::FrameLoadType, WTF::PassRefPtr<WebCore::FormState>)::$_4, std::__1::allocator<WebCore::FrameLoader::loadWithDocumentLoader(WebCore::DocumentLoader*, WebCore::FrameLoadType, WTF::PassRefPtr<WebCore::FormState>)::$_4>, void (WebCore::ResourceRequest const&, WTF::PassRefPtr<WebCore::FormState>, bool)>::operator()(WebCore::ResourceRequest const&, WTF::PassRefPtr<WebCore::FormState>&&, bool&&)+0x29
C  [libjfxwebkit.dylib+0x95acb1]  WebCore::PolicyChecker::checkNavigationPolicy(WebCore::ResourceRequest const&, WebCore::DocumentLoader*, WTF::PassRefPtr<WebCore::FormState>, std::__1::function<void (WebCore::ResourceRequest const&, WTF::PassRefPtr<WebCore::FormState>, bool)>)+0x281
C  [libjfxwebkit.dylib+0x942b2a]  WebCore::FrameLoader::loadWithDocumentLoader(WebCore::DocumentLoader*, WebCore::FrameLoadType, WTF::PassRefPtr<WebCore::FormState>)+0x40a
C  [libjfxwebkit.dylib+0x93fa0b]  WebCore::FrameLoader::load(WebCore::DocumentLoader*)+0xfb
C  [libjfxwebkit.dylib+0x942568]  WebCore::FrameLoader::load(WebCore::FrameLoadRequest const&)+0x378
C  [libjfxwebkit.dylib+0xa90944]  Java_com_sun_webkit_WebPage_twkOpen+0x104
j  com.sun.webkit.WebPage.twkOpen(JLjava/lang/String;)V+0
j  com.sun.webkit.WebPage.open(JLjava/lang/String;)V+106
j  javafx.scene.web.WebEngine.load(Ljava/lang/String;)V+96
j  VideoWeb.VideoWeb.cancel()V+16
j  Vistas.sample.VisorController$1.handle(Ljavafx/event/ActionEvent;)V+7
j  Vistas.sample.VisorController$1.handle(Ljavafx/event/Event;)V+5
j  com.sun.scenario.animation.shared.TimelineClipCore.visitKeyFrame(IJ)V+58
J 2266 C1 com.sun.scenario.animation.shared.TimelineClipCore.playTo(J)V (353 bytes) @ 0x0000000110ec3e14 [0x0000000110ec3b00+0x314]
J 2265 C1 javafx.animation.Timeline.impl_playTo(JJ)V (9 bytes) @ 0x0000000110ec80dc [0x0000000110ec8040+0x9c]
J 1973 C1 javafx.animation.AnimationAccessorImpl.playTo(Ljavafx/animation/Animation;JJ)V (8 bytes) @ 0x0000000110e01bcc [0x0000000110e01ac0+0x10c]
J 6212 C1 com.sun.scenario.animation.shared.FiniteClipEnvelope.timePulse(J)V (372 bytes) @ 0x0000000110d46484 [0x0000000110d45ea0+0x5e4]
J 1974 C1 javafx.animation.Animation.impl_timePulse(J)V (60 bytes) @ 0x0000000110e021e4 [0x0000000110e01f60+0x284]
J 2169 C1 javafx.animation.Animation$1$$Lambda$233.run()Ljava/lang/Object; (12 bytes) @ 0x0000000110e7a39c [0x0000000110e7a240+0x15c]
v  ~StubRoutines::call_stub
V  [libjvm.dylib+0x2ecf06]  JavaCalls::call_helper(JavaValue*, methodHandle*, JavaCallArguments*, Thread*)+0x6ae
V  [libjvm.dylib+0x34d69c]  JVM_DoPrivileged+0x4b8
J 1849  java.security.AccessController.doPrivileged(Ljava/security/PrivilegedAction;Ljava/security/AccessControlContext;)Ljava/lang/Object; (0 bytes) @ 0x0000000110da8095 [0x0000000110da7fc0+0xd5]
J 2088 C1 javafx.animation.Animation$1.timePulse(J)V (56 bytes) @ 0x0000000110e4bcbc [0x0000000110e4b4c0+0x7fc]
J 2482 C1 com.sun.scenario.animation.AbstractMasterTimer.timePulseImpl(J)V (157 bytes) @ 0x0000000110fa4694 [0x0000000110fa44c0+0x1d4]
J 2272 C1 com.sun.scenario.animation.AbstractMasterTimer$MainLoop.run()V (61 bytes) @ 0x0000000110ec9864 [0x0000000110ec9560+0x304]
J 2261 C1 com.sun.javafx.tk.quantum.QuantumToolkit.pulse(Z)V (164 bytes) @ 0x0000000110ec2f7c [0x0000000110ec2ac0+0x4bc]
J 2277 C1 com.sun.javafx.tk.quantum.QuantumToolkit$$Lambda$41.run()V (8 bytes) @ 0x0000000110ed030c [0x0000000110ed0100+0x20c]
J 2472 C1 com.sun.glass.ui.InvokeLaterDispatcher$Future.run()V (91 bytes) @ 0x0000000110f71254 [0x0000000110f71140+0x114]
v  ~StubRoutines::call_stub
V  [libjvm.dylib+0x2ecf06]  JavaCalls::call_helper(JavaValue*, methodHandle*, JavaCallArguments*, Thread*)+0x6ae
V  [libjvm.dylib+0x324111]  jni_invoke_nonstatic(JNIEnv_*, JavaValue*, _jobject*, JNICallType, _jmethodID*, JNI_ArgumentPusher*, Thread*)+0x2ec
V  [libjvm.dylib+0x3168df]  jni_CallVoidMethod+0x16b
C  [libglass.dylib+0x459b]  -[GlassRunnable run]+0x6b
C  [Foundation+0x682b5]  __NSThreadPerformPerform+0x14e
C  [CoreFoundation+0xa3a11]  __CFRUNLOOP_IS_CALLING_OUT_TO_A_SOURCE0_PERFORM_FUNCTION__+0x11
C  [CoreFoundation+0x15d42c]  __CFRunLoopDoSource0+0x6c
C  [CoreFoundation+0x86470]  __CFRunLoopDoSources0+0xd0
C  [CoreFoundation+0x858ed]  __CFRunLoopRun+0x50d
C  [CoreFoundation+0x85153]  CFRunLoopRunSpecific+0x1e3
C  [HIToolbox+0x2fd96]  RunCurrentEventLoopInMode+0x11e
C  [HIToolbox+0x2fb06]  ReceiveNextEventCommon+0x265
C  [HIToolbox+0x2f884]  _BlockUntilNextEventMatchingListInModeWithFilter+0x40
C  [AppKit+0x41a73]  _DPSNextEvent+0x825
C  [AppKit+0x7d7e34]  -[NSApplication(NSEvent) _nextEventMatchingEventMask:untilDate:inMode:dequeue:]+0xbe4
C  [AppKit+0x36885]  -[NSApplication run]+0x2fc
C  [libglass.dylib+0x654c]  -[GlassApplication runLoop:]+0x72c
C  [Foundation+0x682b5]  __NSThreadPerformPerform+0x14e
C  [CoreFoundation+0xa3a11]  __CFRUNLOOP_IS_CALLING_OUT_TO_A_SOURCE0_PERFORM_FUNCTION__+0x11
C  [CoreFoundation+0x15d42c]  __CFRunLoopDoSource0+0x6c
C  [CoreFoundation+0x86470]  __CFRunLoopDoSources0+0xd0
C  [CoreFoundation+0x858ed]  __CFRunLoopRun+0x50d
C  [CoreFoundation+0x85153]  CFRunLoopRunSpecific+0x1e3
C  [java+0x6465]  CreateExecutionEnvironment+0x367
C  [java+0x218c]  JLI_Launch+0x7a0
C  [java+0x84c2]  main+0x65
C  [java+0x19e4]  start+0x34
C  0x0000000000000006

Java frames: (J=compiled Java code, j=interpreted, Vv=VM code)
j  com.sun.webkit.WebPage.twkOpen(JLjava/lang/String;)V+0
j  com.sun.webkit.WebPage.open(JLjava/lang/String;)V+106
j  javafx.scene.web.WebEngine.load(Ljava/lang/String;)V+96
j  VideoWeb.VideoWeb.cancel()V+16
j  Vistas.sample.VisorController$1.handle(Ljavafx/event/ActionEvent;)V+7
j  Vistas.sample.VisorController$1.handle(Ljavafx/event/Event;)V+5
j  com.sun.scenario.animation.shared.TimelineClipCore.visitKeyFrame(IJ)V+58
J 2266 C1 com.sun.scenario.animation.shared.TimelineClipCore.playTo(J)V (353 bytes) @ 0x0000000110ec3e14 [0x0000000110ec3b00+0x314]
J 2265 C1 javafx.animation.Timeline.impl_playTo(JJ)V (9 bytes) @ 0x0000000110ec80dc [0x0000000110ec8040+0x9c]
J 1973 C1 javafx.animation.AnimationAccessorImpl.playTo(Ljavafx/animation/Animation;JJ)V (8 bytes) @ 0x0000000110e01bcc [0x0000000110e01ac0+0x10c]
J 6212 C1 com.sun.scenario.animation.shared.FiniteClipEnvelope.timePulse(J)V (372 bytes) @ 0x0000000110d46484 [0x0000000110d45ea0+0x5e4]
J 1974 C1 javafx.animation.Animation.impl_timePulse(J)V (60 bytes) @ 0x0000000110e021e4 [0x0000000110e01f60+0x284]
J 2169 C1 javafx.animation.Animation$1$$Lambda$233.run()Ljava/lang/Object; (12 bytes) @ 0x0000000110e7a39c [0x0000000110e7a240+0x15c]
v  ~StubRoutines::call_stub
J 1849  java.security.AccessController.doPrivileged(Ljava/security/PrivilegedAction;Ljava/security/AccessControlContext;)Ljava/lang/Object; (0 bytes) @ 0x0000000110da8023 [0x0000000110da7fc0+0x63]
J 2088 C1 javafx.animation.Animation$1.timePulse(J)V (56 bytes) @ 0x0000000110e4bcbc [0x0000000110e4b4c0+0x7fc]
J 2482 C1 com.sun.scenario.animation.AbstractMasterTimer.timePulseImpl(J)V (157 bytes) @ 0x0000000110fa4694 [0x0000000110fa44c0+0x1d4]
J 2272 C1 com.sun.scenario.animation.AbstractMasterTimer$MainLoop.run()V (61 bytes) @ 0x0000000110ec9864 [0x0000000110ec9560+0x304]
J 2261 C1 com.sun.javafx.tk.quantum.QuantumToolkit.pulse(Z)V (164 bytes) @ 0x0000000110ec2f7c [0x0000000110ec2ac0+0x4bc]
J 2277 C1 com.sun.javafx.tk.quantum.QuantumToolkit$$Lambda$41.run()V (8 bytes) @ 0x0000000110ed030c [0x0000000110ed0100+0x20c]
J 2472 C1 com.sun.glass.ui.InvokeLaterDispatcher$Future.run()V (91 bytes) @ 0x0000000110f71254 [0x0000000110f71140+0x114]
v  ~StubRoutines::call_stub

---------------  P R O C E S S  ---------------

Java Threads: ( => current thread )
  0x00007f89aeaee000 JavaThread "Thread-3203" daemon [_thread_in_native, id=33055, stack(0x00007000057bd000,0x000070000583d000)]
  0x00007f89b1c3e000 JavaThread "JFXMedia Player EventQueueThread" daemon [_thread_blocked, id=58891, stack(0x0000700006361000,0x0000700006461000)]
  0x00007f89b3054800 JavaThread "URL-Loader-40" daemon [_thread_blocked, id=67851, stack(0x000070000700e000,0x000070000710e000)]
  0x00007f89af267800 JavaThread "URL-Loader-39" daemon [_thread_blocked, id=61451, stack(0x0000700006f0b000,0x000070000700b000)]
  0x00007f89ae88d000 JavaThread "URL-Loader-38" daemon [_thread_blocked, id=130059, stack(0x000070000676d000,0x000070000686d000)]
  0x00007f89abc31000 JavaThread "URL-Loader-37" daemon [_thread_blocked, id=67339, stack(0x000070000666a000,0x000070000676a000)]
  0x00007f89b31d4800 JavaThread "URL-Loader-36" daemon [_thread_in_native, id=68387, stack(0x0000700006e08000,0x0000700006f08000)]
  0x00007f89b30dd000 JavaThread "URL-Loader-35" daemon [_thread_blocked, id=68107, stack(0x0000700006567000,0x0000700006667000)]
  0x00007f89ae923800 JavaThread "URL-Loader-34" daemon [_thread_blocked, id=60179, stack(0x000070000615b000,0x000070000625b000)]
  0x00007f89b1833800 JavaThread "URL-Loader-33" daemon [_thread_blocked, id=68879, stack(0x0000700006058000,0x0000700006158000)]
  0x00007f89af2ec800 JavaThread "URL-Loader-32" daemon [_thread_in_native, id=63683, stack(0x0000700006d05000,0x0000700006e05000)]
  0x00007f89b1b8d800 JavaThread "URL-Loader-31" daemon [_thread_blocked, id=121103, stack(0x0000700006c02000,0x0000700006d02000)]
  0x00007f89af722000 JavaThread "URL-Loader-30" daemon [_thread_blocked, id=92423, stack(0x0000700006a7c000,0x0000700006b7c000)]
  0x00007f89ab534000 JavaThread "URL-Loader-29" daemon [_thread_blocked, id=87307, stack(0x0000700006979000,0x0000700006a79000)]
  0x00007f89ab535800 JavaThread "URL-Loader-28" daemon [_thread_blocked, id=79119, stack(0x0000700006876000,0x0000700006976000)]
  0x00007f89aad65800 JavaThread "URL-Loader-27" daemon [_thread_blocked, id=66831, stack(0x0000700006464000,0x0000700006564000)]
  0x00007f89b1a4f800 JavaThread "URL-Loader-26" daemon [_thread_blocked, id=66571, stack(0x000070000625e000,0x000070000635e000)]
  0x00007f89b1a26000 JavaThread "URL-Loader-25" daemon [_thread_blocked, id=72743, stack(0x0000700005f55000,0x0000700006055000)]
  0x00007f89b303c000 JavaThread "URL-Loader-24" daemon [_thread_blocked, id=71495, stack(0x0000700005d4f000,0x0000700005e4f000)]
  0x00007f89ae88e800 JavaThread "URL-Loader-23" daemon [_thread_blocked, id=3115, stack(0x0000700005c4c000,0x0000700005d4c000)]
  0x00007f89b19b5800 JavaThread "URL-Loader-22" daemon [_thread_blocked, id=3419, stack(0x0000700005b49000,0x0000700005c49000)]
  0x00007f89ae8b1800 JavaThread "URL-Loader-21" daemon [_thread_blocked, id=59151, stack(0x0000700005943000,0x0000700005a43000)]
  0x00007f89ab8cb000 JavaThread "Media Resource Disposer" daemon [_thread_blocked, id=120579, stack(0x00007000077a6000,0x00007000078a6000)]
  0x00007f89b18cc000 JavaThread "Thread-6" daemon [_thread_in_native, id=58115, stack(0x00007000050a2000,0x0000700005122000)]
  0x00007f89aeb87000 JavaThread "Keep-Alive-Timer" daemon [_thread_blocked, id=51491, stack(0x0000700005e52000,0x0000700005f52000)]
  0x00007f89aeb01000 JavaThread "Watchdog-Timer-1" daemon [_thread_blocked, id=81615, stack(0x0000700005a46000,0x0000700005b46000)]
  0x00007f89ae967000 JavaThread "Disposer" daemon [_thread_blocked, id=77607, stack(0x0000700005840000,0x0000700005940000)]
  0x00007f89aa3c4800 JavaThread "Prism Font Disposer" daemon [_thread_blocked, id=80535, stack(0x00007000055b4000,0x00007000056b4000)]
  0x00007f89aa299800 JavaThread "GC Daemon" daemon [_thread_blocked, id=80643, stack(0x00007000054b1000,0x00007000055b1000)]
  0x00007f89ab90e000 JavaThread "RMI RenewClean-[192.168.1.103:49214]" daemon [_thread_blocked, id=80899, stack(0x00007000053ae000,0x00007000054ae000)]
  0x00007f89ab242000 JavaThread "RMI Scheduler(0)" daemon [_thread_blocked, id=81155, stack(0x00007000052ab000,0x00007000053ab000)]
  0x00007f89ab8ca000 JavaThread "JavaFX-Launcher" [_thread_blocked, id=81923, stack(0x00007000051a8000,0x00007000052a8000)]
  0x00007f89ab228000 JavaThread "Thread-3" daemon [_thread_in_native, id=34051, stack(0x000070000501f000,0x000070000509f000)]
=>0x00007f89aa22b000 JavaThread "JavaFX Application Thread" [_thread_in_native, id=775, stack(0x00007ffeea362000,0x00007ffeeab62000)]
  0x00007f89aa91f000 JavaThread "Thread-1" daemon [_thread_blocked, id=41219, stack(0x0000700004f1c000,0x000070000501c000)]
  0x00007f89aa1fc800 JavaThread "QuantumRenderer-0" daemon [_thread_blocked, id=16387, stack(0x0000700004e19000,0x0000700004f19000)]
  0x00007f89aa063000 JavaThread "Service Thread" daemon [_thread_blocked, id=17155, stack(0x0000700004c13000,0x0000700004d13000)]
  0x00007f89ab857000 JavaThread "C1 CompilerThread2" daemon [_thread_blocked, id=17667, stack(0x0000700004b10000,0x0000700004c10000)]
  0x00007f89ab0f9800 JavaThread "C2 CompilerThread1" daemon [_thread_blocked, id=14083, stack(0x0000700004a0d000,0x0000700004b0d000)]
  0x00007f89ab84a800 JavaThread "C2 CompilerThread0" daemon [_thread_blocked, id=18435, stack(0x000070000490a000,0x0000700004a0a000)]
  0x00007f89ab842800 JavaThread "Monitor Ctrl-Break" daemon [_thread_in_native, id=18947, stack(0x0000700004807000,0x0000700004907000)]
  0x00007f89ab009800 JavaThread "Signal Dispatcher" daemon [_thread_blocked, id=13575, stack(0x0000700004704000,0x0000700004804000)]
  0x00007f89aa82e000 JavaThread "Finalizer" daemon [_thread_blocked, id=20739, stack(0x0000700004601000,0x0000700004701000)]
  0x00007f89aa82b000 JavaThread "Reference Handler" daemon [_thread_blocked, id=20995, stack(0x00007000044fe000,0x00007000045fe000)]
  0x00007f89ab801800 JavaThread "main" [_thread_blocked, id=5891, stack(0x0000700003eec000,0x0000700003fec000)]

Other Threads:
  0x00007f89ab008000 VMThread [stack: 0x00007000043fb000,0x00007000044fb000] [id=21251]
  0x00007f89aa004000 WatcherThread [stack: 0x0000700004d16000,0x0000700004e16000] [id=14339]

VM state:not at safepoint (normal execution)

VM Mutex/Monitor currently owned by a thread: None

Heap:
 PSYoungGen      total 282112K, used 194735K [0x0000000795580000, 0x00000007b0d80000, 0x00000007c0000000)
  eden space 269824K, 70% used [0x0000000795580000,0x00000007a0eb7590,0x00000007a5d00000)
  from space 12288K, 41% used [0x00000007a5d00000,0x00000007a61f4a08,0x00000007a6900000)
  to   space 11776K, 0% used [0x00000007b0200000,0x00000007b0200000,0x00000007b0d80000)
 ParOldGen       total 56320K, used 22671K [0x0000000740000000, 0x0000000743700000, 0x0000000795580000)
  object space 56320K, 40% used [0x0000000740000000,0x0000000741623ef8,0x0000000743700000)
 Metaspace       used 29845K, capacity 31522K, committed 31616K, reserved 1077248K
  class space    used 3905K, capacity 4210K, committed 4224K, reserved 1048576K

Card table byte_map: [0x0000000106dc0000,0x00000001071c1000] byte_map_base: 0x00000001033c0000

Marking Bits: (ParMarkBitMap*) 0x00000001059c4d20
 Begin Bits: [0x000000010746c000, 0x000000010946c000)
 End Bits:   [0x000000010946c000, 0x000000010b46c000)

Polling page: 0x00000001060b7000

CodeCache: size=245760Kb used=17664Kb max_used=17895Kb free=228095Kb
 bounds [0x0000000110815000, 0x00000001119b5000, 0x000000011f815000]
 total_blobs=6290 nmethods=5492 adapters=710
 compilation: enabled

Compilation events (10 events):
Event: 78.473 Thread 0x00007f89ab857000 6512       3       javafx.scene.layout.HBox::getPrefBaselineComplement (49 bytes)
Event: 78.474 Thread 0x00007f89ab857000 nmethod 6512 0x0000000110f28b10 code [0x0000000110f28ce0, 0x0000000110f29548]
Event: 78.478 Thread 0x00007f89ab0f9800 6513       4       com.sun.prism.impl.ps.BaseShaderGraphics::renderShape (255 bytes)
Event: 78.488 Thread 0x00007f89ab84a800 6514       4       java.util.concurrent.locks.AbstractQueuedSynchronizer$ConditionObject::await (98 bytes)
Event: 78.491 Thread 0x00007f89ab0f9800 nmethod 6513 0x00000001110f2210 code [0x00000001110f23e0, 0x00000001110f29d0]
Event: 78.504 Thread 0x00007f89ab84a800 nmethod 6514 0x0000000110ef8f90 code [0x0000000110ef91a0, 0x0000000110ef9c00]
Event: 78.505 Thread 0x00007f89ab857000 6515       3       java.util.concurrent.locks.AbstractQueuedSynchronizer::release (33 bytes)
Event: 78.505 Thread 0x00007f89ab0f9800 6516       4       javafx.beans.property.ObjectPropertyBase::set (110 bytes)
Event: 78.505 Thread 0x00007f89ab857000 nmethod 6515 0x000000011138b490 code [0x000000011138b620, 0x000000011138b938]
Event: 78.506 Thread 0x00007f89ab0f9800 nmethod 6516 0x00000001115da7d0 code [0x00000001115da920, 0x00000001115daa18]

GC Heap History (10 events):
Event: 52.056 GC heap before
{Heap before GC invocations=12 (full 1):
 PSYoungGen      total 119808K, used 106931K [0x0000000795580000, 0x000000079d780000, 0x00000007c0000000)
  eden space 106496K, 100% used [0x0000000795580000,0x000000079bd80000,0x000000079bd80000)
  from space 13312K, 3% used [0x000000079ca80000,0x000000079caecf60,0x000000079d780000)
  to   space 13312K, 0% used [0x000000079bd80000,0x000000079bd80000,0x000000079ca80000)
 ParOldGen       total 56320K, used 17687K [0x0000000740000000, 0x0000000743700000, 0x0000000795580000)
  object space 56320K, 31% used [0x0000000740000000,0x0000000741145f08,0x0000000743700000)
 Metaspace       used 29156K, capacity 30808K, committed 31104K, reserved 1077248K
  class space    used 3880K, capacity 4181K, committed 4224K, reserved 1048576K
Event: 52.066 GC heap after
Heap after GC invocations=12 (full 1):
 PSYoungGen      total 119808K, used 3208K [0x0000000795580000, 0x00000007a1480000, 0x00000007c0000000)
  eden space 106496K, 0% used [0x0000000795580000,0x0000000795580000,0x000000079bd80000)
  from space 13312K, 24% used [0x000000079bd80000,0x000000079c0a2230,0x000000079ca80000)
  to   space 12800K, 0% used [0x00000007a0800000,0x00000007a0800000,0x00000007a1480000)
 ParOldGen       total 56320K, used 17695K [0x0000000740000000, 0x0000000743700000, 0x0000000795580000)
  object space 56320K, 31% used [0x0000000740000000,0x0000000741147f08,0x0000000743700000)
 Metaspace       used 29156K, capacity 30808K, committed 31104K, reserved 1077248K
  class space    used 3880K, capacity 4181K, committed 4224K, reserved 1048576K
}
Event: 54.184 GC heap before
{Heap before GC invocations=13 (full 1):
 PSYoungGen      total 119808K, used 109704K [0x0000000795580000, 0x00000007a1480000, 0x00000007c0000000)
  eden space 106496K, 100% used [0x0000000795580000,0x000000079bd80000,0x000000079bd80000)
  from space 13312K, 24% used [0x000000079bd80000,0x000000079c0a2230,0x000000079ca80000)
  to   space 12800K, 0% used [0x00000007a0800000,0x00000007a0800000,0x00000007a1480000)
 ParOldGen       total 56320K, used 17698K [0x0000000740000000, 0x0000000743700000, 0x0000000795580000)
  object space 56320K, 31% used [0x0000000740000000,0x0000000741148888,0x0000000743700000)
 Metaspace       used 29460K, capacity 31140K, committed 31360K, reserved 1077248K
  class space    used 3895K, capacity 4201K, committed 4224K, reserved 1048576K
Event: 54.192 GC heap after
Heap after GC invocations=13 (full 1):
 PSYoungGen      total 182784K, used 1865K [0x0000000795580000, 0x00000007a1480000, 0x00000007c0000000)
  eden space 169984K, 0% used [0x0000000795580000,0x0000000795580000,0x000000079fb80000)
  from space 12800K, 14% used [0x00000007a0800000,0x00000007a09d24c0,0x00000007a1480000)
  to   space 12800K, 0% used [0x000000079fb80000,0x000000079fb80000,0x00000007a0800000)
 ParOldGen       total 56320K, used 20271K [0x0000000740000000, 0x0000000743700000, 0x0000000795580000)
  object space 56320K, 35% used [0x0000000740000000,0x00000007413cbd08,0x0000000743700000)
 Metaspace       used 29460K, capacity 31140K, committed 31360K, reserved 1077248K
  class space    used 3895K, capacity 4201K, committed 4224K, reserved 1048576K
}
Event: 66.022 GC heap before
{Heap before GC invocations=14 (full 1):
 PSYoungGen      total 182784K, used 171849K [0x0000000795580000, 0x00000007a1480000, 0x00000007c0000000)
  eden space 169984K, 100% used [0x0000000795580000,0x000000079fb80000,0x000000079fb80000)
  from space 12800K, 14% used [0x00000007a0800000,0x00000007a09d24c0,0x00000007a1480000)
  to   space 12800K, 0% used [0x000000079fb80000,0x000000079fb80000,0x00000007a0800000)
 ParOldGen       total 56320K, used 20274K [0x0000000740000000, 0x0000000743700000, 0x0000000795580000)
  object space 56320K, 35% used [0x0000000740000000,0x00000007413ccbd8,0x0000000743700000)
 Metaspace       used 29668K, capacity 31350K, committed 31616K, reserved 1077248K
  class space    used 3901K, capacity 4204K, committed 4224K, reserved 1048576K
Event: 66.027 GC heap after
Heap after GC invocations=14 (full 1):
 PSYoungGen      total 182784K, used 1301K [0x0000000795580000, 0x00000007a7600000, 0x00000007c0000000)
  eden space 169984K, 0% used [0x0000000795580000,0x0000000795580000,0x000000079fb80000)
  from space 12800K, 10% used [0x000000079fb80000,0x000000079fcc5630,0x00000007a0800000)
  to   space 12288K, 0% used [0x00000007a6a00000,0x00000007a6a00000,0x00000007a7600000)
 ParOldGen       total 56320K, used 21967K [0x0000000740000000, 0x0000000743700000, 0x0000000795580000)
  object space 56320K, 39% used [0x0000000740000000,0x0000000741573cf0,0x0000000743700000)
 Metaspace       used 29668K, capacity 31350K, committed 31616K, reserved 1077248K
  class space    used 3901K, capacity 4204K, committed 4224K, reserved 1048576K
}
Event: 68.228 GC heap before
{Heap before GC invocations=15 (full 1):
 PSYoungGen      total 182784K, used 171285K [0x0000000795580000, 0x00000007a7600000, 0x00000007c0000000)
  eden space 169984K, 100% used [0x0000000795580000,0x000000079fb80000,0x000000079fb80000)
  from space 12800K, 10% used [0x000000079fb80000,0x000000079fcc5630,0x00000007a0800000)
  to   space 12288K, 0% used [0x00000007a6a00000,0x00000007a6a00000,0x00000007a7600000)
 ParOldGen       total 56320K, used 21967K [0x0000000740000000, 0x0000000743700000, 0x0000000795580000)
  object space 56320K, 39% used [0x0000000740000000,0x0000000741573f00,0x0000000743700000)
 Metaspace       used 29697K, capacity 31350K, committed 31616K, reserved 1077248K
  class space    used 3901K, capacity 4204K, committed 4224K, reserved 1048576K
Event: 68.231 GC heap after
Heap after GC invocations=15 (full 1):
 PSYoungGen      total 281088K, used 192K [0x0000000795580000, 0x00000007a7500000, 0x00000007c0000000)
  eden space 269824K, 0% used [0x0000000795580000,0x0000000795580000,0x00000007a5d00000)
  from space 11264K, 1% used [0x00000007a6a00000,0x00000007a6a30000,0x00000007a7500000)
  to   space 12288K, 0% used [0x00000007a5d00000,0x00000007a5d00000,0x00000007a6900000)
 ParOldGen       total 56320K, used 22588K [0x0000000740000000, 0x0000000743700000, 0x0000000795580000)
  object space 56320K, 40% used [0x0000000740000000,0x000000074160f1b0,0x0000000743700000)
 Metaspace       used 29697K, capacity 31350K, committed 31616K, reserved 1077248K
  class space    used 3901K, capacity 4204K, committed 4224K, reserved 1048576K
}
Event: 76.281 GC heap before
{Heap before GC invocations=16 (full 1):
 PSYoungGen      total 281088K, used 270016K [0x0000000795580000, 0x00000007a7500000, 0x00000007c0000000)
  eden space 269824K, 100% used [0x0000000795580000,0x00000007a5d00000,0x00000007a5d00000)
  from space 11264K, 1% used [0x00000007a6a00000,0x00000007a6a30000,0x00000007a7500000)
  to   space 12288K, 0% used [0x00000007a5d00000,0x00000007a5d00000,0x00000007a6900000)
 ParOldGen       total 56320K, used 22623K [0x0000000740000000, 0x0000000743700000, 0x0000000795580000)
  object space 56320K, 40% used [0x0000000740000000,0x0000000741617ee8,0x0000000743700000)
 Metaspace       used 29833K, capacity 31518K, committed 31616K, reserved 1077248K
  class space    used 3905K, capacity 4210K, committed 4224K, reserved 1048576K
Event: 76.286 GC heap after
Heap after GC invocations=16 (full 1):
 PSYoungGen      total 282112K, used 5074K [0x0000000795580000, 0x00000007b0d80000, 0x00000007c0000000)
  eden space 269824K, 0% used [0x0000000795580000,0x0000000795580000,0x00000007a5d00000)
  from space 12288K, 41% used [0x00000007a5d00000,0x00000007a61f4a08,0x00000007a6900000)
  to   space 11776K, 0% used [0x00000007b0200000,0x00000007b0200000,0x00000007b0d80000)
 ParOldGen       total 56320K, used 22671K [0x0000000740000000, 0x0000000743700000, 0x0000000795580000)
  object space 56320K, 40% used [0x0000000740000000,0x0000000741623ef8,0x0000000743700000)
 Metaspace       used 29833K, capacity 31518K, committed 31616K, reserved 1077248K
  class space    used 3905K, capacity 4210K, committed 4224K, reserved 1048576K
}

Deoptimization events (10 events):
Event: 69.770 Thread 0x00007f89aa1fc800 Uncommon trap: reason=bimorphic action=maybe_recompile pc=0x00000001115fae54 method=com.sun.javafx.sg.prism.NGNode.doRender(Lcom/sun/prism/Graphics;)V @ 319
Event: 69.770 Thread 0x00007f89aa1fc800 Uncommon trap: reason=class_check action=maybe_recompile pc=0x00000001118a836c method=com.sun.webkit.graphics.GraphicsDecoder.decode(Lcom/sun/webkit/graphics/WCGraphicsManager;Lcom/sun/webkit/graphics/WCGraphicsContext;Lcom/sun/webkit/graphics/BufferData;
Event: 72.542 Thread 0x00007f89aa22b000 Uncommon trap: reason=class_check action=maybe_recompile pc=0x0000000110e16a94 method=java.util.regex.Pattern$Node.study(Ljava/util/regex/Pattern$TreeInfo;)Z @ 12
Event: 72.543 Thread 0x00007f89aa22b000 Uncommon trap: reason=class_check action=maybe_recompile pc=0x0000000110e16a94 method=java.util.regex.Pattern$Node.study(Ljava/util/regex/Pattern$TreeInfo;)Z @ 12
Event: 72.551 Thread 0x00007f89aa22b000 Uncommon trap: reason=unstable_if action=reinterpret pc=0x0000000110e085e0 method=com.sun.javafx.font.CompositeGlyphMapper.getAsciiGlyphCode(I)I @ 70
Event: 72.561 Thread 0x00007f89aa1fc800 Uncommon trap: reason=unstable_if action=reinterpret pc=0x0000000111907944 method=com.sun.javafx.font.CompositeStrike.getStrikeSlot(I)Lcom/sun/javafx/font/FontStrike; @ 1
Event: 72.562 Thread 0x00007f89aa1fc800 Uncommon trap: reason=unstable_if action=reinterpret pc=0x0000000110edbf34 method=com.sun.javafx.font.CompositeStrike.getStrikeSlot(I)Lcom/sun/javafx/font/FontStrike; @ 1
Event: 73.521 Thread 0x00007f89aa22b000 Uncommon trap: reason=class_check action=maybe_recompile pc=0x000000011120be48 method=java.util.regex.Matcher.search(I)Z @ 86
Event: 74.547 Thread 0x00007f89b3668000 Uncommon trap: reason=predicate action=maybe_recompile pc=0x000000011100c05c method=java.util.regex.Pattern$Slice.match(Ljava/util/regex/Matcher;ILjava/lang/CharSequence;)Z @ 21
Event: 78.242 Thread 0x00007f89aa22b000 Uncommon trap: reason=unstable_if action=reinterpret pc=0x0000000110d70ad8 method=java.util.concurrent.locks.AbstractQueuedSynchronizer.unparkSuccessor(Ljava/util/concurrent/locks/AbstractQueuedSynchronizer$Node;)V @ 22

Internal exceptions (10 events):
Event: 54.751 Thread 0x00007f89aa1fc800 Implicit null exception at 0x00000001115d8ddd to 0x00000001115d90e4
Event: 54.752 Thread 0x00007f89aa1fc800 Exception <a 'java/lang/NullPointerException'> (0x0000000797888698) thrown at [/HUDSON3/workspace/8-2-build-macosx-x86_64/jdk8u101/7261/hotspot/src/share/vm/runtime/sharedRuntime.cpp, line 605]
Event: 63.484 Thread 0x00007f89aa22b000 Exception <a 'sun/nio/fs/UnixException'> (0x000000079a0a5c50) thrown at [/HUDSON3/workspace/8-2-build-macosx-x86_64/jdk8u101/7261/hotspot/src/share/vm/prims/jni.cpp, line 709]
Event: 63.487 Thread 0x00007f89aa22b000 Exception <a 'sun/nio/fs/UnixException'> (0x000000079a0a6fd8) thrown at [/HUDSON3/workspace/8-2-build-macosx-x86_64/jdk8u101/7261/hotspot/src/share/vm/prims/jni.cpp, line 709]
Event: 65.547 Thread 0x00007f89aa1fc800 Implicit null exception at 0x00000001115d8ddd to 0x00000001115d90e4
Event: 65.547 Thread 0x00007f89aa1fc800 Exception <a 'java/lang/NullPointerException'> (0x000000079befc4f8) thrown at [/HUDSON3/workspace/8-2-build-macosx-x86_64/jdk8u101/7261/hotspot/src/share/vm/runtime/sharedRuntime.cpp, line 605]
Event: 69.375 Thread 0x00007f89aa1fc800 Implicit null exception at 0x0000000111875ef0 to 0x0000000111876159
Event: 72.548 Thread 0x00007f89aa22b000 Exception <a 'java/io/FileNotFoundException'> (0x000000079967e450) thrown at [/HUDSON3/workspace/8-2-build-macosx-x86_64/jdk8u101/7261/hotspot/src/share/vm/prims/jni.cpp, line 709]
Event: 72.548 Thread 0x00007f89aa22b000 Exception <a 'java/io/FileNotFoundException'> (0x000000079967f4a8) thrown at [/HUDSON3/workspace/8-2-build-macosx-x86_64/jdk8u101/7261/hotspot/src/share/vm/prims/jni.cpp, line 709]
Event: 78.242 Thread 0x00007f89aa22b000 Implicit null exception at 0x0000000110d709fd to 0x0000000110d70abf

Events (10 events):
Event: 78.489 Thread 0x00007f89af739800 Thread exited: 0x00007f89af739800
Event: 78.506 Executing VM operation: RevokeBias
Event: 78.507 Executing VM operation: RevokeBias done
Event: 78.507 Executing VM operation: RevokeBias
Event: 78.507 Executing VM operation: RevokeBias done
Event: 78.507 Executing VM operation: RevokeBias
Event: 78.507 Executing VM operation: RevokeBias done
Event: 78.507 Executing VM operation: RevokeBias
Event: 78.507 Executing VM operation: RevokeBias done
Event: 78.507 Executing VM operation: RevokeBias


Dynamic libraries:
0x0000000014740000 	/System/Library/Frameworks/Cocoa.framework/Versions/A/Cocoa
0x0000000014740000 	/System/Library/Frameworks/Security.framework/Versions/A/Security
0x0000000014740000 	/System/Library/Frameworks/ApplicationServices.framework/Versions/A/ApplicationServices
0x0000000014740000 	/usr/lib/libz.1.dylib
0x0000000014740000 	/usr/lib/libSystem.B.dylib
0x0000000014740000 	/usr/lib/libobjc.A.dylib
0x0000000014740000 	/System/Library/Frameworks/CoreFoundation.framework/Versions/A/CoreFoundation
0x0000000014740000 	/System/Library/Frameworks/Foundation.framework/Versions/C/Foundation
0x0000000014740000 	/System/Library/Frameworks/AppKit.framework/Versions/C/AppKit
0x0000000014740000 	/System/Library/Frameworks/CoreData.framework/Versions/A/CoreData
0x0000000014740000 	/System/Library/PrivateFrameworks/RemoteViewServices.framework/Versions/A/RemoteViewServices
0x0000000014740000 	/System/Library/PrivateFrameworks/UIFoundation.framework/Versions/A/UIFoundation
0x0000000014740000 	/System/Library/PrivateFrameworks/DFRFoundation.framework/Versions/A/DFRFoundation
0x0000000014740000 	/System/Library/Frameworks/Metal.framework/Versions/A/Metal
0x0000000014740000 	/System/Library/PrivateFrameworks/DesktopServicesPriv.framework/Versions/A/DesktopServicesPriv
0x0000000014740000 	/usr/lib/libenergytrace.dylib
0x0000000014740000 	/System/Library/PrivateFrameworks/SkyLight.framework/Versions/A/SkyLight
0x0000000014740000 	/System/Library/Frameworks/CoreGraphics.framework/Versions/A/CoreGraphics
0x0000000014740000 	/usr/lib/libScreenReader.dylib
0x0000000014740000 	/System/Library/Frameworks/Accelerate.framework/Versions/A/Accelerate
0x0000000014740000 	/System/Library/Frameworks/IOSurface.framework/Versions/A/IOSurface
0x0000000014740000 	/System/Library/Frameworks/AudioToolbox.framework/Versions/A/AudioToolbox
0x0000000014740000 	/System/Library/Frameworks/AudioUnit.framework/Versions/A/AudioUnit
0x0000000014740000 	/System/Library/PrivateFrameworks/DataDetectorsCore.framework/Versions/A/DataDetectorsCore
0x0000000014740000 	/System/Library/Frameworks/Carbon.framework/Versions/A/Frameworks/HIToolbox.framework/Versions/A/HIToolbox
0x0000000014740000 	/usr/lib/libicucore.A.dylib
0x0000000014740000 	/System/Library/Frameworks/QuartzCore.framework/Versions/A/QuartzCore
0x0000000014740000 	/System/Library/PrivateFrameworks/SignpostNotification.framework/Versions/A/SignpostNotification
0x0000000014740000 	/System/Library/Frameworks/Carbon.framework/Versions/A/Frameworks/SpeechRecognition.framework/Versions/A/SpeechRecognition
0x0000000014740000 	/usr/lib/libauto.dylib
0x0000000014740000 	/usr/lib/libxml2.2.dylib
0x0000000014740000 	/System/Library/PrivateFrameworks/CoreUI.framework/Versions/A/CoreUI
0x0000000014740000 	/System/Library/Frameworks/CoreAudio.framework/Versions/A/CoreAudio
0x0000000014740000 	/System/Library/Frameworks/DiskArbitration.framework/Versions/A/DiskArbitration
0x0000000014740000 	/usr/lib/liblangid.dylib
0x0000000014740000 	/System/Library/PrivateFrameworks/MultitouchSupport.framework/Versions/A/MultitouchSupport
0x0000000014740000 	/System/Library/Frameworks/IOKit.framework/Versions/A/IOKit
0x0000000014740000 	/usr/lib/libDiagnosticMessagesClient.dylib
0x0000000014740000 	/System/Library/Frameworks/CoreServices.framework/Versions/A/CoreServices
0x0000000014740000 	/System/Library/PrivateFrameworks/PerformanceAnalysis.framework/Versions/A/PerformanceAnalysis
0x0000000014740000 	/System/Library/Frameworks/OpenGL.framework/Versions/A/OpenGL
0x0000000014740000 	/System/Library/Frameworks/ColorSync.framework/Versions/A/ColorSync
0x0000000014740000 	/System/Library/Frameworks/CoreImage.framework/Versions/A/CoreImage
0x0000000014740000 	/System/Library/Frameworks/CoreText.framework/Versions/A/CoreText
0x0000000014740000 	/System/Library/Frameworks/ImageIO.framework/Versions/A/ImageIO
0x0000000014740000 	/System/Library/PrivateFrameworks/Backup.framework/Versions/A/Backup
0x0000000014740000 	/usr/lib/libarchive.2.dylib
0x0000000014740000 	/System/Library/Frameworks/CFNetwork.framework/Versions/A/CFNetwork
0x0000000014740000 	/System/Library/Frameworks/SystemConfiguration.framework/Versions/A/SystemConfiguration
0x0000000014740000 	/usr/lib/libCRFSuite.dylib
0x0000000014740000 	/usr/lib/libc++.1.dylib
0x0000000014740000 	/usr/lib/libc++abi.dylib
0x0000000014740000 	/usr/lib/system/libcache.dylib
0x0000000014740000 	/usr/lib/system/libcommonCrypto.dylib
0x0000000014740000 	/usr/lib/system/libcompiler_rt.dylib
0x0000000014740000 	/usr/lib/system/libcopyfile.dylib
0x0000000014740000 	/usr/lib/system/libcorecrypto.dylib
0x0000000014740000 	/usr/lib/system/libdispatch.dylib
0x0000000014740000 	/usr/lib/system/libdyld.dylib
0x0000000014740000 	/usr/lib/system/libkeymgr.dylib
0x0000000014740000 	/usr/lib/system/liblaunch.dylib
0x0000000014740000 	/usr/lib/system/libmacho.dylib
0x0000000014740000 	/usr/lib/system/libquarantine.dylib
0x0000000014740000 	/usr/lib/system/libremovefile.dylib
0x0000000014740000 	/usr/lib/system/libsystem_asl.dylib
0x0000000014740000 	/usr/lib/system/libsystem_blocks.dylib
0x0000000014740000 	/usr/lib/system/libsystem_c.dylib
0x0000000014740000 	/usr/lib/system/libsystem_configuration.dylib
0x0000000014740000 	/usr/lib/system/libsystem_coreservices.dylib
0x0000000014740000 	/usr/lib/system/libsystem_darwin.dylib
0x0000000014740000 	/usr/lib/system/libsystem_dnssd.dylib
0x0000000014740000 	/usr/lib/system/libsystem_info.dylib
0x0000000014740000 	/usr/lib/system/libsystem_m.dylib
0x0000000014740000 	/usr/lib/system/libsystem_malloc.dylib
0x0000000014740000 	/usr/lib/system/libsystem_network.dylib
0x0000000014740000 	/usr/lib/system/libsystem_networkextension.dylib
0x0000000014740000 	/usr/lib/system/libsystem_notify.dylib
0x0000000014740000 	/usr/lib/system/libsystem_sandbox.dylib
0x0000000014740000 	/usr/lib/system/libsystem_secinit.dylib
0x0000000014740000 	/usr/lib/system/libsystem_kernel.dylib
0x0000000014740000 	/usr/lib/system/libsystem_platform.dylib
0x0000000014740000 	/usr/lib/system/libsystem_pthread.dylib
0x0000000014740000 	/usr/lib/system/libsystem_symptoms.dylib
0x0000000014740000 	/usr/lib/system/libsystem_trace.dylib
0x0000000014740000 	/usr/lib/system/libunwind.dylib
0x0000000014740000 	/usr/lib/system/libxpc.dylib
0x0000000014740000 	/usr/lib/closure/libclosured.dylib
0x0000000014740000 	/usr/lib/libbsm.0.dylib
0x0000000014740000 	/usr/lib/system/libkxld.dylib
0x0000000014740000 	/usr/lib/libOpenScriptingUtil.dylib
0x0000000014740000 	/usr/lib/libcoretls.dylib
0x0000000014740000 	/usr/lib/libcoretls_cfhelpers.dylib
0x0000000014740000 	/usr/lib/libpam.2.dylib
0x0000000014740000 	/usr/lib/libsqlite3.dylib
0x0000000014740000 	/usr/lib/libxar.1.dylib
0x0000000014740000 	/usr/lib/libbz2.1.0.dylib
0x0000000014740000 	/usr/lib/liblzma.5.dylib
0x0000000014740000 	/usr/lib/libnetwork.dylib
0x0000000014740000 	/usr/lib/libapple_nghttp2.dylib
0x0000000014740000 	/usr/lib/libpcap.A.dylib
0x0000000014740000 	/usr/lib/libboringssl.dylib
0x0000000014740000 	/usr/lib/libusrtcp.dylib
0x0000000014740000 	/usr/lib/libapple_crypto.dylib
0x0000000014740000 	/System/Library/Frameworks/CoreServices.framework/Versions/A/Frameworks/FSEvents.framework/Versions/A/FSEvents
0x0000000014740000 	/System/Library/Frameworks/CoreServices.framework/Versions/A/Frameworks/CarbonCore.framework/Versions/A/CarbonCore
0x0000000014740000 	/System/Library/Frameworks/CoreServices.framework/Versions/A/Frameworks/Metadata.framework/Versions/A/Metadata
0x0000000014740000 	/System/Library/Frameworks/CoreServices.framework/Versions/A/Frameworks/OSServices.framework/Versions/A/OSServices
0x0000000014740000 	/System/Library/Frameworks/CoreServices.framework/Versions/A/Frameworks/SearchKit.framework/Versions/A/SearchKit
0x0000000014740000 	/System/Library/Frameworks/CoreServices.framework/Versions/A/Frameworks/AE.framework/Versions/A/AE
0x0000000014740000 	/System/Library/Frameworks/CoreServices.framework/Versions/A/Frameworks/LaunchServices.framework/Versions/A/LaunchServices
0x0000000014740000 	/System/Library/Frameworks/CoreServices.framework/Versions/A/Frameworks/DictionaryServices.framework/Versions/A/DictionaryServices
0x0000000014740000 	/System/Library/Frameworks/CoreServices.framework/Versions/A/Frameworks/SharedFileList.framework/Versions/A/SharedFileList
0x0000000014740000 	/System/Library/Frameworks/NetFS.framework/Versions/A/NetFS
0x0000000014740000 	/System/Library/PrivateFrameworks/NetAuth.framework/Versions/A/NetAuth
0x0000000014740000 	/System/Library/PrivateFrameworks/login.framework/Versions/A/Frameworks/loginsupport.framework/Versions/A/loginsupport
0x0000000014740000 	/System/Library/PrivateFrameworks/TCC.framework/Versions/A/TCC
0x0000000014740000 	/usr/lib/libmecabra.dylib
0x0000000014740000 	/System/Library/Frameworks/ApplicationServices.framework/Versions/A/Frameworks/ATS.framework/Versions/A/ATS
0x0000000014740000 	/System/Library/Frameworks/ApplicationServices.framework/Versions/A/Frameworks/ColorSyncLegacy.framework/Versions/A/ColorSyncLegacy
0x0000000014740000 	/System/Library/Frameworks/ApplicationServices.framework/Versions/A/Frameworks/HIServices.framework/Versions/A/HIServices
0x0000000014740000 	/System/Library/Frameworks/ApplicationServices.framework/Versions/A/Frameworks/LangAnalysis.framework/Versions/A/LangAnalysis
0x0000000014740000 	/System/Library/Frameworks/ApplicationServices.framework/Versions/A/Frameworks/PrintCore.framework/Versions/A/PrintCore
0x0000000014740000 	/System/Library/Frameworks/ApplicationServices.framework/Versions/A/Frameworks/QD.framework/Versions/A/QD
0x0000000014740000 	/System/Library/Frameworks/ApplicationServices.framework/Versions/A/Frameworks/SpeechSynthesis.framework/Versions/A/SpeechSynthesis
0x0000000014740000 	/System/Library/Frameworks/CoreDisplay.framework/Versions/A/CoreDisplay
0x0000000014740000 	/System/Library/Frameworks/Accelerate.framework/Versions/A/Frameworks/vImage.framework/Versions/A/vImage
0x0000000014740000 	/System/Library/Frameworks/Accelerate.framework/Versions/A/Frameworks/vecLib.framework/Versions/A/vecLib
0x0000000014740000 	/System/Library/Frameworks/Accelerate.framework/Versions/A/Frameworks/vecLib.framework/Versions/A/libvDSP.dylib
0x0000000014740000 	/System/Library/Frameworks/Accelerate.framework/Versions/A/Frameworks/vecLib.framework/Versions/A/libBNNS.dylib
0x0000000014740000 	/System/Library/Frameworks/Accelerate.framework/Versions/A/Frameworks/vecLib.framework/Versions/A/libQuadrature.dylib
0x0000000014740000 	/System/Library/Frameworks/Accelerate.framework/Versions/A/Frameworks/vecLib.framework/Versions/A/libvMisc.dylib
0x0000000014740000 	/System/Library/Frameworks/Accelerate.framework/Versions/A/Frameworks/vecLib.framework/Versions/A/libLAPACK.dylib
0x0000000014740000 	/System/Library/Frameworks/Accelerate.framework/Versions/A/Frameworks/vecLib.framework/Versions/A/libBLAS.dylib
0x0000000014740000 	/System/Library/Frameworks/Accelerate.framework/Versions/A/Frameworks/vecLib.framework/Versions/A/libLinearAlgebra.dylib
0x0000000014740000 	/System/Library/Frameworks/Accelerate.framework/Versions/A/Frameworks/vecLib.framework/Versions/A/libSparse.dylib
0x0000000014740000 	/System/Library/Frameworks/Accelerate.framework/Versions/A/Frameworks/vecLib.framework/Versions/A/libSparseBLAS.dylib
0x0000000014740000 	/System/Library/PrivateFrameworks/GPUWrangler.framework/Versions/A/GPUWrangler
0x0000000014740000 	/System/Library/PrivateFrameworks/IOAccelerator.framework/Versions/A/IOAccelerator
0x0000000014740000 	/System/Library/PrivateFrameworks/IOPresentment.framework/Versions/A/IOPresentment
0x0000000014740000 	/System/Library/PrivateFrameworks/DSExternalDisplay.framework/Versions/A/DSExternalDisplay
0x0000000014740000 	/System/Library/Frameworks/OpenGL.framework/Versions/A/Libraries/libCoreFSCache.dylib
0x0000000014740000 	/System/Library/Frameworks/CoreVideo.framework/Versions/A/CoreVideo
0x0000000014740000 	/System/Library/PrivateFrameworks/GraphVisualizer.framework/Versions/A/GraphVisualizer
0x0000000014740000 	/System/Library/Frameworks/MetalPerformanceShaders.framework/Versions/A/MetalPerformanceShaders
0x0000000014740000 	/usr/lib/libFosl_dynamic.dylib
0x0000000014740000 	/System/Library/PrivateFrameworks/FaceCore.framework/Versions/A/FaceCore
0x0000000014740000 	/System/Library/Frameworks/OpenCL.framework/Versions/A/OpenCL
0x0000000014740000 	/usr/lib/libcompression.dylib
0x0000000014740000 	/System/Library/Frameworks/ApplicationServices.framework/Versions/A/Frameworks/ATS.framework/Versions/A/Resources/libFontParser.dylib
0x0000000014740000 	/System/Library/Frameworks/ApplicationServices.framework/Versions/A/Frameworks/ATS.framework/Versions/A/Resources/libFontRegistry.dylib
0x0000000014740000 	/System/Library/Frameworks/ImageIO.framework/Versions/A/Resources/libJPEG.dylib
0x0000000014740000 	/System/Library/Frameworks/ImageIO.framework/Versions/A/Resources/libTIFF.dylib
0x0000000014740000 	/System/Library/Frameworks/ImageIO.framework/Versions/A/Resources/libPng.dylib
0x0000000014740000 	/System/Library/Frameworks/ImageIO.framework/Versions/A/Resources/libGIF.dylib
0x0000000014740000 	/System/Library/Frameworks/ImageIO.framework/Versions/A/Resources/libJP2.dylib
0x0000000014740000 	/System/Library/Frameworks/ImageIO.framework/Versions/A/Resources/libRadiance.dylib
0x0000000014740000 	/System/Library/PrivateFrameworks/AppleJPEG.framework/Versions/A/AppleJPEG
0x0000000014740000 	/System/Library/Frameworks/MetalPerformanceShaders.framework/Frameworks/MPSCore.framework/Versions/A/MPSCore
0x0000000014740000 	/System/Library/Frameworks/MetalPerformanceShaders.framework/Frameworks/MPSImage.framework/Versions/A/MPSImage
0x0000000014740000 	/System/Library/Frameworks/MetalPerformanceShaders.framework/Frameworks/MPSNeuralNetwork.framework/Versions/A/MPSNeuralNetwork
0x0000000014740000 	/System/Library/Frameworks/MetalPerformanceShaders.framework/Frameworks/MPSMatrix.framework/Versions/A/MPSMatrix
0x0000000014740000 	/System/Library/PrivateFrameworks/MetalTools.framework/Versions/A/MetalTools
0x0000000014740000 	/System/Library/Frameworks/OpenGL.framework/Versions/A/Libraries/libGLU.dylib
0x0000000014740000 	/System/Library/Frameworks/OpenGL.framework/Versions/A/Libraries/libGFXShared.dylib
0x0000000014740000 	/System/Library/Frameworks/OpenGL.framework/Versions/A/Libraries/libGL.dylib
0x0000000014740000 	/System/Library/Frameworks/OpenGL.framework/Versions/A/Libraries/libGLImage.dylib
0x0000000014740000 	/System/Library/Frameworks/OpenGL.framework/Versions/A/Libraries/libCVMSPluginSupport.dylib
0x0000000014740000 	/System/Library/Frameworks/OpenGL.framework/Versions/A/Libraries/libCoreVMClient.dylib
0x0000000014740000 	/usr/lib/libcups.2.dylib
0x0000000014740000 	/System/Library/Frameworks/Kerberos.framework/Versions/A/Kerberos
0x0000000014740000 	/System/Library/Frameworks/GSS.framework/Versions/A/GSS
0x0000000014740000 	/usr/lib/libresolv.9.dylib
0x0000000014740000 	/usr/lib/libiconv.2.dylib
0x0000000014740000 	/System/Library/PrivateFrameworks/Heimdal.framework/Versions/A/Heimdal
0x0000000014740000 	/usr/lib/libheimdal-asn1.dylib
0x0000000014740000 	/System/Library/Frameworks/OpenDirectory.framework/Versions/A/OpenDirectory
0x0000000014740000 	/System/Library/PrivateFrameworks/CommonAuth.framework/Versions/A/CommonAuth
0x0000000014740000 	/System/Library/Frameworks/OpenDirectory.framework/Versions/A/Frameworks/CFOpenDirectory.framework/Versions/A/CFOpenDirectory
0x0000000014740000 	/System/Library/Frameworks/SecurityFoundation.framework/Versions/A/SecurityFoundation
0x0000000014740000 	/System/Library/PrivateFrameworks/APFS.framework/Versions/A/APFS
0x0000000014740000 	/usr/lib/libutil.dylib
0x0000000014740000 	/System/Library/PrivateFrameworks/AppleSauce.framework/Versions/A/AppleSauce
0x0000000014740000 	/System/Library/PrivateFrameworks/LinguisticData.framework/Versions/A/LinguisticData
0x0000000014740000 	/usr/lib/libmarisa.dylib
0x0000000014740000 	/System/Library/PrivateFrameworks/Lexicon.framework/Versions/A/Lexicon
0x0000000014740000 	/usr/lib/libChineseTokenizer.dylib
0x0000000014740000 	/usr/lib/libcmph.dylib
0x0000000014740000 	/System/Library/PrivateFrameworks/LanguageModeling.framework/Versions/A/LanguageModeling
0x0000000014740000 	/System/Library/PrivateFrameworks/CoreEmoji.framework/Versions/A/CoreEmoji
0x0000000014740000 	/System/Library/Frameworks/ServiceManagement.framework/Versions/A/ServiceManagement
0x0000000014740000 	/System/Library/PrivateFrameworks/BackgroundTaskManagement.framework/Versions/A/BackgroundTaskManagement
0x0000000014740000 	/usr/lib/libxslt.1.dylib
0x0000000014740000 	/System/Library/Frameworks/Carbon.framework/Versions/A/Frameworks/Ink.framework/Versions/A/Ink
0x0000000014740000 	/System/Library/PrivateFrameworks/TextureIO.framework/Versions/A/TextureIO
0x0000000014740000 	/usr/lib/libate.dylib
0x0000000014740000 	/System/Library/PrivateFrameworks/CrashReporterSupport.framework/Versions/A/CrashReporterSupport
0x0000000014740000 	/System/Library/PrivateFrameworks/Sharing.framework/Versions/A/Sharing
0x0000000014740000 	/System/Library/PrivateFrameworks/IconServices.framework/Versions/A/IconServices
0x0000000014740000 	/System/Library/PrivateFrameworks/AuthKit.framework/Versions/A/AuthKit
0x0000000014740000 	/System/Library/PrivateFrameworks/Apple80211.framework/Versions/A/Apple80211
0x0000000014740000 	/System/Library/PrivateFrameworks/CoreUtils.framework/Versions/A/CoreUtils
0x0000000014740000 	/System/Library/Frameworks/CoreWLAN.framework/Versions/A/CoreWLAN
0x0000000014740000 	/System/Library/Frameworks/IOBluetooth.framework/Versions/A/IOBluetooth
0x0000000014740000 	/System/Library/PrivateFrameworks/ProtocolBuffer.framework/Versions/A/ProtocolBuffer
0x0000000014740000 	/System/Library/PrivateFrameworks/MobileKeyBag.framework/Versions/A/MobileKeyBag
0x0000000014740000 	/System/Library/PrivateFrameworks/CorePhoneNumbers.framework/Versions/A/CorePhoneNumbers
0x0000000014740000 	/System/Library/PrivateFrameworks/AppleIDAuthSupport.framework/Versions/A/AppleIDAuthSupport
0x0000000014740000 	/System/Library/PrivateFrameworks/KeychainCircle.framework/Versions/A/KeychainCircle
0x0000000014740000 	/System/Library/PrivateFrameworks/CoreWiFi.framework/Versions/A/CoreWiFi
0x0000000014740000 	/System/Library/Frameworks/CoreBluetooth.framework/Versions/A/CoreBluetooth
0x0000000014740000 	/System/Library/PrivateFrameworks/DebugSymbols.framework/Versions/A/DebugSymbols
0x0000000014740000 	/System/Library/PrivateFrameworks/CoreSymbolication.framework/Versions/A/CoreSymbolication
0x0000000014740000 	/System/Library/PrivateFrameworks/Symbolication.framework/Versions/A/Symbolication
0x0000000014740000 	/System/Library/PrivateFrameworks/AppleFSCompression.framework/Versions/A/AppleFSCompression
0x0000000014740000 	/System/Library/PrivateFrameworks/SpeechRecognitionCore.framework/Versions/A/SpeechRecognitionCore
0x00000001050d7000 	/Library/Java/JavaVirtualMachines/jdk1.8.0_101.jdk/Contents/Home/jre/lib/server/libjvm.dylib
0x0000000014740000 	/usr/lib/libstdc++.6.0.9.dylib
0x0000000106074000 	/Library/Java/JavaVirtualMachines/jdk1.8.0_101.jdk/Contents/Home/jre/lib/libverify.dylib
0x0000000106082000 	/Library/Java/JavaVirtualMachines/jdk1.8.0_101.jdk/Contents/Home/jre/lib/libjava.dylib
0x00000001060b8000 	/Library/Java/JavaVirtualMachines/jdk1.8.0_101.jdk/Contents/Home/jre/lib/libinstrument.dylib
0x0000000106156000 	/Library/Java/JavaVirtualMachines/jdk1.8.0_101.jdk/Contents/Home/jre/lib/libzip.dylib
0x0000000014740000 	/System/Library/Frameworks/JavaVM.framework/Versions/A/Frameworks/JavaRuntimeSupport.framework/Versions/A/JavaRuntimeSupport
0x0000000014740000 	/System/Library/Frameworks/JavaVM.framework/Versions/A/Frameworks/JavaNativeFoundation.framework/Versions/A/JavaNativeFoundation
0x0000000014740000 	/System/Library/Frameworks/JavaVM.framework/Versions/A/JavaVM
0x0000000014740000 	/System/Library/Frameworks/Carbon.framework/Versions/A/Carbon
0x0000000014740000 	/System/Library/PrivateFrameworks/JavaLaunching.framework/Versions/A/JavaLaunching
0x0000000014740000 	/System/Library/Frameworks/Carbon.framework/Versions/A/Frameworks/CommonPanels.framework/Versions/A/CommonPanels
0x0000000014740000 	/System/Library/Frameworks/Carbon.framework/Versions/A/Frameworks/Help.framework/Versions/A/Help
0x0000000014740000 	/System/Library/Frameworks/Carbon.framework/Versions/A/Frameworks/ImageCapture.framework/Versions/A/ImageCapture
0x0000000014740000 	/System/Library/Frameworks/Carbon.framework/Versions/A/Frameworks/OpenScripting.framework/Versions/A/OpenScripting
0x0000000014740000 	/System/Library/Frameworks/Carbon.framework/Versions/A/Frameworks/Print.framework/Versions/A/Print
0x0000000014740000 	/System/Library/Frameworks/Carbon.framework/Versions/A/Frameworks/SecurityHI.framework/Versions/A/SecurityHI
0x000000010edfe000 	/Library/Java/JavaVirtualMachines/jdk1.8.0_101.jdk/Contents/Home/jre/lib/libnet.dylib
0x000000010eef3000 	/Library/Java/JavaVirtualMachines/jdk1.8.0_101.jdk/Contents/Home/jre/lib/libprism_es2.dylib
0x0000000014740000 	/System/Library/PrivateFrameworks/CoreServicesInternal.framework/Versions/A/CoreServicesInternal
0x0000000014740000 	/System/Library/Frameworks/OpenGL.framework/Versions/A/Resources/GLEngine.bundle/GLEngine
0x0000000014740000 	/System/Library/Frameworks/OpenGL.framework/Versions/A/Libraries/libGLProgrammability.dylib
0x000000010ef9d000 	/System/Library/Extensions/AppleIntelBDWGraphicsGLDriver.bundle/Contents/MacOS/AppleIntelBDWGraphicsGLDriver
0x0000000014740000 	/System/Library/PrivateFrameworks/GPUSupport.framework/Versions/A/Libraries/libGPUSupportMercury.dylib
0x0000000014740000 	/System/Library/Frameworks/OpenGL.framework/Versions/A/Resources/GLRendererFloat.bundle/GLRendererFloat
0x0000000014740000 	/System/Library/Frameworks/OpenCL.framework/Versions/A/Libraries/libcldcpuengine.dylib
0x0000000014740000 	/usr/lib/libcrypto.35.dylib
0x0000000014740000 	/System/Library/PrivateFrameworks/TrustEvaluationAgent.framework/Versions/A/TrustEvaluationAgent
0x000000010fb32000 	/Library/Java/JavaVirtualMachines/jdk1.8.0_101.jdk/Contents/Home/jre/lib/libglass.dylib
0x0000000014740000 	/System/Library/CoreServices/RawCamera.bundle/Contents/MacOS/RawCamera
0x0000000014740000 	/System/Library/PrivateFrameworks/MobileAsset.framework/Versions/A/MobileAsset
0x0000000014740000 	/System/Library/PrivateFrameworks/StreamingZip.framework/Versions/A/StreamingZip
0x0000000014740000 	/System/Library/Frameworks/MediaToolbox.framework/Versions/A/MediaToolbox
0x0000000014740000 	/System/Library/PrivateFrameworks/CoreAVCHD.framework/Versions/A/CoreAVCHD
0x0000000014740000 	/System/Library/Frameworks/MediaAccessibility.framework/Versions/A/MediaAccessibility
0x0000000014740000 	/System/Library/PrivateFrameworks/Mangrove.framework/Versions/A/Mangrove
0x0000000014740000 	/System/Library/Frameworks/CoreMedia.framework/Versions/A/CoreMedia
0x0000000014740000 	/System/Library/Frameworks/VideoToolbox.framework/Versions/A/VideoToolbox
0x0000000014740000 	/System/Library/PrivateFrameworks/CoreAUC.framework/Versions/A/CoreAUC
0x0000000014740000 	/usr/lib/libspindump.dylib
0x0000000014740000 	/System/Library/PrivateFrameworks/AppleVA.framework/Versions/A/AppleVA
0x0000000014740000 	/System/Library/Frameworks/Accelerate.framework/Versions/A/Frameworks/vImage.framework/Versions/A/Libraries/libCGInterfaces.dylib
0x0000000014740000 	/System/Library/PrivateFrameworks/FamilyControls.framework/Versions/A/FamilyControls
0x0000000014740000 	/System/Library/PrivateFrameworks/CommerceKit.framework/Versions/A/Frameworks/CommerceCore.framework/Versions/A/CommerceCore
0x0000000014740000 	/System/Library/PrivateFrameworks/SystemAdministration.framework/Versions/A/SystemAdministration
0x0000000014740000 	/System/Library/PrivateFrameworks/AppContainer.framework/Versions/A/AppContainer
0x0000000014740000 	/System/Library/PrivateFrameworks/SecCodeWrapper.framework/Versions/A/SecCodeWrapper
0x0000000014740000 	/System/Library/PrivateFrameworks/DiskManagement.framework/Versions/A/DiskManagement
0x0000000014740000 	/System/Library/Frameworks/DirectoryService.framework/Versions/A/DirectoryService
0x0000000014740000 	/System/Library/PrivateFrameworks/DiskImages.framework/Versions/A/DiskImages
0x0000000014740000 	/System/Library/PrivateFrameworks/LoginUIKit.framework/Versions/A/Frameworks/LoginUICore.framework/Versions/A/LoginUICore
0x0000000014740000 	/usr/lib/libCoreStorage.dylib
0x0000000014740000 	/usr/lib/libcsfde.dylib
0x0000000014740000 	/usr/lib/libodfde.dylib
0x0000000014740000 	/System/Library/PrivateFrameworks/MediaKit.framework/Versions/A/MediaKit
0x0000000014740000 	/System/Library/Frameworks/DiscRecording.framework/Versions/A/DiscRecording
0x0000000014740000 	/System/Library/PrivateFrameworks/EFILogin.framework/Versions/A/EFILogin
0x0000000014740000 	/System/Library/PrivateFrameworks/ProtectedCloudStorage.framework/Versions/A/ProtectedCloudStorage
0x0000000014740000 	/usr/lib/libcurl.4.dylib
0x0000000014740000 	/usr/lib/libssl.35.dylib
0x0000000014740000 	/System/Library/Frameworks/LDAP.framework/Versions/A/LDAP
0x0000000014740000 	/usr/lib/libsasl2.2.dylib
0x0000000014740000 	/System/Library/PrivateFrameworks/CoreDaemon.framework/Versions/B/CoreDaemon
0x0000000014740000 	/System/Library/PrivateFrameworks/AppleSRP.framework/Versions/A/AppleSRP
0x000000011035c000 	/Library/Java/JavaVirtualMachines/jdk1.8.0_101.jdk/Contents/Home/jre/lib/libjavafx_font.dylib
0x0000000014740000 	/System/Library/Frameworks/ApplicationServices.framework/Versions/A/Frameworks/ATS.framework/Versions/A/Resources/libTrueTypeScaler.dylib
0x0000000121971000 	/Library/Java/JavaVirtualMachines/jdk1.8.0_101.jdk/Contents/Home/jre/lib/libprism_common.dylib
0x0000000014740000 	/System/Library/Extensions/AppleIntelBDWGraphicsMTLDriver.bundle/Contents/MacOS/AppleIntelBDWGraphicsMTLDriver
0x0000000014740000 	/System/Library/PrivateFrameworks/GPUCompiler.framework/Versions/3802/Libraries/libmetal_timestamp.dylib
0x0000000014740000 	/System/Library/PrivateFrameworks/ViewBridge.framework/Versions/A/ViewBridge
0x0000000014740000 	/System/Library/PrivateFrameworks/login.framework/Versions/A/login
0x00000001106e6000 	/Library/Java/JavaVirtualMachines/jdk1.8.0_101.jdk/Contents/Home/jre/lib/libjavafx_iio.dylib
0x0000000129c4e000 	/Library/Java/JavaVirtualMachines/jdk1.8.0_101.jdk/Contents/Home/jre/lib/libjfxwebkit.dylib
0x0000000123069000 	/Library/Java/JavaVirtualMachines/jdk1.8.0_101.jdk/Contents/Home/jre/lib/libnio.dylib
0x00000001231f0000 	/Library/Java/JavaVirtualMachines/jdk1.8.0_101.jdk/Contents/Home/jre/lib/libsunec.dylib
0x0000000126a20000 	/Library/Java/JavaVirtualMachines/jdk1.8.0_101.jdk/Contents/Home/jre/lib/libglib-lite.dylib
0x0000000126b41000 	/Library/Java/JavaVirtualMachines/jdk1.8.0_101.jdk/Contents/Home/jre/lib/libgstreamer-lite.dylib
0x0000000129041000 	/Library/Java/JavaVirtualMachines/jdk1.8.0_101.jdk/Contents/Home/jre/lib/libjfxmedia.dylib
0x000000012907c000 	/Library/Java/JavaVirtualMachines/jdk1.8.0_101.jdk/Contents/Home/jre/lib/libjfxmedia_avf.dylib
0x0000000014740000 	/System/Library/Frameworks/AVFoundation.framework/Versions/A/AVFoundation
0x0000000014740000 	/System/Library/Frameworks/AVFoundation.framework/Versions/A/Frameworks/AVFAudio.framework/Versions/A/AVFAudio
0x0000000014740000 	/System/Library/PrivateFrameworks/IntlPreferences.framework/Versions/A/IntlPreferences
0x0000000014740000 	/System/Library/Frameworks/CoreMediaIO.framework/Versions/A/CoreMediaIO
0x0000000014740000 	/System/Library/PrivateFrameworks/RemoteServiceDiscovery.framework/Versions/A/RemoteServiceDiscovery
0x0000000014740000 	/System/Library/PrivateFrameworks/RemoteXPC.framework/Versions/A/RemoteXPC
0x0000000014740000 	/System/Library/PrivateFrameworks/InternationalSupport.framework/Versions/A/InternationalSupport
0x00000001240c0000 	/Library/Java/JavaVirtualMachines/jdk1.8.0_101.jdk/Contents/Home/jre/lib/libjfxmedia_qtkit.dylib
0x0000000014740000 	/System/Library/Frameworks/QTKit.framework/Versions/A/QTKit
0x0000000014740000 	/System/Library/PrivateFrameworks/CoreMediaAuthoring.framework/Versions/A/CoreMediaAuthoring
0x000000012d540000 	/Library/Java/JavaVirtualMachines/jdk1.8.0_101.jdk/Contents/Home/jre/lib/libfxplugins.dylib
0x0000000014740000 	/System/Library/Frameworks/VideoDecodeAcceleration.framework/Versions/A/VideoDecodeAcceleration
0x0000000124505000 	/System/Library/Extensions/AppleHDA.kext/Contents/PlugIns/AppleHDAHALPlugIn.bundle/Contents/MacOS/AppleHDAHALPlugIn
0x000000012d5b0000 	/System/Library/Components/CoreAudio.component/Contents/MacOS/CoreAudio
0x000000012d7fa000 	/System/Library/Components/AudioCodecs.component/Contents/MacOS/AudioCodecs
0x0000000014740000 	/System/Library/PrivateFrameworks/AppleGVA.framework/Versions/A/AppleGVA
0x000000012deca000 	/System/Library/Extensions/AppleIntelBDWGraphicsVADriver.bundle/Contents/MacOS/AppleIntelBDWGraphicsVADriver
0x0000000123ee0000 	/System/Library/Extensions/AppleIntelBDWGraphicsVAME.bundle/Contents/MacOS/AppleIntelBDWGraphicsVAME
0x0000000014740000 	/usr/lib/libsystemstats.dylib

VM Arguments:
jvm_args: -javaagent:/Applications/IntelliJ IDEA.app/Contents/lib/idea_rt.jar=49797:/Applications/IntelliJ IDEA.app/Contents/bin -Dfile.encoding=UTF-8 
java_command: Vistas.sample.Main
java_class_path (initial): /Library/Java/JavaVirtualMachines/jdk1.8.0_101.jdk/Contents/Home/jre/lib/charsets.jar:/Library/Java/JavaVirtualMachines/jdk1.8.0_101.jdk/Contents/Home/jre/lib/deploy.jar:/Library/Java/JavaVirtualMachines/jdk1.8.0_101.jdk/Contents/Home/jre/lib/ext/cldrdata.jar:/Library/Java/JavaVirtualMachines/jdk1.8.0_101.jdk/Contents/Home/jre/lib/ext/dnsns.jar:/Library/Java/JavaVirtualMachines/jdk1.8.0_101.jdk/Contents/Home/jre/lib/ext/jaccess.jar:/Library/Java/JavaVirtualMachines/jdk1.8.0_101.jdk/Contents/Home/jre/lib/ext/jfxrt.jar:/Library/Java/JavaVirtualMachines/jdk1.8.0_101.jdk/Contents/Home/jre/lib/ext/localedata.jar:/Library/Java/JavaVirtualMachines/jdk1.8.0_101.jdk/Contents/Home/jre/lib/ext/nashorn.jar:/Library/Java/JavaVirtualMachines/jdk1.8.0_101.jdk/Contents/Home/jre/lib/ext/sunec.jar:/Library/Java/JavaVirtualMachines/jdk1.8.0_101.jdk/Contents/Home/jre/lib/ext/sunjce_provider.jar:/Library/Java/JavaVirtualMachines/jdk1.8.0_101.jdk/Contents/Home/jre/lib/ext/sunpkcs11.jar:/Library/Java/JavaVirtualMachines/jdk1.8.0_101.jdk/Contents/Home/jre/lib/ext/zipfs.jar:/Library/Java/JavaVirtualMachines/jdk1.8.0_101.jdk/Contents/Home/jre/lib/javaws.jar:/Library/Java/JavaVirtualMachines/jdk1.8.0_101.jdk/Contents/Home/jre/lib/jce.jar:/Library/Java/JavaVirtualMachines/jdk1.8.0_101.jdk/Contents/Home/jre/lib/jfr.jar:/Library/Java/JavaVirtualMachines/jdk1.8.0_101.jdk/Contents/Home/jre/lib/jfxswt.jar:/Library/Java/JavaVirtualMachines/jdk1.8.0_101.jdk/Contents/Home/jre/lib/jsse.jar:/Library/Java/JavaVirtualMachines/jdk1.8.0_101.jdk/Contents/Home/jre/lib/management-agent.jar:/Library/Java/JavaVirtualMachines/jdk1.8.0_101.jdk/Contents/Home/jre/lib/plugin.jar:/Library/Java/JavaVirtualMachines/jdk1.8.0_101.jdk/Contents/Home/jre/lib/resources.jar:/Library/Java/JavaVirtualMachines/jdk1.8.0_101.jdk/Contents/Home/jre/lib/rt.jar:/Library/Java/JavaVirtualMachines/jdk1.8.0_101.jdk/Contents/Home/lib/ant-javafx.jar:/Library/Java/JavaVirtualMachines/jdk1.8.0_101.jdk/Contents/Home
Launcher Type: SUN_STANDARD

Environment Variables:
PATH=/Library/Frameworks/Python.framework/Versions/2.7/bin:/usr/local/bin:/usr/bin:/bin:/usr/sbin:/sbin:/Library/TeX/texbin:/opt/X11/bin:/Applications/Wireshark.app/Contents/MacOS
SHELL=/bin/bash
DISPLAY=/private/tmp/com.apple.launchd.JdQLtdrI2A/org.macosforge.xquartz:0

Signal Handlers:
SIGSEGV: [libjvm.dylib+0x5af145], sa_mask[0]=11111111011111110111111111111111, sa_flags=SA_ONSTACK|SA_RESTART|SA_SIGINFO
SIGBUS: [libjvm.dylib+0x5af145], sa_mask[0]=11111111011111110111111111111111, sa_flags=SA_RESTART|SA_SIGINFO
SIGFPE: [libjvm.dylib+0x48694c], sa_mask[0]=11111111011111110111111111111111, sa_flags=SA_RESTART|SA_SIGINFO
SIGPIPE: [libjvm.dylib+0x48694c], sa_mask[0]=11111111011111110111111111111111, sa_flags=SA_RESTART|SA_SIGINFO
SIGXFSZ: [libjvm.dylib+0x48694c], sa_mask[0]=11111111011111110111111111111111, sa_flags=SA_RESTART|SA_SIGINFO
SIGILL: [libjvm.dylib+0x48694c], sa_mask[0]=11111111011111110111111111111111, sa_flags=SA_RESTART|SA_SIGINFO
SIGUSR1: SIG_DFL, sa_mask[0]=00000000000000000000000000000000, sa_flags=none
SIGUSR2: [libjvm.dylib+0x48646a], sa_mask[0]=00100000000000000000000000000000, sa_flags=SA_RESTART|SA_SIGINFO
SIGHUP: [libjvm.dylib+0x484a41], sa_mask[0]=11111111011111110111111111111111, sa_flags=SA_RESTART|SA_SIGINFO
SIGINT: [libjvm.dylib+0x484a41], sa_mask[0]=11111111011111110111111111111111, sa_flags=SA_RESTART|SA_SIGINFO
SIGTERM: [libjvm.dylib+0x484a41], sa_mask[0]=11111111011111110111111111111111, sa_flags=SA_RESTART|SA_SIGINFO
SIGQUIT: [libjvm.dylib+0x484a41], sa_mask[0]=11111111011111110111111111111111, sa_flags=SA_RESTART|SA_SIGINFO


---------------  S Y S T E M  ---------------

OS:Bsduname:Darwin 17.7.0 Darwin Kernel Version 17.7.0: Thu Jun 21 22:53:14 PDT 2018; root:xnu-4570.71.2~1/RELEASE_X86_64 x86_64
rlimit: STACK 8192k, CORE 0k, NPROC 709, NOFILE 10240, AS infinity
load average:2.47 2.34 2.54

CPU:total 4 (2 cores per cpu, 2 threads per core) family 6 model 61 stepping 4, cmov, cx8, fxsr, mmx, sse, sse2, sse3, ssse3, sse4.1, sse4.2, popcnt, avx, avx2, aes, clmul, erms, 3dnowpref, lzcnt, ht, tsc, tscinvbit, bmi1, bmi2, adx

Memory: 4k page, physical 8388608k(770568k free)

/proc/meminfo:


vm_info: Java HotSpot(TM) 64-Bit Server VM (25.101-b13) for bsd-amd64 JRE (1.8.0_101-b13), built on Jun 22 2016 02:42:15 by "java_re" with gcc 4.2.1 (Based on Apple Inc. build 5658) (LLVM build 2336.11.00)

time: Thu Jan 31 13:52:35 2019
elapsed time: 78 seconds (0d 0h 1m 18s)

